SF:C:\Users\luigi\College\Spring 2023\Capstone\EricGrandizio\rge\src\engine.rs
FN:124,_RINvMs_NtCs9qctE1usXxK_3rge6engineNtB5_10GameEngine15try_write_stateppEB7_
FN:277,_RNCNvMs1_NtCs9qctE1usXxK_3rge6engineNtB7_10GameEngine13update_threads0_0B9_
FN:108,_RINvMs_NtCs9qctE1usXxK_3rge6engineNtB5_10GameEngine11write_stateuNCNvMs1_B5_Bw_13update_threads_0EB7_
FN:108,_RINvMs_NtCs9qctE1usXxK_3rge6engineNtB5_10GameEngine11write_stateuNCNvXs0_B5_Bw_NtNtNtCsflbUU710Hyp_3wyn5win326events12EventHandler5start0EB7_
FN:115,_RINvMs_NtCs9qctE1usXxK_3rge6engineNtB5_10GameEngine10read_stateuNCNvXs0_B5_Bw_NtNtNtCsflbUU710Hyp_3wyn5win326events12EventHandler5starts_0EB7_
FN:192,_RNCNvXs0_NtCs9qctE1usXxK_3rge6engineNtB7_10GameEngineNtNtNtCsflbUU710Hyp_3wyn5win326events12EventHandler17window_reposition0B9_
FN:268,_RNCNvMs1_NtCs9qctE1usXxK_3rge6engineNtB7_10GameEngine13update_thread0B9_
FN:108,_RINvMs_NtCs9qctE1usXxK_3rge6engineNtB5_10GameEngine11write_statebNCNvMs1_B5_Bw_13update_threads0_0EB7_
FN:170,_RNCNvXs0_NtCs9qctE1usXxK_3rge6engineNtB7_10GameEngineNtNtNtCsflbUU710Hyp_3wyn5win326events12EventHandler5starts_0B9_
FN:238,_RNCNvXs0_NtCs9qctE1usXxK_3rge6engineNtB7_10GameEngineNtNtNtCsflbUU710Hyp_3wyn5win326events12EventHandler12window_close0B9_
FN:161,_RNCNvXs0_NtCs9qctE1usXxK_3rge6engineNtB7_10GameEngineNtNtNtCsflbUU710Hyp_3wyn5win326events12EventHandler5start0B9_
FN:108,_RINvMs_NtCs9qctE1usXxK_3rge6engineNtB5_10GameEngine11write_stateINtNtCs1RoSZkFyxqL_4core6option6OptionNtNtNtCsflbUU710Hyp_3wyn5win326window6WindowENCNvB2_14start_shutdown0EB7_
FN:115,_RINvMs_NtCs9qctE1usXxK_3rge6engineNtB5_10GameEngine10read_stateuNCNvXs0_B5_Bw_NtNtNtCsflbUU710Hyp_3wyn5win326events12EventHandler17window_reposition0EB7_
FN:270,_RNCNvMs1_NtCs9qctE1usXxK_3rge6engineNtB7_10GameEngine13update_threads_0B9_
FN:108,_RINvMs_NtCs9qctE1usXxK_3rge6engineNtB5_10GameEngine11write_stateTbbENCNvXs0_B5_Bw_NtNtNtCsflbUU710Hyp_3wyn5win326events12EventHandler13window_redraw0EB7_
FN:108,_RINvMs_NtCs9qctE1usXxK_3rge6engineNtB5_10GameEngine11write_statebNCNvXs0_B5_Bw_NtNtNtCsflbUU710Hyp_3wyn5win326events12EventHandler12window_close0EB7_
FN:108,_RINvMs_NtCs9qctE1usXxK_3rge6engineNtB5_10GameEngine11write_stateTbNtNtCs4shZNHyK4px_3std4time7InstantENCNvMs1_B5_Bw_13update_threads1_0EB7_
FN:258,_RNCNvMs1_NtCs9qctE1usXxK_3rge6engineNtB7_10GameEngine3run0B9_
FN:142,_RNCNvMs_NtCs9qctE1usXxK_3rge6engineNtB6_10GameEngine14start_shutdown0B8_
FN:295,_RNCNvMs1_NtCs9qctE1usXxK_3rge6engineNtB7_10GameEngine13update_threads1_0B9_
FN:259,_RNCNCNvMs1_NtCs9qctE1usXxK_3rge6engineNtB9_10GameEngine3run00Bb_
FN:202,_RNCNvXs0_NtCs9qctE1usXxK_3rge6engineNtB7_10GameEngineNtNtNtCsflbUU710Hyp_3wyn5win326events12EventHandler13window_redraw0B9_
FN:316,_RNvNtCs9qctE1usXxK_3rge6engine12write_window
FN:327,_RNvNtCs9qctE1usXxK_3rge6engine11read_window
FN:338,_RNvMs2_NtCs9qctE1usXxK_3rge6engineNtB5_11EngineState15internal_update
FN:158,_RNvXs0_NtCs9qctE1usXxK_3rge6engineNtB5_10GameEngineNtNtNtCsflbUU710Hyp_3wyn5win326events12EventHandler5start
FN:190,_RNvXs0_NtCs9qctE1usXxK_3rge6engineNtB5_10GameEngineNtNtNtCsflbUU710Hyp_3wyn5win326events12EventHandler17window_reposition
FN:255,_RNvMs1_NtCs9qctE1usXxK_3rge6engineNtB5_10GameEngine3run
FN:360,_RNvMs2_NtCs9qctE1usXxK_3rge6engineNtB5_11EngineState15internal_render
FN:78,_RNvMs_NtCs9qctE1usXxK_3rge6engineNtB4_10GameEngine3new
FN:200,_RNvXs0_NtCs9qctE1usXxK_3rge6engineNtB5_10GameEngineNtNtNtCsflbUU710Hyp_3wyn5win326events12EventHandler13window_redraw
FN:236,_RNvXs0_NtCs9qctE1usXxK_3rge6engineNtB5_10GameEngineNtNtNtCsflbUU710Hyp_3wyn5win326events12EventHandler12window_close
FN:141,_RNvMs_NtCs9qctE1usXxK_3rge6engineNtB4_10GameEngine14start_shutdown
FN:186,_RNvXs0_NtCs9qctE1usXxK_3rge6engineNtB5_10GameEngineNtNtNtCsflbUU710Hyp_3wyn5win326events12EventHandler4stop
FN:266,_RNvMs1_NtCs9qctE1usXxK_3rge6engineNtB5_10GameEngine13update_thread
FN:192,_RNCNvXs0_NtCs1YgDX5wDG7F_3rge6engineNtB7_10GameEngineNtNtNtCsflbUU710Hyp_3wyn5win326events12EventHandler17window_reposition0B9_
FN:266,_RNvMs1_NtCs1YgDX5wDG7F_3rge6engineNtB5_10GameEngine13update_thread
FN:115,_RINvMs_NtCs1YgDX5wDG7F_3rge6engineNtB5_10GameEngine10read_stateppEB7_
FN:338,_RNvMs2_NtCs1YgDX5wDG7F_3rge6engineNtB5_11EngineState15internal_update
FN:202,_RNCNvXs0_NtCs1YgDX5wDG7F_3rge6engineNtB7_10GameEngineNtNtNtCsflbUU710Hyp_3wyn5win326events12EventHandler13window_redraw0B9_
FN:142,_RNCNvMs_NtCs1YgDX5wDG7F_3rge6engineNtB6_10GameEngine14start_shutdown0B8_
FN:161,_RNCNvXs0_NtCs1YgDX5wDG7F_3rge6engineNtB7_10GameEngineNtNtNtCsflbUU710Hyp_3wyn5win326events12EventHandler5start0B9_
FN:277,_RNCNvMs1_NtCs1YgDX5wDG7F_3rge6engineNtB7_10GameEngine13update_threads0_0B9_
FN:124,_RINvMs_NtCs1YgDX5wDG7F_3rge6engineNtB5_10GameEngine15try_write_stateppEB7_
FN:158,_RNvXs0_NtCs1YgDX5wDG7F_3rge6engineNtB5_10GameEngineNtNtNtCsflbUU710Hyp_3wyn5win326events12EventHandler5start
FN:360,_RNvMs2_NtCs1YgDX5wDG7F_3rge6engineNtB5_11EngineState15internal_render
FN:295,_RNCNvMs1_NtCs1YgDX5wDG7F_3rge6engineNtB7_10GameEngine13update_threads1_0B9_
FN:141,_RNvMs_NtCs1YgDX5wDG7F_3rge6engineNtB4_10GameEngine14start_shutdown
FN:78,_RNvMs_NtCs1YgDX5wDG7F_3rge6engineNtB4_10GameEngine3new
FN:108,_RINvMs_NtCs1YgDX5wDG7F_3rge6engineNtB5_10GameEngine11write_stateppEB7_
FN:258,_RNCNvMs1_NtCs1YgDX5wDG7F_3rge6engineNtB7_10GameEngine3run0B9_
FN:268,_RNCNvMs1_NtCs1YgDX5wDG7F_3rge6engineNtB7_10GameEngine13update_thread0B9_
FN:190,_RNvXs0_NtCs1YgDX5wDG7F_3rge6engineNtB5_10GameEngineNtNtNtCsflbUU710Hyp_3wyn5win326events12EventHandler17window_reposition
FN:186,_RNvXs0_NtCs1YgDX5wDG7F_3rge6engineNtB5_10GameEngineNtNtNtCsflbUU710Hyp_3wyn5win326events12EventHandler4stop
FN:316,_RNvNtCs1YgDX5wDG7F_3rge6engine12write_window
FN:236,_RNvXs0_NtCs1YgDX5wDG7F_3rge6engineNtB5_10GameEngineNtNtNtCsflbUU710Hyp_3wyn5win326events12EventHandler12window_close
FN:238,_RNCNvXs0_NtCs1YgDX5wDG7F_3rge6engineNtB7_10GameEngineNtNtNtCsflbUU710Hyp_3wyn5win326events12EventHandler12window_close0B9_
FN:259,_RNCNCNvMs1_NtCs1YgDX5wDG7F_3rge6engineNtB9_10GameEngine3run00Bb_
FN:270,_RNCNvMs1_NtCs1YgDX5wDG7F_3rge6engineNtB7_10GameEngine13update_threads_0B9_
FN:200,_RNvXs0_NtCs1YgDX5wDG7F_3rge6engineNtB5_10GameEngineNtNtNtCsflbUU710Hyp_3wyn5win326events12EventHandler13window_redraw
FN:255,_RNvMs1_NtCs1YgDX5wDG7F_3rge6engineNtB5_10GameEngine3run
FN:327,_RNvNtCs1YgDX5wDG7F_3rge6engine11read_window
FN:170,_RNCNvXs0_NtCs1YgDX5wDG7F_3rge6engineNtB7_10GameEngineNtNtNtCsflbUU710Hyp_3wyn5win326events12EventHandler5starts_0B9_
FNDA:0,_RINvMs_NtCs9qctE1usXxK_3rge6engineNtB5_10GameEngine15try_write_stateppEB7_
FNDA:2752,_RNCNvMs1_NtCs9qctE1usXxK_3rge6engineNtB7_10GameEngine13update_threads0_0B9_
FNDA:1,_RINvMs_NtCs9qctE1usXxK_3rge6engineNtB5_10GameEngine11write_stateuNCNvMs1_B5_Bw_13update_threads_0EB7_
FNDA:1,_RINvMs_NtCs9qctE1usXxK_3rge6engineNtB5_10GameEngine11write_stateuNCNvXs0_B5_Bw_NtNtNtCsflbUU710Hyp_3wyn5win326events12EventHandler5start0EB7_
FNDA:1,_RINvMs_NtCs9qctE1usXxK_3rge6engineNtB5_10GameEngine10read_stateuNCNvXs0_B5_Bw_NtNtNtCsflbUU710Hyp_3wyn5win326events12EventHandler5starts_0EB7_
FNDA:322,_RNCNvXs0_NtCs9qctE1usXxK_3rge6engineNtB7_10GameEngineNtNtNtCsflbUU710Hyp_3wyn5win326events12EventHandler17window_reposition0B9_
FNDA:1,_RNCNvMs1_NtCs9qctE1usXxK_3rge6engineNtB7_10GameEngine13update_thread0B9_
FNDA:2752,_RINvMs_NtCs9qctE1usXxK_3rge6engineNtB5_10GameEngine11write_statebNCNvMs1_B5_Bw_13update_threads0_0EB7_
FNDA:1,_RNCNvXs0_NtCs9qctE1usXxK_3rge6engineNtB7_10GameEngineNtNtNtCsflbUU710Hyp_3wyn5win326events12EventHandler5starts_0B9_
FNDA:1,_RNCNvXs0_NtCs9qctE1usXxK_3rge6engineNtB7_10GameEngineNtNtNtCsflbUU710Hyp_3wyn5win326events12EventHandler12window_close0B9_
FNDA:1,_RNCNvXs0_NtCs9qctE1usXxK_3rge6engineNtB7_10GameEngineNtNtNtCsflbUU710Hyp_3wyn5win326events12EventHandler5start0B9_
FNDA:3,_RINvMs_NtCs9qctE1usXxK_3rge6engineNtB5_10GameEngine11write_stateINtNtCs1RoSZkFyxqL_4core6option6OptionNtNtNtCsflbUU710Hyp_3wyn5win326window6WindowENCNvB2_14start_shutdown0EB7_
FNDA:323,_RINvMs_NtCs9qctE1usXxK_3rge6engineNtB5_10GameEngine10read_stateuNCNvXs0_B5_Bw_NtNtNtCsflbUU710Hyp_3wyn5win326events12EventHandler17window_reposition0EB7_
FNDA:1,_RNCNvMs1_NtCs9qctE1usXxK_3rge6engineNtB7_10GameEngine13update_threads_0B9_
FNDA:1773,_RINvMs_NtCs9qctE1usXxK_3rge6engineNtB5_10GameEngine11write_stateTbbENCNvXs0_B5_Bw_NtNtNtCsflbUU710Hyp_3wyn5win326events12EventHandler13window_redraw0EB7_
FNDA:2,_RINvMs_NtCs9qctE1usXxK_3rge6engineNtB5_10GameEngine11write_statebNCNvXs0_B5_Bw_NtNtNtCsflbUU710Hyp_3wyn5win326events12EventHandler12window_close0EB7_
FNDA:2752,_RINvMs_NtCs9qctE1usXxK_3rge6engineNtB5_10GameEngine11write_stateTbNtNtCs4shZNHyK4px_3std4time7InstantENCNvMs1_B5_Bw_13update_threads1_0EB7_
FNDA:1,_RNCNvMs1_NtCs9qctE1usXxK_3rge6engineNtB7_10GameEngine3run0B9_
FNDA:1,_RNCNvMs_NtCs9qctE1usXxK_3rge6engineNtB6_10GameEngine14start_shutdown0B8_
FNDA:2752,_RNCNvMs1_NtCs9qctE1usXxK_3rge6engineNtB7_10GameEngine13update_threads1_0B9_
FNDA:1,_RNCNCNvMs1_NtCs9qctE1usXxK_3rge6engineNtB9_10GameEngine3run00Bb_
FNDA:1773,_RNCNvXs0_NtCs9qctE1usXxK_3rge6engineNtB7_10GameEngineNtNtNtCsflbUU710Hyp_3wyn5win326events12EventHandler13window_redraw0B9_
FNDA:1774,_RNvNtCs9qctE1usXxK_3rge6engine12write_window
FNDA:1773,_RNvNtCs9qctE1usXxK_3rge6engine11read_window
FNDA:2752,_RNvMs2_NtCs9qctE1usXxK_3rge6engineNtB5_11EngineState15internal_update
FNDA:1,_RNvXs0_NtCs9qctE1usXxK_3rge6engineNtB5_10GameEngineNtNtNtCsflbUU710Hyp_3wyn5win326events12EventHandler5start
FNDA:323,_RNvXs0_NtCs9qctE1usXxK_3rge6engineNtB5_10GameEngineNtNtNtCsflbUU710Hyp_3wyn5win326events12EventHandler17window_reposition
FNDA:1,_RNvMs1_NtCs9qctE1usXxK_3rge6engineNtB5_10GameEngine3run
FNDA:1773,_RNvMs2_NtCs9qctE1usXxK_3rge6engineNtB5_11EngineState15internal_render
FNDA:1,_RNvMs_NtCs9qctE1usXxK_3rge6engineNtB4_10GameEngine3new
FNDA:1773,_RNvXs0_NtCs9qctE1usXxK_3rge6engineNtB5_10GameEngineNtNtNtCsflbUU710Hyp_3wyn5win326events12EventHandler13window_redraw
FNDA:2,_RNvXs0_NtCs9qctE1usXxK_3rge6engineNtB5_10GameEngineNtNtNtCsflbUU710Hyp_3wyn5win326events12EventHandler12window_close
FNDA:1,_RNvMs_NtCs9qctE1usXxK_3rge6engineNtB4_10GameEngine14start_shutdown
FNDA:1,_RNvXs0_NtCs9qctE1usXxK_3rge6engineNtB5_10GameEngineNtNtNtCsflbUU710Hyp_3wyn5win326events12EventHandler4stop
FNDA:1,_RNvMs1_NtCs9qctE1usXxK_3rge6engineNtB5_10GameEngine13update_thread
FNDA:0,_RNCNvXs0_NtCs1YgDX5wDG7F_3rge6engineNtB7_10GameEngineNtNtNtCsflbUU710Hyp_3wyn5win326events12EventHandler17window_reposition0B9_
FNDA:0,_RNvMs1_NtCs1YgDX5wDG7F_3rge6engineNtB5_10GameEngine13update_thread
FNDA:0,_RINvMs_NtCs1YgDX5wDG7F_3rge6engineNtB5_10GameEngine10read_stateppEB7_
FNDA:0,_RNvMs2_NtCs1YgDX5wDG7F_3rge6engineNtB5_11EngineState15internal_update
FNDA:0,_RNCNvXs0_NtCs1YgDX5wDG7F_3rge6engineNtB7_10GameEngineNtNtNtCsflbUU710Hyp_3wyn5win326events12EventHandler13window_redraw0B9_
FNDA:0,_RNCNvMs_NtCs1YgDX5wDG7F_3rge6engineNtB6_10GameEngine14start_shutdown0B8_
FNDA:0,_RNCNvXs0_NtCs1YgDX5wDG7F_3rge6engineNtB7_10GameEngineNtNtNtCsflbUU710Hyp_3wyn5win326events12EventHandler5start0B9_
FNDA:0,_RNCNvMs1_NtCs1YgDX5wDG7F_3rge6engineNtB7_10GameEngine13update_threads0_0B9_
FNDA:0,_RINvMs_NtCs1YgDX5wDG7F_3rge6engineNtB5_10GameEngine15try_write_stateppEB7_
FNDA:0,_RNvXs0_NtCs1YgDX5wDG7F_3rge6engineNtB5_10GameEngineNtNtNtCsflbUU710Hyp_3wyn5win326events12EventHandler5start
FNDA:0,_RNvMs2_NtCs1YgDX5wDG7F_3rge6engineNtB5_11EngineState15internal_render
FNDA:0,_RNCNvMs1_NtCs1YgDX5wDG7F_3rge6engineNtB7_10GameEngine13update_threads1_0B9_
FNDA:0,_RNvMs_NtCs1YgDX5wDG7F_3rge6engineNtB4_10GameEngine14start_shutdown
FNDA:0,_RNvMs_NtCs1YgDX5wDG7F_3rge6engineNtB4_10GameEngine3new
FNDA:0,_RINvMs_NtCs1YgDX5wDG7F_3rge6engineNtB5_10GameEngine11write_stateppEB7_
FNDA:0,_RNCNvMs1_NtCs1YgDX5wDG7F_3rge6engineNtB7_10GameEngine3run0B9_
FNDA:0,_RNCNvMs1_NtCs1YgDX5wDG7F_3rge6engineNtB7_10GameEngine13update_thread0B9_
FNDA:0,_RNvXs0_NtCs1YgDX5wDG7F_3rge6engineNtB5_10GameEngineNtNtNtCsflbUU710Hyp_3wyn5win326events12EventHandler17window_reposition
FNDA:0,_RNvXs0_NtCs1YgDX5wDG7F_3rge6engineNtB5_10GameEngineNtNtNtCsflbUU710Hyp_3wyn5win326events12EventHandler4stop
FNDA:0,_RNvNtCs1YgDX5wDG7F_3rge6engine12write_window
FNDA:0,_RNvXs0_NtCs1YgDX5wDG7F_3rge6engineNtB5_10GameEngineNtNtNtCsflbUU710Hyp_3wyn5win326events12EventHandler12window_close
FNDA:0,_RNCNvXs0_NtCs1YgDX5wDG7F_3rge6engineNtB7_10GameEngineNtNtNtCsflbUU710Hyp_3wyn5win326events12EventHandler12window_close0B9_
FNDA:0,_RNCNCNvMs1_NtCs1YgDX5wDG7F_3rge6engineNtB9_10GameEngine3run00Bb_
FNDA:0,_RNCNvMs1_NtCs1YgDX5wDG7F_3rge6engineNtB7_10GameEngine13update_threads_0B9_
FNDA:0,_RNvXs0_NtCs1YgDX5wDG7F_3rge6engineNtB5_10GameEngineNtNtNtCsflbUU710Hyp_3wyn5win326events12EventHandler13window_redraw
FNDA:0,_RNvMs1_NtCs1YgDX5wDG7F_3rge6engineNtB5_10GameEngine3run
FNDA:0,_RNvNtCs1YgDX5wDG7F_3rge6engine11read_window
FNDA:0,_RNCNvXs0_NtCs1YgDX5wDG7F_3rge6engineNtB7_10GameEngineNtNtNtCsflbUU710Hyp_3wyn5win326events12EventHandler5starts_0B9_
FNF:28
FNH:27
DA:78,1
DA:79,1
DA:80,1
DA:81,1
DA:82,1
DA:83,1
DA:84,1
DA:85,1
DA:86,1
DA:87,1
DA:88,1
DA:89,1
DA:90,1
DA:91,1
DA:92,1
DA:93,1
DA:94,1
DA:95,1
DA:96,1
DA:97,1
DA:98,1
DA:99,1
DA:100,1
DA:101,1
DA:102,1
DA:103,1
DA:108,7284
DA:109,7284
DA:110,7284
DA:111,7284
DA:112,7284
DA:115,324
DA:116,324
DA:117,324
DA:118,324
DA:119,324
DA:120,324
DA:124,0
DA:125,0
DA:126,0
DA:127,0
DA:128,0
DA:129,0
DA:130,0
DA:131,0
DA:133,0
DA:135,0
DA:141,3
DA:142,3
DA:143,1
DA:144,1
DA:146,2
DA:148,3
DA:149,1
DA:150,1
DA:151,2
DA:152,3
DA:158,1
DA:159,1
DA:160,1
DA:161,1
DA:162,1
DA:163,1
DA:164,1
DA:165,1
DA:166,1
DA:167,1
DA:168,1
DA:169,1
DA:170,1
DA:171,1
DA:172,1
DA:173,1
DA:174,1
DA:175,1
DA:176,1
DA:177,1
DA:178,1
DA:179,1
DA:180,1
DA:181,1
DA:182,1
DA:183,1
DA:184,1
DA:186,1
DA:187,1
DA:188,1
DA:190,323
DA:191,323
DA:192,323
DA:193,322
DA:194,322
DA:195,322
DA:196,1
DA:197,323
DA:198,323
DA:200,1773
DA:201,1773
DA:202,1773
DA:203,1773
DA:204,0
DA:205,1773
DA:207,0
DA:210,1773
DA:211,1773
DA:212,1773
DA:213,1773
DA:214,1773
DA:217,1773
DA:218,1773
DA:219,1773
DA:220,1773
DA:221,1773
DA:224,1773
DA:225,1773
DA:226,1773
DA:227,1773
DA:228,0
DA:229,1773
DA:231,1773
DA:232,0
DA:233,1773
DA:234,1773
DA:236,2
DA:237,2
DA:238,2
DA:239,1
DA:241,1
DA:243,2
DA:244,2
DA:245,2
DA:246,1
DA:247,1
DA:248,2
DA:255,1
DA:256,1
DA:257,1
DA:258,1
DA:259,1
DA:260,1
DA:261,1
DA:262,1
DA:263,1
DA:266,1
DA:267,1
DA:268,1
DA:269,1
DA:270,1
DA:271,1
DA:272,1
DA:273,1
DA:275,2752
DA:277,2752
DA:278,2752
DA:279,0
DA:280,0
DA:281,0
DA:283,0
DA:286,2752
DA:288,2752
DA:289,2752
DA:290,2752
DA:291,0
DA:292,2752
DA:295,2752
DA:296,2752
DA:297,2752
DA:298,2752
DA:299,2752
DA:300,2752
DA:301,2752
DA:302,2752
DA:303,2752
DA:304,2752
DA:305,1
DA:306,2751
DA:307,2751
DA:308,2751
DA:310,1
DA:316,1774
DA:317,1774
DA:318,1774
DA:319,1774
DA:320,1774
DA:321,1774
DA:322,1774
DA:323,1774
DA:324,1774
DA:327,1773
DA:328,1773
DA:329,1773
DA:330,1773
DA:331,1773
DA:338,2752
DA:339,2752
DA:340,1
DA:341,2751
DA:342,2751
DA:343,2751
DA:344,2751
DA:345,2751
DA:346,2751
DA:347,2751
DA:348,0
DA:349,2751
DA:351,2751
DA:352,2751
DA:353,2751
DA:355,2751
DA:356,2752
DA:360,1773
DA:361,1773
DA:362,0
DA:363,1773
DA:364,1773
DA:365,1773
DA:366,0
DA:367,1773
DA:371,1773
DA:373,0
DA:376,1773
DA:378,0
DA:381,1773
DA:382,1773
DA:383,1773
DA:384,1773
DA:385,1773
DA:386,1773
DA:387,1773
DA:388,1773
DA:389,1773
DA:390,1773
DA:391,1773
DA:392,1773
DA:393,1773
DA:394,1773
DA:395,1773
DA:396,1773
DA:397,1773
DA:398,1773
DA:399,1773
DA:400,1773
DA:401,1773
BRF:0
BRH:0
LF:260
LH:236
end_of_record
SF:C:\Users\luigi\College\Spring 2023\Capstone\EricGrandizio\rge\src\lib.rs
FN:1,_RNvCs1YgDX5wDG7F_3rge4main
FNDA:2,_RNvCs1YgDX5wDG7F_3rge4main
FNF:1
FNH:1
DA:1,2
BRF:0
BRH:0
LF:1
LH:1
end_of_record
SF:C:\Users\luigi\College\Spring 2023\Capstone\EricGrandizio\rge\src\settings.rs
FN:36,_RNvXs2_NtCs9qctE1usXxK_3rge8settingsNtB5_14WindowSettingsNtNtCs1RoSZkFyxqL_4core5clone5Clone5cloneB7_
FN:18,_RNvXs_NtCs9qctE1usXxK_3rge8settingsNtB4_18GameEngineSettingsNtNtCs1RoSZkFyxqL_4core5clone5Clone5cloneB6_
FN:45,_RNvXs5_NtCs9qctE1usXxK_3rge8settingsNtB5_14RenderSettingsNtNtCs1RoSZkFyxqL_4core5clone5Clone5cloneB7_
FN:45,_RNvXs7_NtCs9qctE1usXxK_3rge8settingsNtB5_14RenderSettingsNtNtCs1RoSZkFyxqL_4core3fmt5Debug3fmt
FN:153,_RNvMNtCs9qctE1usXxK_3rge8settingsNtB2_14RenderSettings14triangle_strip
FN:118,_RNvMNtCs9qctE1usXxK_3rge8settingsNtB2_14RenderSettings5point
FN:137,_RNvMNtCs9qctE1usXxK_3rge8settingsNtB2_14RenderSettings10line_strip
FN:169,_RNvMNtCs9qctE1usXxK_3rge8settingsNtB2_14RenderSettings12triangle_fan
FN:36,_RNvXs3_NtCs9qctE1usXxK_3rge8settingsNtB5_14WindowSettingsNtNtCs1RoSZkFyxqL_4core7default7Default7defaultB7_
FN:100,_RNvMNtCs9qctE1usXxK_3rge8settingsNtB2_14RenderSettings5clear
FN:18,_RNvXs1_NtCs9qctE1usXxK_3rge8settingsNtB5_18GameEngineSettingsNtNtCs1RoSZkFyxqL_4core3fmt5Debug3fmt
FN:36,_RNvXs4_NtCs9qctE1usXxK_3rge8settingsNtB5_14WindowSettingsNtNtCs1RoSZkFyxqL_4core3fmt5Debug3fmt
FN:45,_RNvXs6_NtCs9qctE1usXxK_3rge8settingsNtB5_14RenderSettingsNtNtCs1RoSZkFyxqL_4core7default7Default7defaultB7_
FN:123,_RNvMNtCs9qctE1usXxK_3rge8settingsNtB2_14RenderSettings4line
FN:130,_RNvMNtCs9qctE1usXxK_3rge8settingsNtB2_14RenderSettings8triangle
FN:169,_RNvMNtCs1YgDX5wDG7F_3rge8settingsNtB2_14RenderSettings12triangle_fan
FN:18,_RNvXs1_NtCs1YgDX5wDG7F_3rge8settingsNtB5_18GameEngineSettingsNtNtCs1RoSZkFyxqL_4core3fmt5Debug3fmt
FN:36,_RNvXs2_NtCs1YgDX5wDG7F_3rge8settingsNtB5_14WindowSettingsNtNtCs1RoSZkFyxqL_4core5clone5Clone5cloneB7_
FN:153,_RNvMNtCs1YgDX5wDG7F_3rge8settingsNtB2_14RenderSettings14triangle_strip
FN:123,_RNvMNtCs1YgDX5wDG7F_3rge8settingsNtB2_14RenderSettings4line
FN:18,_RNvXs_NtCs1YgDX5wDG7F_3rge8settingsNtB4_18GameEngineSettingsNtNtCs1RoSZkFyxqL_4core5clone5Clone5cloneB6_
FN:45,_RNvXs7_NtCs1YgDX5wDG7F_3rge8settingsNtB5_14RenderSettingsNtNtCs1RoSZkFyxqL_4core3fmt5Debug3fmt
FN:118,_RNvMNtCs1YgDX5wDG7F_3rge8settingsNtB2_14RenderSettings5point
FN:137,_RNvMNtCs1YgDX5wDG7F_3rge8settingsNtB2_14RenderSettings10line_strip
FN:45,_RNvXs5_NtCs1YgDX5wDG7F_3rge8settingsNtB5_14RenderSettingsNtNtCs1RoSZkFyxqL_4core5clone5Clone5cloneB7_
FN:36,_RNvXs4_NtCs1YgDX5wDG7F_3rge8settingsNtB5_14WindowSettingsNtNtCs1RoSZkFyxqL_4core3fmt5Debug3fmt
FN:100,_RNvMNtCs1YgDX5wDG7F_3rge8settingsNtB2_14RenderSettings5clear
FN:130,_RNvMNtCs1YgDX5wDG7F_3rge8settingsNtB2_14RenderSettings8triangle
FN:45,_RNvXs6_NtCs1YgDX5wDG7F_3rge8settingsNtB5_14RenderSettingsNtNtCs1RoSZkFyxqL_4core7default7Default7defaultB7_
FN:36,_RNvXs3_NtCs1YgDX5wDG7F_3rge8settingsNtB5_14WindowSettingsNtNtCs1RoSZkFyxqL_4core7default7Default7defaultB7_
FNDA:0,_RNvXs2_NtCs9qctE1usXxK_3rge8settingsNtB5_14WindowSettingsNtNtCs1RoSZkFyxqL_4core5clone5Clone5cloneB7_
FNDA:0,_RNvXs_NtCs9qctE1usXxK_3rge8settingsNtB4_18GameEngineSettingsNtNtCs1RoSZkFyxqL_4core5clone5Clone5cloneB6_
FNDA:0,_RNvXs5_NtCs9qctE1usXxK_3rge8settingsNtB5_14RenderSettingsNtNtCs1RoSZkFyxqL_4core5clone5Clone5cloneB7_
FNDA:0,_RNvXs7_NtCs9qctE1usXxK_3rge8settingsNtB5_14RenderSettingsNtNtCs1RoSZkFyxqL_4core3fmt5Debug3fmt
FNDA:5319,_RNvMNtCs9qctE1usXxK_3rge8settingsNtB2_14RenderSettings14triangle_strip
FNDA:15957,_RNvMNtCs9qctE1usXxK_3rge8settingsNtB2_14RenderSettings5point
FNDA:3546,_RNvMNtCs9qctE1usXxK_3rge8settingsNtB2_14RenderSettings10line_strip
FNDA:5319,_RNvMNtCs9qctE1usXxK_3rge8settingsNtB2_14RenderSettings12triangle_fan
FNDA:1,_RNvXs3_NtCs9qctE1usXxK_3rge8settingsNtB5_14WindowSettingsNtNtCs1RoSZkFyxqL_4core7default7Default7defaultB7_
FNDA:1773,_RNvMNtCs9qctE1usXxK_3rge8settingsNtB2_14RenderSettings5clear
FNDA:0,_RNvXs1_NtCs9qctE1usXxK_3rge8settingsNtB5_18GameEngineSettingsNtNtCs1RoSZkFyxqL_4core3fmt5Debug3fmt
FNDA:0,_RNvXs4_NtCs9qctE1usXxK_3rge8settingsNtB5_14WindowSettingsNtNtCs1RoSZkFyxqL_4core3fmt5Debug3fmt
FNDA:1,_RNvXs6_NtCs9qctE1usXxK_3rge8settingsNtB5_14RenderSettingsNtNtCs1RoSZkFyxqL_4core7default7Default7defaultB7_
FNDA:8865,_RNvMNtCs9qctE1usXxK_3rge8settingsNtB2_14RenderSettings4line
FNDA:3546,_RNvMNtCs9qctE1usXxK_3rge8settingsNtB2_14RenderSettings8triangle
FNDA:0,_RNvMNtCs1YgDX5wDG7F_3rge8settingsNtB2_14RenderSettings12triangle_fan
FNDA:0,_RNvXs1_NtCs1YgDX5wDG7F_3rge8settingsNtB5_18GameEngineSettingsNtNtCs1RoSZkFyxqL_4core3fmt5Debug3fmt
FNDA:0,_RNvXs2_NtCs1YgDX5wDG7F_3rge8settingsNtB5_14WindowSettingsNtNtCs1RoSZkFyxqL_4core5clone5Clone5cloneB7_
FNDA:0,_RNvMNtCs1YgDX5wDG7F_3rge8settingsNtB2_14RenderSettings14triangle_strip
FNDA:0,_RNvMNtCs1YgDX5wDG7F_3rge8settingsNtB2_14RenderSettings4line
FNDA:0,_RNvXs_NtCs1YgDX5wDG7F_3rge8settingsNtB4_18GameEngineSettingsNtNtCs1RoSZkFyxqL_4core5clone5Clone5cloneB6_
FNDA:0,_RNvXs7_NtCs1YgDX5wDG7F_3rge8settingsNtB5_14RenderSettingsNtNtCs1RoSZkFyxqL_4core3fmt5Debug3fmt
FNDA:0,_RNvMNtCs1YgDX5wDG7F_3rge8settingsNtB2_14RenderSettings5point
FNDA:0,_RNvMNtCs1YgDX5wDG7F_3rge8settingsNtB2_14RenderSettings10line_strip
FNDA:0,_RNvXs5_NtCs1YgDX5wDG7F_3rge8settingsNtB5_14RenderSettingsNtNtCs1RoSZkFyxqL_4core5clone5Clone5cloneB7_
FNDA:0,_RNvXs4_NtCs1YgDX5wDG7F_3rge8settingsNtB5_14WindowSettingsNtNtCs1RoSZkFyxqL_4core3fmt5Debug3fmt
FNDA:0,_RNvMNtCs1YgDX5wDG7F_3rge8settingsNtB2_14RenderSettings5clear
FNDA:0,_RNvMNtCs1YgDX5wDG7F_3rge8settingsNtB2_14RenderSettings8triangle
FNDA:0,_RNvXs6_NtCs1YgDX5wDG7F_3rge8settingsNtB5_14RenderSettingsNtNtCs1RoSZkFyxqL_4core7default7Default7defaultB7_
FNDA:0,_RNvXs3_NtCs1YgDX5wDG7F_3rge8settingsNtB5_14WindowSettingsNtNtCs1RoSZkFyxqL_4core7default7Default7defaultB7_
FNF:15
FNH:9
DA:18,0
DA:36,1
DA:45,1
DA:100,1773
DA:101,1773
DA:102,1773
DA:103,1773
DA:104,1773
DA:105,1773
DA:106,1773
DA:107,1773
DA:108,1773
DA:109,1773
DA:110,1773
DA:111,1773
DA:112,1773
DA:113,1773
DA:114,1773
DA:115,1773
DA:118,15957
DA:119,15957
DA:120,15957
DA:123,8865
DA:124,26595
DA:125,17730
DA:126,17730
DA:127,8865
DA:130,3546
DA:131,14184
DA:132,10638
DA:133,10638
DA:134,3546
DA:137,3546
DA:138,3546
DA:139,3546
DA:140,0
DA:143,3546
DA:144,21276
DA:145,17730
DA:146,17730
DA:147,17730
DA:148,17730
DA:149,3546
DA:150,3546
DA:153,5319
DA:154,5319
DA:155,5319
DA:156,0
DA:159,5319
DA:160,33687
DA:161,28368
DA:162,28368
DA:163,28368
DA:164,28368
DA:165,5319
DA:166,5319
DA:169,5319
DA:170,5319
DA:171,5319
DA:172,0
DA:175,5319
DA:176,938954
DA:177,933635
DA:178,933635
DA:179,933635
DA:180,933635
DA:181,5319
DA:182,5319
BRF:0
BRH:0
LF:73
LH:64
end_of_record
SF:C:\Users\luigi\College\Spring 2023\Capstone\EricGrandizio\rge\src\texture.rs
FN:21,_RNvXs9_NtCs9qctE1usXxK_3rge7textureNtB5_4RGBANtNtCs1RoSZkFyxqL_4core7default7Default7defaultB7_
FN:100,_RNvXsa_NtCs9qctE1usXxK_3rge7textureNtB5_7TextureNtNtCs1RoSZkFyxqL_4core5clone5Clone5cloneB7_
FN:123,_RINvMs1_NtCs9qctE1usXxK_3rge7textureNtB6_7Texture4loadpEB8_
FN:100,_RNvXsc_NtCs9qctE1usXxK_3rge7textureNtB5_7TextureNtNtCs1RoSZkFyxqL_4core3cmp9PartialEq2eqB7_
FN:100,_RNvXsg_NtCs9qctE1usXxK_3rge7textureNtB5_7TextureNtNtCs1RoSZkFyxqL_4core7default7Default7defaultB7_
FN:100,_RNvXsf_NtCs9qctE1usXxK_3rge7textureNtB5_7TextureNtNtCs1RoSZkFyxqL_4core3fmt5Debug3fmt
FN:147,_RNvMs1_NtCs9qctE1usXxK_3rge7textureNtB5_7Texture11stbi_to_rge
FN:252,_RNvMs2_NtCs9qctE1usXxK_3rge7textureNtB5_7Texture3len
FN:88,_RNvXs0_NtCs9qctE1usXxK_3rge7textureNtB5_4RGBANtNtCs1RoSZkFyxqL_4core3fmt7Display3fmt
FN:262,_RNvMs2_NtCs9qctE1usXxK_3rge7textureNtB5_7Texture8as_slice
FN:216,_RNvMs2_NtCs9qctE1usXxK_3rge7textureNtB5_7Texture6resize
FN:49,_RNvMNtCs9qctE1usXxK_3rge7textureNtB2_4RGBA5rgb_f
FN:37,_RNvMNtCs9qctE1usXxK_3rge7textureNtB2_4RGBA3rgb
FN:134,_RNvMs1_NtCs9qctE1usXxK_3rge7textureNtB5_7Texture10load_bytes
FN:267,_RNvMs2_NtCs9qctE1usXxK_3rge7textureNtB5_7Texture12as_mut_slice
FN:67,_RNvMNtCs9qctE1usXxK_3rge7textureNtB2_4RGBA7convert
FN:78,_RNvXs_NtCs9qctE1usXxK_3rge7textureNtB4_4RGBANtNtCs1RoSZkFyxqL_4core3fmt5Debug3fmt
FN:224,_RNvMs2_NtCs9qctE1usXxK_3rge7textureNtB5_7Texture14calculate_size
FN:44,_RNvMNtCs9qctE1usXxK_3rge7textureNtB2_4RGBA4rgba
FN:58,_RNvMNtCs9qctE1usXxK_3rge7textureNtB2_4RGBA6rgba_f
FN:181,_RNvMs1_NtCs9qctE1usXxK_3rge7textureNtB5_7Texture13from_stbi_f32
FN:21,_RNvXs3_NtCs9qctE1usXxK_3rge7textureNtB5_4RGBANtNtCs1RoSZkFyxqL_4core5clone5Clone5cloneB7_
FN:257,_RNvMs2_NtCs9qctE1usXxK_3rge7textureNtB5_7Texture8is_empty
FN:247,_RNvMs2_NtCs9qctE1usXxK_3rge7textureNtB5_7Texture6height
FN:242,_RNvMs2_NtCs9qctE1usXxK_3rge7textureNtB5_7Texture5width
FN:231,_RNvMs2_NtCs9qctE1usXxK_3rge7textureNtB5_7Texture6chroma
FN:21,_RNvXs6_NtCs9qctE1usXxK_3rge7textureNtB5_4RGBANtNtCs1RoSZkFyxqL_4core3cmp9PartialEq2eqB7_
FN:156,_RNvMs1_NtCs9qctE1usXxK_3rge7textureNtB5_7Texture12from_stbi_u8
FN:201,_RNvMs2_NtCs9qctE1usXxK_3rge7textureNtB5_7Texture3new
FN:170,_RNCNvMs1_NtCs9qctE1usXxK_3rge7textureNtB7_7Texture12from_stbi_u80B9_
FN:234,_RNCNvMs2_NtCs9qctE1usXxK_3rge7textureNtB7_7Texture6chroma0B9_
FN:123,_RINvMs1_NtCs9qctE1usXxK_3rge7textureNtB6_7Texture4loadRNtNtCs4shZNHyK4px_3std4path4PathECskfurfzsOnmm_5image
FN:100,_RNvXsc_NtCs9qctE1usXxK_3rge7textureNtB5_7TextureNtNtCs1RoSZkFyxqL_4core3cmp9PartialEq2eqCskfurfzsOnmm_5image
FN:21,_RNvXs9_NtCs9qctE1usXxK_3rge7textureNtB5_4RGBANtNtCs1RoSZkFyxqL_4core7default7Default7defaultCskfurfzsOnmm_5image
FN:21,_RNvXs6_NtCs9qctE1usXxK_3rge7textureNtB5_4RGBANtNtCs1RoSZkFyxqL_4core3cmp9PartialEq2eqCskfurfzsOnmm_5image
FN:170,_RNCNvMs1_NtCs1YgDX5wDG7F_3rge7textureNtB7_7Texture12from_stbi_u80B9_
FN:224,_RNvMs2_NtCs1YgDX5wDG7F_3rge7textureNtB5_7Texture14calculate_size
FN:37,_RNvMNtCs1YgDX5wDG7F_3rge7textureNtB2_4RGBA3rgb
FN:88,_RNvXs0_NtCs1YgDX5wDG7F_3rge7textureNtB5_4RGBANtNtCs1RoSZkFyxqL_4core3fmt7Display3fmt
FN:156,_RNvMs1_NtCs1YgDX5wDG7F_3rge7textureNtB5_7Texture12from_stbi_u8
FN:201,_RNvMs2_NtCs1YgDX5wDG7F_3rge7textureNtB5_7Texture3new
FN:49,_RNvMNtCs1YgDX5wDG7F_3rge7textureNtB2_4RGBA5rgb_f
FN:231,_RNvMs2_NtCs1YgDX5wDG7F_3rge7textureNtB5_7Texture6chroma
FN:21,_RNvXs9_NtCs1YgDX5wDG7F_3rge7textureNtB5_4RGBANtNtCs1RoSZkFyxqL_4core7default7Default7defaultB7_
FN:21,_RNvXs3_NtCs1YgDX5wDG7F_3rge7textureNtB5_4RGBANtNtCs1RoSZkFyxqL_4core5clone5Clone5cloneB7_
FN:267,_RNvMs2_NtCs1YgDX5wDG7F_3rge7textureNtB5_7Texture12as_mut_slice
FN:67,_RNvMNtCs1YgDX5wDG7F_3rge7textureNtB2_4RGBA7convert
FN:242,_RNvMs2_NtCs1YgDX5wDG7F_3rge7textureNtB5_7Texture5width
FN:100,_RNvXsf_NtCs1YgDX5wDG7F_3rge7textureNtB5_7TextureNtNtCs1RoSZkFyxqL_4core3fmt5Debug3fmt
FN:100,_RNvXsg_NtCs1YgDX5wDG7F_3rge7textureNtB5_7TextureNtNtCs1RoSZkFyxqL_4core7default7Default7defaultB7_
FN:252,_RNvMs2_NtCs1YgDX5wDG7F_3rge7textureNtB5_7Texture3len
FN:44,_RNvMNtCs1YgDX5wDG7F_3rge7textureNtB2_4RGBA4rgba
FN:247,_RNvMs2_NtCs1YgDX5wDG7F_3rge7textureNtB5_7Texture6height
FN:147,_RNvMs1_NtCs1YgDX5wDG7F_3rge7textureNtB5_7Texture11stbi_to_rge
FN:216,_RNvMs2_NtCs1YgDX5wDG7F_3rge7textureNtB5_7Texture6resize
FN:100,_RNvXsa_NtCs1YgDX5wDG7F_3rge7textureNtB5_7TextureNtNtCs1RoSZkFyxqL_4core5clone5Clone5cloneB7_
FN:123,_RINvMs1_NtCs1YgDX5wDG7F_3rge7textureNtB6_7Texture4loadpEB8_
FN:257,_RNvMs2_NtCs1YgDX5wDG7F_3rge7textureNtB5_7Texture8is_empty
FN:78,_RNvXs_NtCs1YgDX5wDG7F_3rge7textureNtB4_4RGBANtNtCs1RoSZkFyxqL_4core3fmt5Debug3fmt
FN:21,_RNvXs6_NtCs1YgDX5wDG7F_3rge7textureNtB5_4RGBANtNtCs1RoSZkFyxqL_4core3cmp9PartialEq2eqB7_
FN:181,_RNvMs1_NtCs1YgDX5wDG7F_3rge7textureNtB5_7Texture13from_stbi_f32
FN:262,_RNvMs2_NtCs1YgDX5wDG7F_3rge7textureNtB5_7Texture8as_slice
FN:234,_RNCNvMs2_NtCs1YgDX5wDG7F_3rge7textureNtB7_7Texture6chroma0B9_
FN:134,_RNvMs1_NtCs1YgDX5wDG7F_3rge7textureNtB5_7Texture10load_bytes
FN:58,_RNvMNtCs1YgDX5wDG7F_3rge7textureNtB2_4RGBA6rgba_f
FN:100,_RNvXsc_NtCs1YgDX5wDG7F_3rge7textureNtB5_7TextureNtNtCs1RoSZkFyxqL_4core3cmp9PartialEq2eqB7_
FNDA:0,_RNvXs9_NtCs9qctE1usXxK_3rge7textureNtB5_4RGBANtNtCs1RoSZkFyxqL_4core7default7Default7defaultB7_
FNDA:0,_RNvXsa_NtCs9qctE1usXxK_3rge7textureNtB5_7TextureNtNtCs1RoSZkFyxqL_4core5clone5Clone5cloneB7_
FNDA:0,_RINvMs1_NtCs9qctE1usXxK_3rge7textureNtB6_7Texture4loadpEB8_
FNDA:0,_RNvXsc_NtCs9qctE1usXxK_3rge7textureNtB5_7TextureNtNtCs1RoSZkFyxqL_4core3cmp9PartialEq2eqB7_
FNDA:0,_RNvXsg_NtCs9qctE1usXxK_3rge7textureNtB5_7TextureNtNtCs1RoSZkFyxqL_4core7default7Default7defaultB7_
FNDA:0,_RNvXsf_NtCs9qctE1usXxK_3rge7textureNtB5_7TextureNtNtCs1RoSZkFyxqL_4core3fmt5Debug3fmt
FNDA:3,_RNvMs1_NtCs9qctE1usXxK_3rge7textureNtB5_7Texture11stbi_to_rge
FNDA:1,_RNvMs2_NtCs9qctE1usXxK_3rge7textureNtB5_7Texture3len
FNDA:2,_RNvXs0_NtCs9qctE1usXxK_3rge7textureNtB5_4RGBANtNtCs1RoSZkFyxqL_4core3fmt7Display3fmt
FNDA:1,_RNvMs2_NtCs9qctE1usXxK_3rge7textureNtB5_7Texture8as_slice
FNDA:1,_RNvMs2_NtCs9qctE1usXxK_3rge7textureNtB5_7Texture6resize
FNDA:1,_RNvMNtCs9qctE1usXxK_3rge7textureNtB2_4RGBA5rgb_f
FNDA:2,_RNvMNtCs9qctE1usXxK_3rge7textureNtB2_4RGBA3rgb
FNDA:2,_RNvMs1_NtCs9qctE1usXxK_3rge7textureNtB5_7Texture10load_bytes
FNDA:1,_RNvMs2_NtCs9qctE1usXxK_3rge7textureNtB5_7Texture12as_mut_slice
FNDA:7,_RNvMNtCs9qctE1usXxK_3rge7textureNtB2_4RGBA7convert
FNDA:1,_RNvXs_NtCs9qctE1usXxK_3rge7textureNtB4_4RGBANtNtCs1RoSZkFyxqL_4core3fmt5Debug3fmt
FNDA:2,_RNvMs2_NtCs9qctE1usXxK_3rge7textureNtB5_7Texture14calculate_size
FNDA:17,_RNvMNtCs9qctE1usXxK_3rge7textureNtB2_4RGBA4rgba
FNDA:1,_RNvMNtCs9qctE1usXxK_3rge7textureNtB2_4RGBA6rgba_f
FNDA:0,_RNvMs1_NtCs9qctE1usXxK_3rge7textureNtB5_7Texture13from_stbi_f32
FNDA:3,_RNvXs3_NtCs9qctE1usXxK_3rge7textureNtB5_4RGBANtNtCs1RoSZkFyxqL_4core5clone5Clone5cloneB7_
FNDA:2,_RNvMs2_NtCs9qctE1usXxK_3rge7textureNtB5_7Texture8is_empty
FNDA:1,_RNvMs2_NtCs9qctE1usXxK_3rge7textureNtB5_7Texture6height
FNDA:1,_RNvMs2_NtCs9qctE1usXxK_3rge7textureNtB5_7Texture5width
FNDA:1,_RNvMs2_NtCs9qctE1usXxK_3rge7textureNtB5_7Texture6chroma
FNDA:4,_RNvXs6_NtCs9qctE1usXxK_3rge7textureNtB5_4RGBANtNtCs1RoSZkFyxqL_4core3cmp9PartialEq2eqB7_
FNDA:3,_RNvMs1_NtCs9qctE1usXxK_3rge7textureNtB5_7Texture12from_stbi_u8
FNDA:1,_RNvMs2_NtCs9qctE1usXxK_3rge7textureNtB5_7Texture3new
FNDA:12,_RNCNvMs1_NtCs9qctE1usXxK_3rge7textureNtB7_7Texture12from_stbi_u80B9_
FNDA:4,_RNCNvMs2_NtCs9qctE1usXxK_3rge7textureNtB7_7Texture6chroma0B9_
FNDA:1,_RINvMs1_NtCs9qctE1usXxK_3rge7textureNtB6_7Texture4loadRNtNtCs4shZNHyK4px_3std4path4PathECskfurfzsOnmm_5image
FNDA:2,_RNvXsc_NtCs9qctE1usXxK_3rge7textureNtB5_7TextureNtNtCs1RoSZkFyxqL_4core3cmp9PartialEq2eqCskfurfzsOnmm_5image
FNDA:1,_RNvXs9_NtCs9qctE1usXxK_3rge7textureNtB5_4RGBANtNtCs1RoSZkFyxqL_4core7default7Default7defaultCskfurfzsOnmm_5image
FNDA:12,_RNvXs6_NtCs9qctE1usXxK_3rge7textureNtB5_4RGBANtNtCs1RoSZkFyxqL_4core3cmp9PartialEq2eqCskfurfzsOnmm_5image
FNDA:0,_RNCNvMs1_NtCs1YgDX5wDG7F_3rge7textureNtB7_7Texture12from_stbi_u80B9_
FNDA:0,_RNvMs2_NtCs1YgDX5wDG7F_3rge7textureNtB5_7Texture14calculate_size
FNDA:0,_RNvMNtCs1YgDX5wDG7F_3rge7textureNtB2_4RGBA3rgb
FNDA:0,_RNvXs0_NtCs1YgDX5wDG7F_3rge7textureNtB5_4RGBANtNtCs1RoSZkFyxqL_4core3fmt7Display3fmt
FNDA:0,_RNvMs1_NtCs1YgDX5wDG7F_3rge7textureNtB5_7Texture12from_stbi_u8
FNDA:0,_RNvMs2_NtCs1YgDX5wDG7F_3rge7textureNtB5_7Texture3new
FNDA:0,_RNvMNtCs1YgDX5wDG7F_3rge7textureNtB2_4RGBA5rgb_f
FNDA:0,_RNvMs2_NtCs1YgDX5wDG7F_3rge7textureNtB5_7Texture6chroma
FNDA:0,_RNvXs9_NtCs1YgDX5wDG7F_3rge7textureNtB5_4RGBANtNtCs1RoSZkFyxqL_4core7default7Default7defaultB7_
FNDA:0,_RNvXs3_NtCs1YgDX5wDG7F_3rge7textureNtB5_4RGBANtNtCs1RoSZkFyxqL_4core5clone5Clone5cloneB7_
FNDA:0,_RNvMs2_NtCs1YgDX5wDG7F_3rge7textureNtB5_7Texture12as_mut_slice
FNDA:0,_RNvMNtCs1YgDX5wDG7F_3rge7textureNtB2_4RGBA7convert
FNDA:0,_RNvMs2_NtCs1YgDX5wDG7F_3rge7textureNtB5_7Texture5width
FNDA:0,_RNvXsf_NtCs1YgDX5wDG7F_3rge7textureNtB5_7TextureNtNtCs1RoSZkFyxqL_4core3fmt5Debug3fmt
FNDA:0,_RNvXsg_NtCs1YgDX5wDG7F_3rge7textureNtB5_7TextureNtNtCs1RoSZkFyxqL_4core7default7Default7defaultB7_
FNDA:0,_RNvMs2_NtCs1YgDX5wDG7F_3rge7textureNtB5_7Texture3len
FNDA:0,_RNvMNtCs1YgDX5wDG7F_3rge7textureNtB2_4RGBA4rgba
FNDA:0,_RNvMs2_NtCs1YgDX5wDG7F_3rge7textureNtB5_7Texture6height
FNDA:0,_RNvMs1_NtCs1YgDX5wDG7F_3rge7textureNtB5_7Texture11stbi_to_rge
FNDA:0,_RNvMs2_NtCs1YgDX5wDG7F_3rge7textureNtB5_7Texture6resize
FNDA:0,_RNvXsa_NtCs1YgDX5wDG7F_3rge7textureNtB5_7TextureNtNtCs1RoSZkFyxqL_4core5clone5Clone5cloneB7_
FNDA:0,_RINvMs1_NtCs1YgDX5wDG7F_3rge7textureNtB6_7Texture4loadpEB8_
FNDA:0,_RNvMs2_NtCs1YgDX5wDG7F_3rge7textureNtB5_7Texture8is_empty
FNDA:0,_RNvXs_NtCs1YgDX5wDG7F_3rge7textureNtB4_4RGBANtNtCs1RoSZkFyxqL_4core3fmt5Debug3fmt
FNDA:0,_RNvXs6_NtCs1YgDX5wDG7F_3rge7textureNtB5_4RGBANtNtCs1RoSZkFyxqL_4core3cmp9PartialEq2eqB7_
FNDA:0,_RNvMs1_NtCs1YgDX5wDG7F_3rge7textureNtB5_7Texture13from_stbi_f32
FNDA:0,_RNvMs2_NtCs1YgDX5wDG7F_3rge7textureNtB5_7Texture8as_slice
FNDA:0,_RNCNvMs2_NtCs1YgDX5wDG7F_3rge7textureNtB7_7Texture6chroma0B9_
FNDA:0,_RNvMs1_NtCs1YgDX5wDG7F_3rge7textureNtB5_7Texture10load_bytes
FNDA:0,_RNvMNtCs1YgDX5wDG7F_3rge7textureNtB2_4RGBA6rgba_f
FNDA:0,_RNvXsc_NtCs1YgDX5wDG7F_3rge7textureNtB5_7TextureNtNtCs1RoSZkFyxqL_4core3cmp9PartialEq2eqB7_
FNF:31
FNH:27
DA:21,16
DA:37,2
DA:38,2
DA:39,2
DA:40,2
DA:44,17
DA:45,17
DA:46,17
DA:49,1
DA:50,1
DA:51,1
DA:52,1
DA:53,1
DA:54,1
DA:55,1
DA:58,1
DA:59,1
DA:60,1
DA:61,1
DA:62,1
DA:63,1
DA:64,1
DA:67,7
DA:68,7
DA:69,7
DA:70,7
DA:78,1
DA:79,1
DA:80,1
DA:81,1
DA:82,1
DA:83,1
DA:84,1
DA:88,2
DA:89,2
DA:90,2
DA:91,2
DA:92,2
DA:93,2
DA:94,2
DA:100,2
DA:123,1
DA:124,1
DA:125,1
DA:127,1
DA:128,0
DA:129,1
DA:130,1
DA:131,1
DA:134,2
DA:135,2
DA:136,2
DA:138,2
DA:139,1
DA:140,1
DA:141,2
DA:142,2
DA:147,3
DA:148,3
DA:149,0
DA:150,3
DA:151,0
DA:153,3
DA:156,3
DA:157,3
DA:160,0
DA:162,3
DA:164,3
DA:165,3
DA:166,3
DA:167,3
DA:168,3
DA:169,3
DA:170,12
DA:171,3
DA:172,3
DA:173,3
DA:174,3
DA:175,3
DA:176,3
DA:177,3
DA:178,3
DA:181,0
DA:182,0
DA:201,1
DA:202,1
DA:203,1
DA:204,1
DA:205,1
DA:206,1
DA:207,1
DA:208,1
DA:209,1
DA:210,1
DA:211,1
DA:216,1
DA:217,1
DA:218,1
DA:219,1
DA:224,2
DA:225,2
DA:226,2
DA:231,1
DA:232,1
DA:234,4
DA:235,1
DA:236,1
DA:237,1
DA:242,1
DA:243,1
DA:244,1
DA:247,1
DA:248,1
DA:249,1
DA:252,1
DA:253,1
DA:254,1
DA:257,2
DA:258,2
DA:259,2
DA:262,1
DA:263,1
DA:264,1
DA:267,1
DA:268,1
DA:269,1
BRF:0
BRH:0
LF:133
LH:124
end_of_record
SF:C:\Users\luigi\College\Spring 2023\Capstone\EricGrandizio\rge\src\timer.rs
FN:209,_RNvXs_NtCs9qctE1usXxK_3rge5timerNtB4_10FrameTimerNtNtNtCs1RoSZkFyxqL_4core3ops4drop4Drop4drop
FN:98,_RNvMNtCs9qctE1usXxK_3rge5timerNtB2_10FrameTimer13vsync_bounded
FN:110,_RNvMNtCs9qctE1usXxK_3rge5timerNtB2_10FrameTimer15elapsed_seconds
FN:232,_RNvNtCs9qctE1usXxK_3rge5timer16cleanup_os_timer
FN:38,_RNvMNtCs9qctE1usXxK_3rge5timerNtB2_10FrameTimer9valid_fps
FN:61,_RNvMNtCs9qctE1usXxK_3rge5timerNtB2_10FrameTimer9reset_fps
FN:161,_RNvMNtCs9qctE1usXxK_3rge5timerNtB2_10FrameTimer12next_seconds
FN:179,_RNvMNtCs9qctE1usXxK_3rge5timerNtB2_10FrameTimer9next_tick
FN:136,_RNvMNtCs9qctE1usXxK_3rge5timerNtB2_10FrameTimer12last_seconds
FN:126,_RNvMNtCs9qctE1usXxK_3rge5timerNtB2_10FrameTimer9last_tick
FN:88,_RNvMNtCs9qctE1usXxK_3rge5timerNtB2_10FrameTimer5vsync
FN:43,_RNvMNtCs9qctE1usXxK_3rge5timerNtB2_10FrameTimer3new
FN:71,_RNvMNtCs9qctE1usXxK_3rge5timerNtB2_10FrameTimer12toggle_vsync
FN:190,_RNvMNtCs9qctE1usXxK_3rge5timerNtB2_10FrameTimer6update
FN:170,_RNvMNtCs9qctE1usXxK_3rge5timerNtB2_10FrameTimer12next_elapsed
FN:141,_RNvMNtCs9qctE1usXxK_3rge5timerNtB2_10FrameTimer11last_frames
FN:83,_RNvMNtCs9qctE1usXxK_3rge5timerNtB2_10FrameTimer5epoch
FN:93,_RNvMNtCs9qctE1usXxK_3rge5timerNtB2_10FrameTimer9unbounded
FN:105,_RNvMNtCs9qctE1usXxK_3rge5timerNtB2_10FrameTimer7elapsed
FN:78,_RNvMNtCs9qctE1usXxK_3rge5timerNtB2_10FrameTimer3fps
FN:217,_RNvNtCs9qctE1usXxK_3rge5timer13init_os_timer
FN:152,_RNvMNtCs9qctE1usXxK_3rge5timerNtB2_10FrameTimer11next_frames
FN:195,_RNvMNtCs9qctE1usXxK_3rge5timerNtB2_10FrameTimer4sync
FN:115,_RNvMNtCs9qctE1usXxK_3rge5timerNtB2_10FrameTimer14elapsed_frames
FN:131,_RNvMNtCs9qctE1usXxK_3rge5timerNtB2_10FrameTimer12last_elapsed
FN:179,_RNvMNtCs1YgDX5wDG7F_3rge5timerNtB2_10FrameTimer9next_tick
FN:209,_RNvXs_NtCs1YgDX5wDG7F_3rge5timerNtB4_10FrameTimerNtNtNtCs1RoSZkFyxqL_4core3ops4drop4Drop4drop
FN:141,_RNvMNtCs1YgDX5wDG7F_3rge5timerNtB2_10FrameTimer11last_frames
FN:83,_RNvMNtCs1YgDX5wDG7F_3rge5timerNtB2_10FrameTimer5epoch
FN:43,_RNvMNtCs1YgDX5wDG7F_3rge5timerNtB2_10FrameTimer3new
FN:105,_RNvMNtCs1YgDX5wDG7F_3rge5timerNtB2_10FrameTimer7elapsed
FN:152,_RNvMNtCs1YgDX5wDG7F_3rge5timerNtB2_10FrameTimer11next_frames
FN:38,_RNvMNtCs1YgDX5wDG7F_3rge5timerNtB2_10FrameTimer9valid_fps
FN:126,_RNvMNtCs1YgDX5wDG7F_3rge5timerNtB2_10FrameTimer9last_tick
FN:136,_RNvMNtCs1YgDX5wDG7F_3rge5timerNtB2_10FrameTimer12last_seconds
FN:131,_RNvMNtCs1YgDX5wDG7F_3rge5timerNtB2_10FrameTimer12last_elapsed
FN:71,_RNvMNtCs1YgDX5wDG7F_3rge5timerNtB2_10FrameTimer12toggle_vsync
FN:61,_RNvMNtCs1YgDX5wDG7F_3rge5timerNtB2_10FrameTimer9reset_fps
FN:110,_RNvMNtCs1YgDX5wDG7F_3rge5timerNtB2_10FrameTimer15elapsed_seconds
FN:161,_RNvMNtCs1YgDX5wDG7F_3rge5timerNtB2_10FrameTimer12next_seconds
FN:195,_RNvMNtCs1YgDX5wDG7F_3rge5timerNtB2_10FrameTimer4sync
FN:232,_RNvNtCs1YgDX5wDG7F_3rge5timer16cleanup_os_timer
FN:217,_RNvNtCs1YgDX5wDG7F_3rge5timer13init_os_timer
FN:93,_RNvMNtCs1YgDX5wDG7F_3rge5timerNtB2_10FrameTimer9unbounded
FN:88,_RNvMNtCs1YgDX5wDG7F_3rge5timerNtB2_10FrameTimer5vsync
FN:170,_RNvMNtCs1YgDX5wDG7F_3rge5timerNtB2_10FrameTimer12next_elapsed
FN:98,_RNvMNtCs1YgDX5wDG7F_3rge5timerNtB2_10FrameTimer13vsync_bounded
FN:190,_RNvMNtCs1YgDX5wDG7F_3rge5timerNtB2_10FrameTimer6update
FN:78,_RNvMNtCs1YgDX5wDG7F_3rge5timerNtB2_10FrameTimer3fps
FN:115,_RNvMNtCs1YgDX5wDG7F_3rge5timerNtB2_10FrameTimer14elapsed_frames
FNDA:1,_RNvXs_NtCs9qctE1usXxK_3rge5timerNtB4_10FrameTimerNtNtNtCs1RoSZkFyxqL_4core3ops4drop4Drop4drop
FNDA:4525,_RNvMNtCs9qctE1usXxK_3rge5timerNtB2_10FrameTimer13vsync_bounded
FNDA:10821,_RNvMNtCs9qctE1usXxK_3rge5timerNtB2_10FrameTimer15elapsed_seconds
FNDA:1,_RNvNtCs9qctE1usXxK_3rge5timer16cleanup_os_timer
FNDA:2,_RNvMNtCs9qctE1usXxK_3rge5timerNtB2_10FrameTimer9valid_fps
FNDA:1,_RNvMNtCs9qctE1usXxK_3rge5timerNtB2_10FrameTimer9reset_fps
FNDA:2752,_RNvMNtCs9qctE1usXxK_3rge5timerNtB2_10FrameTimer12next_seconds
FNDA:2752,_RNvMNtCs9qctE1usXxK_3rge5timerNtB2_10FrameTimer9next_tick
FNDA:2752,_RNvMNtCs9qctE1usXxK_3rge5timerNtB2_10FrameTimer12last_seconds
FNDA:2752,_RNvMNtCs9qctE1usXxK_3rge5timerNtB2_10FrameTimer9last_tick
FNDA:1774,_RNvMNtCs9qctE1usXxK_3rge5timerNtB2_10FrameTimer5vsync
FNDA:1,_RNvMNtCs9qctE1usXxK_3rge5timerNtB2_10FrameTimer3new
FNDA:1,_RNvMNtCs9qctE1usXxK_3rge5timerNtB2_10FrameTimer12toggle_vsync
FNDA:2752,_RNvMNtCs9qctE1usXxK_3rge5timerNtB2_10FrameTimer6update
FNDA:2752,_RNvMNtCs9qctE1usXxK_3rge5timerNtB2_10FrameTimer12next_elapsed
FNDA:2752,_RNvMNtCs9qctE1usXxK_3rge5timerNtB2_10FrameTimer11last_frames
FNDA:0,_RNvMNtCs9qctE1usXxK_3rge5timerNtB2_10FrameTimer5epoch
FNDA:22809,_RNvMNtCs9qctE1usXxK_3rge5timerNtB2_10FrameTimer9unbounded
FNDA:10821,_RNvMNtCs9qctE1usXxK_3rge5timerNtB2_10FrameTimer7elapsed
FNDA:4525,_RNvMNtCs9qctE1usXxK_3rge5timerNtB2_10FrameTimer3fps
FNDA:1,_RNvNtCs9qctE1usXxK_3rge5timer13init_os_timer
FNDA:2752,_RNvMNtCs9qctE1usXxK_3rge5timerNtB2_10FrameTimer11next_frames
FNDA:2751,_RNvMNtCs9qctE1usXxK_3rge5timerNtB2_10FrameTimer4sync
FNDA:4524,_RNvMNtCs9qctE1usXxK_3rge5timerNtB2_10FrameTimer14elapsed_frames
FNDA:2752,_RNvMNtCs9qctE1usXxK_3rge5timerNtB2_10FrameTimer12last_elapsed
FNDA:0,_RNvMNtCs1YgDX5wDG7F_3rge5timerNtB2_10FrameTimer9next_tick
FNDA:0,_RNvXs_NtCs1YgDX5wDG7F_3rge5timerNtB4_10FrameTimerNtNtNtCs1RoSZkFyxqL_4core3ops4drop4Drop4drop
FNDA:0,_RNvMNtCs1YgDX5wDG7F_3rge5timerNtB2_10FrameTimer11last_frames
FNDA:0,_RNvMNtCs1YgDX5wDG7F_3rge5timerNtB2_10FrameTimer5epoch
FNDA:0,_RNvMNtCs1YgDX5wDG7F_3rge5timerNtB2_10FrameTimer3new
FNDA:0,_RNvMNtCs1YgDX5wDG7F_3rge5timerNtB2_10FrameTimer7elapsed
FNDA:0,_RNvMNtCs1YgDX5wDG7F_3rge5timerNtB2_10FrameTimer11next_frames
FNDA:0,_RNvMNtCs1YgDX5wDG7F_3rge5timerNtB2_10FrameTimer9valid_fps
FNDA:0,_RNvMNtCs1YgDX5wDG7F_3rge5timerNtB2_10FrameTimer9last_tick
FNDA:0,_RNvMNtCs1YgDX5wDG7F_3rge5timerNtB2_10FrameTimer12last_seconds
FNDA:0,_RNvMNtCs1YgDX5wDG7F_3rge5timerNtB2_10FrameTimer12last_elapsed
FNDA:0,_RNvMNtCs1YgDX5wDG7F_3rge5timerNtB2_10FrameTimer12toggle_vsync
FNDA:0,_RNvMNtCs1YgDX5wDG7F_3rge5timerNtB2_10FrameTimer9reset_fps
FNDA:0,_RNvMNtCs1YgDX5wDG7F_3rge5timerNtB2_10FrameTimer15elapsed_seconds
FNDA:0,_RNvMNtCs1YgDX5wDG7F_3rge5timerNtB2_10FrameTimer12next_seconds
FNDA:0,_RNvMNtCs1YgDX5wDG7F_3rge5timerNtB2_10FrameTimer4sync
FNDA:0,_RNvNtCs1YgDX5wDG7F_3rge5timer16cleanup_os_timer
FNDA:0,_RNvNtCs1YgDX5wDG7F_3rge5timer13init_os_timer
FNDA:0,_RNvMNtCs1YgDX5wDG7F_3rge5timerNtB2_10FrameTimer9unbounded
FNDA:0,_RNvMNtCs1YgDX5wDG7F_3rge5timerNtB2_10FrameTimer5vsync
FNDA:0,_RNvMNtCs1YgDX5wDG7F_3rge5timerNtB2_10FrameTimer12next_elapsed
FNDA:0,_RNvMNtCs1YgDX5wDG7F_3rge5timerNtB2_10FrameTimer13vsync_bounded
FNDA:0,_RNvMNtCs1YgDX5wDG7F_3rge5timerNtB2_10FrameTimer6update
FNDA:0,_RNvMNtCs1YgDX5wDG7F_3rge5timerNtB2_10FrameTimer3fps
FNDA:0,_RNvMNtCs1YgDX5wDG7F_3rge5timerNtB2_10FrameTimer14elapsed_frames
FNF:25
FNH:24
DA:38,2
DA:39,2
DA:40,2
DA:43,1
DA:44,1
DA:46,1
DA:47,1
DA:48,1
DA:49,1
DA:50,1
DA:51,1
DA:52,1
DA:53,1
DA:54,1
DA:55,1
DA:56,1
DA:57,1
DA:61,1
DA:62,1
DA:64,1
DA:65,1
DA:66,1
DA:67,1
DA:71,1
DA:72,1
DA:73,1
DA:78,4525
DA:79,4525
DA:80,4525
DA:83,0
DA:84,0
DA:85,0
DA:88,1774
DA:89,1774
DA:90,1774
DA:93,22809
DA:94,22809
DA:95,22809
DA:98,4525
DA:99,4525
DA:100,4525
DA:105,10821
DA:106,10821
DA:107,10821
DA:110,10821
DA:111,10821
DA:112,10821
DA:115,4524
DA:116,4524
DA:117,0
DA:119,4524
DA:121,4524
DA:126,2752
DA:127,2752
DA:128,2752
DA:131,2752
DA:132,2752
DA:133,2752
DA:136,2752
DA:137,2752
DA:138,2752
DA:141,2752
DA:142,2752
DA:143,0
DA:145,2752
DA:147,2752
DA:152,2752
DA:153,2752
DA:154,0
DA:156,2752
DA:158,2752
DA:161,2752
DA:162,2752
DA:163,0
DA:165,2752
DA:167,2752
DA:170,2752
DA:171,2752
DA:172,0
DA:174,2752
DA:176,2752
DA:179,2752
DA:180,2752
DA:181,0
DA:183,2752
DA:185,2752
DA:190,2752
DA:191,2752
DA:192,2752
DA:195,2751
DA:196,2751
DA:198,2751
DA:199,2751
DA:200,2751
DA:201,0
DA:202,0
DA:203,2751
DA:209,1
DA:210,1
DA:211,1
DA:217,1
DA:218,1
DA:219,1
DA:220,1
DA:221,1
DA:222,1
DA:223,1
DA:224,1
DA:226,1
DA:227,1
DA:229,1
DA:232,1
DA:233,1
DA:234,1
DA:235,1
DA:236,1
DA:237,1
DA:238,1
DA:239,1
DA:241,1
DA:242,1
DA:244,1
BRF:0
BRH:0
LF:122
LH:111
end_of_record
SF:C:\Users\luigi\College\Spring 2023\Capstone\EricGrandizio\rge\src\vulkan\context\debug_messenger.rs
FN:77,_RNvXs0_NtNtNtCs9qctE1usXxK_3rge6vulkan7context15debug_messengerNtB5_14DebugMessengerNtNtNtCs1RoSZkFyxqL_4core3ops4drop4Drop4drop
FN:41,_RNvMs_NtNtNtCs9qctE1usXxK_3rge6vulkan7context15debug_messengerNtB4_14DebugMessenger3new
FN:91,_RNvMs1_NtNtNtCs9qctE1usXxK_3rge6vulkan7context15debug_messengerNtB5_14DebugMessenger14debug_callback
FN:31,_RNvMNtNtNtCs9qctE1usXxK_3rge6vulkan7context15debug_messengerNtB2_14DebugMessenger3ext
FN:98,_RNCNvMs1_NtNtNtCs9qctE1usXxK_3rge6vulkan7context15debug_messengerNtB7_14DebugMessenger14debug_callback0Bd_
FN:31,_RNvMNtNtNtCs1YgDX5wDG7F_3rge6vulkan7context15debug_messengerNtB2_14DebugMessenger3ext
FN:77,_RNvXs0_NtNtNtCs1YgDX5wDG7F_3rge6vulkan7context15debug_messengerNtB5_14DebugMessengerNtNtNtCs1RoSZkFyxqL_4core3ops4drop4Drop4drop
FN:91,_RNvMs1_NtNtNtCs1YgDX5wDG7F_3rge6vulkan7context15debug_messengerNtB5_14DebugMessenger14debug_callback
FN:98,_RNCNvMs1_NtNtNtCs1YgDX5wDG7F_3rge6vulkan7context15debug_messengerNtB7_14DebugMessenger14debug_callback0Bd_
FN:41,_RNvMs_NtNtNtCs1YgDX5wDG7F_3rge6vulkan7context15debug_messengerNtB4_14DebugMessenger3new
FNDA:1,_RNvXs0_NtNtNtCs9qctE1usXxK_3rge6vulkan7context15debug_messengerNtB5_14DebugMessengerNtNtNtCs1RoSZkFyxqL_4core3ops4drop4Drop4drop
FNDA:1,_RNvMs_NtNtNtCs9qctE1usXxK_3rge6vulkan7context15debug_messengerNtB4_14DebugMessenger3new
FNDA:10,_RNvMs1_NtNtNtCs9qctE1usXxK_3rge6vulkan7context15debug_messengerNtB5_14DebugMessenger14debug_callback
FNDA:1,_RNvMNtNtNtCs9qctE1usXxK_3rge6vulkan7context15debug_messengerNtB2_14DebugMessenger3ext
FNDA:10,_RNCNvMs1_NtNtNtCs9qctE1usXxK_3rge6vulkan7context15debug_messengerNtB7_14DebugMessenger14debug_callback0Bd_
FNDA:0,_RNvMNtNtNtCs1YgDX5wDG7F_3rge6vulkan7context15debug_messengerNtB2_14DebugMessenger3ext
FNDA:0,_RNvXs0_NtNtNtCs1YgDX5wDG7F_3rge6vulkan7context15debug_messengerNtB5_14DebugMessengerNtNtNtCs1RoSZkFyxqL_4core3ops4drop4Drop4drop
FNDA:0,_RNvMs1_NtNtNtCs1YgDX5wDG7F_3rge6vulkan7context15debug_messengerNtB5_14DebugMessenger14debug_callback
FNDA:0,_RNCNvMs1_NtNtNtCs1YgDX5wDG7F_3rge6vulkan7context15debug_messengerNtB7_14DebugMessenger14debug_callback0Bd_
FNDA:0,_RNvMs_NtNtNtCs1YgDX5wDG7F_3rge6vulkan7context15debug_messengerNtB4_14DebugMessenger3new
FNF:5
FNH:5
DA:31,1
DA:32,1
DA:33,1
DA:41,1
DA:42,1
DA:43,1
DA:44,1
DA:45,1
DA:46,1
DA:47,1
DA:48,1
DA:49,1
DA:50,1
DA:51,1
DA:52,1
DA:53,1
DA:54,1
DA:55,1
DA:56,1
DA:57,1
DA:58,1
DA:59,1
DA:60,1
DA:61,1
DA:62,1
DA:63,1
DA:64,1
DA:65,1
DA:66,1
DA:67,1
DA:68,1
DA:69,1
DA:70,1
DA:71,1
DA:72,1
DA:73,1
DA:77,1
DA:78,1
DA:79,1
DA:80,1
DA:81,1
DA:82,1
DA:91,10
DA:92,10
DA:93,10
DA:94,10
DA:95,10
DA:96,10
DA:97,10
DA:98,10
DA:99,10
DA:100,0
DA:101,0
DA:102,4
DA:103,6
DA:104,0
DA:106,10
DA:107,10
DA:108,0
DA:109,0
DA:110,0
DA:113,10
DA:114,10
DA:115,10
DA:116,10
DA:118,0
DA:119,0
DA:120,0
DA:123,10
DA:124,10
DA:125,10
DA:126,10
DA:127,10
BRF:0
BRH:0
LF:75
LH:66
end_of_record
SF:C:\Users\luigi\College\Spring 2023\Capstone\EricGrandizio\rge\src\vulkan\context\instance.rs
FN:69,_RNvXs_NtNtNtCs9qctE1usXxK_3rge6vulkan7context8instanceNtB4_8InstanceNtNtNtCs1RoSZkFyxqL_4core3ops4drop4Drop4drop
FN:32,_RNvMNtNtNtCs9qctE1usXxK_3rge6vulkan7context8instanceNtB2_8Instance3new
FN:32,_RNvMNtNtNtCs1YgDX5wDG7F_3rge6vulkan7context8instanceNtB2_8Instance3new
FN:69,_RNvXs_NtNtNtCs1YgDX5wDG7F_3rge6vulkan7context8instanceNtB4_8InstanceNtNtNtCs1RoSZkFyxqL_4core3ops4drop4Drop4drop
FNDA:1,_RNvXs_NtNtNtCs9qctE1usXxK_3rge6vulkan7context8instanceNtB4_8InstanceNtNtNtCs1RoSZkFyxqL_4core3ops4drop4Drop4drop
FNDA:1,_RNvMNtNtNtCs9qctE1usXxK_3rge6vulkan7context8instanceNtB2_8Instance3new
FNDA:0,_RNvMNtNtNtCs1YgDX5wDG7F_3rge6vulkan7context8instanceNtB2_8Instance3new
FNDA:0,_RNvXs_NtNtNtCs1YgDX5wDG7F_3rge6vulkan7context8instanceNtB4_8InstanceNtNtNtCs1RoSZkFyxqL_4core3ops4drop4Drop4drop
FNF:2
FNH:2
DA:32,1
DA:33,1
DA:34,1
DA:35,1
DA:36,1
DA:37,1
DA:39,1
DA:40,1
DA:41,1
DA:42,1
DA:44,1
DA:45,1
DA:46,1
DA:47,1
DA:48,1
DA:49,1
DA:50,1
DA:51,1
DA:52,1
DA:53,1
DA:54,1
DA:55,1
DA:56,1
DA:57,1
DA:58,1
DA:59,1
DA:60,1
DA:61,1
DA:62,1
DA:63,1
DA:64,1
DA:65,1
DA:69,1
DA:70,1
DA:71,1
BRF:0
BRH:0
LF:35
LH:35
end_of_record
SF:C:\Users\luigi\College\Spring 2023\Capstone\EricGrandizio\rge\src\vulkan\context\instance_exts.rs
FN:47,_RNvMNtNtNtCs9qctE1usXxK_3rge6vulkan7context13instance_extsNtB2_12InstanceExts3new
FN:47,_RNvMNtNtNtCs1YgDX5wDG7F_3rge6vulkan7context13instance_extsNtB2_12InstanceExts3new
FNDA:1,_RNvMNtNtNtCs9qctE1usXxK_3rge6vulkan7context13instance_extsNtB2_12InstanceExts3new
FNDA:0,_RNvMNtNtNtCs1YgDX5wDG7F_3rge6vulkan7context13instance_extsNtB2_12InstanceExts3new
FNF:1
FNH:1
DA:47,1
DA:48,1
DA:49,1
DA:50,1
DA:51,1
DA:52,1
DA:53,1
DA:54,1
DA:55,1
DA:56,1
DA:57,1
DA:58,1
DA:59,1
DA:60,1
BRF:0
BRH:0
LF:14
LH:14
end_of_record
SF:C:\Users\luigi\College\Spring 2023\Capstone\EricGrandizio\rge\src\vulkan\context\mod.rs
FN:56,_RNvMNtNtCs9qctE1usXxK_3rge6vulkan7contextNtB2_13VulkanContext8instance
FN:60,_RNvMNtNtCs9qctE1usXxK_3rge6vulkan7contextNtB2_13VulkanContext4exts
FN:52,_RNvMNtNtCs9qctE1usXxK_3rge6vulkan7contextNtB2_13VulkanContext5entry
FN:69,_RNvMs_NtNtCs9qctE1usXxK_3rge6vulkan7contextNtB4_13VulkanContext3new
FN:56,_RNvMNtNtCs1YgDX5wDG7F_3rge6vulkan7contextNtB2_13VulkanContext8instance
FN:69,_RNvMs_NtNtCs1YgDX5wDG7F_3rge6vulkan7contextNtB4_13VulkanContext3new
FN:60,_RNvMNtNtCs1YgDX5wDG7F_3rge6vulkan7contextNtB2_13VulkanContext4exts
FN:52,_RNvMNtNtCs1YgDX5wDG7F_3rge6vulkan7contextNtB2_13VulkanContext5entry
FNDA:1,_RNvMNtNtCs9qctE1usXxK_3rge6vulkan7contextNtB2_13VulkanContext8instance
FNDA:1,_RNvMNtNtCs9qctE1usXxK_3rge6vulkan7contextNtB2_13VulkanContext4exts
FNDA:0,_RNvMNtNtCs9qctE1usXxK_3rge6vulkan7contextNtB2_13VulkanContext5entry
FNDA:1,_RNvMs_NtNtCs9qctE1usXxK_3rge6vulkan7contextNtB4_13VulkanContext3new
FNDA:0,_RNvMNtNtCs1YgDX5wDG7F_3rge6vulkan7contextNtB2_13VulkanContext8instance
FNDA:0,_RNvMs_NtNtCs1YgDX5wDG7F_3rge6vulkan7contextNtB4_13VulkanContext3new
FNDA:0,_RNvMNtNtCs1YgDX5wDG7F_3rge6vulkan7contextNtB2_13VulkanContext4exts
FNDA:0,_RNvMNtNtCs1YgDX5wDG7F_3rge6vulkan7contextNtB2_13VulkanContext5entry
FNF:4
FNH:3
DA:52,0
DA:53,0
DA:54,0
DA:56,1
DA:57,1
DA:58,1
DA:60,1
DA:61,1
DA:62,1
DA:69,1
DA:70,1
DA:71,1
DA:72,1
DA:73,1
DA:74,1
DA:75,1
DA:76,1
DA:77,1
DA:78,1
DA:79,1
DA:80,1
DA:81,1
DA:82,1
DA:83,1
DA:85,1
DA:86,1
DA:87,1
DA:88,1
DA:89,1
DA:90,1
DA:91,1
DA:92,1
DA:93,1
DA:94,1
DA:95,1
BRF:0
BRH:0
LF:35
LH:32
end_of_record
SF:C:\Users\luigi\College\Spring 2023\Capstone\EricGrandizio\rge\src\vulkan\context\physical_device.rs
FN:102,_RNCNvMs_NtNtNtCs9qctE1usXxK_3rge6vulkan7context15physical_deviceNtB6_14PhysicalDevice16find_memory_type0Bc_
FN:50,_RNCNvMNtNtNtCs9qctE1usXxK_3rge6vulkan7context15physical_deviceNtB4_14PhysicalDevice7collect0Ba_
FN:94,_RNvMs_NtNtNtCs9qctE1usXxK_3rge6vulkan7context15physical_deviceNtB4_14PhysicalDevice16find_memory_type
FN:55,_RNvMNtNtNtCs9qctE1usXxK_3rge6vulkan7context15physical_deviceNtB2_14PhysicalDevice3new
FN:81,_RNvMs_NtNtNtCs9qctE1usXxK_3rge6vulkan7context15physical_deviceNtB4_14PhysicalDevice12memory_types
FN:44,_RNvMNtNtNtCs9qctE1usXxK_3rge6vulkan7context15physical_deviceNtB2_14PhysicalDevice7collect
FN:88,_RNvMs_NtNtNtCs9qctE1usXxK_3rge6vulkan7context15physical_deviceNtB4_14PhysicalDevice12memory_heaps
FN:81,_RNvMs_NtNtNtCs1YgDX5wDG7F_3rge6vulkan7context15physical_deviceNtB4_14PhysicalDevice12memory_types
FN:50,_RNCNvMNtNtNtCs1YgDX5wDG7F_3rge6vulkan7context15physical_deviceNtB4_14PhysicalDevice7collect0Ba_
FN:55,_RNvMNtNtNtCs1YgDX5wDG7F_3rge6vulkan7context15physical_deviceNtB2_14PhysicalDevice3new
FN:94,_RNvMs_NtNtNtCs1YgDX5wDG7F_3rge6vulkan7context15physical_deviceNtB4_14PhysicalDevice16find_memory_type
FN:44,_RNvMNtNtNtCs1YgDX5wDG7F_3rge6vulkan7context15physical_deviceNtB2_14PhysicalDevice7collect
FN:102,_RNCNvMs_NtNtNtCs1YgDX5wDG7F_3rge6vulkan7context15physical_deviceNtB6_14PhysicalDevice16find_memory_type0Bc_
FN:88,_RNvMs_NtNtNtCs1YgDX5wDG7F_3rge6vulkan7context15physical_deviceNtB4_14PhysicalDevice12memory_heaps
FNDA:3,_RNCNvMs_NtNtNtCs9qctE1usXxK_3rge6vulkan7context15physical_deviceNtB6_14PhysicalDevice16find_memory_type0Bc_
FNDA:2,_RNCNvMNtNtNtCs9qctE1usXxK_3rge6vulkan7context15physical_deviceNtB4_14PhysicalDevice7collect0Ba_
FNDA:1,_RNvMs_NtNtNtCs9qctE1usXxK_3rge6vulkan7context15physical_deviceNtB4_14PhysicalDevice16find_memory_type
FNDA:2,_RNvMNtNtNtCs9qctE1usXxK_3rge6vulkan7context15physical_deviceNtB2_14PhysicalDevice3new
FNDA:1,_RNvMs_NtNtNtCs9qctE1usXxK_3rge6vulkan7context15physical_deviceNtB4_14PhysicalDevice12memory_types
FNDA:1,_RNvMNtNtNtCs9qctE1usXxK_3rge6vulkan7context15physical_deviceNtB2_14PhysicalDevice7collect
FNDA:0,_RNvMs_NtNtNtCs9qctE1usXxK_3rge6vulkan7context15physical_deviceNtB4_14PhysicalDevice12memory_heaps
FNDA:0,_RNvMs_NtNtNtCs1YgDX5wDG7F_3rge6vulkan7context15physical_deviceNtB4_14PhysicalDevice12memory_types
FNDA:0,_RNCNvMNtNtNtCs1YgDX5wDG7F_3rge6vulkan7context15physical_deviceNtB4_14PhysicalDevice7collect0Ba_
FNDA:0,_RNvMNtNtNtCs1YgDX5wDG7F_3rge6vulkan7context15physical_deviceNtB2_14PhysicalDevice3new
FNDA:0,_RNvMs_NtNtNtCs1YgDX5wDG7F_3rge6vulkan7context15physical_deviceNtB4_14PhysicalDevice16find_memory_type
FNDA:0,_RNvMNtNtNtCs1YgDX5wDG7F_3rge6vulkan7context15physical_deviceNtB2_14PhysicalDevice7collect
FNDA:0,_RNCNvMs_NtNtNtCs1YgDX5wDG7F_3rge6vulkan7context15physical_deviceNtB6_14PhysicalDevice16find_memory_type0Bc_
FNDA:0,_RNvMs_NtNtNtCs1YgDX5wDG7F_3rge6vulkan7context15physical_deviceNtB4_14PhysicalDevice12memory_heaps
FNF:7
FNH:6
DA:44,1
DA:45,1
DA:46,1
DA:47,1
DA:48,1
DA:49,1
DA:50,2
DA:51,1
DA:52,1
DA:55,2
DA:56,2
DA:57,2
DA:58,2
DA:59,2
DA:60,2
DA:61,2
DA:62,2
DA:63,2
DA:64,2
DA:65,2
DA:66,2
DA:67,2
DA:68,2
DA:69,2
DA:70,2
DA:71,2
DA:72,2
DA:73,2
DA:74,2
DA:81,1
DA:82,1
DA:83,1
DA:84,1
DA:88,0
DA:89,0
DA:90,0
DA:91,0
DA:94,1
DA:95,1
DA:96,1
DA:97,1
DA:98,1
DA:99,1
DA:100,1
DA:101,1
DA:102,3
DA:103,3
DA:104,3
DA:105,3
DA:106,3
DA:107,3
DA:108,3
DA:109,3
DA:110,1
BRF:0
BRH:0
LF:57
LH:53
end_of_record
SF:C:\Users\luigi\College\Spring 2023\Capstone\EricGrandizio\rge\src\vulkan\mod.rs
FN:57,_RNvMNtCs9qctE1usXxK_3rge6vulkanNtB2_6Vulkan10renderable
FN:58,_RNCNvMNtCs9qctE1usXxK_3rge6vulkanNtB4_6Vulkan10renderable0B6_
FN:62,_RNCNvMNtCs9qctE1usXxK_3rge6vulkanNtB4_6Vulkan14renderable_mut0B6_
FN:53,_RNvMNtCs9qctE1usXxK_3rge6vulkanNtB2_6Vulkan7context
FN:70,_RNvMs_NtCs9qctE1usXxK_3rge6vulkanNtB4_6Vulkan3new
FN:94,_RNvMs_NtCs9qctE1usXxK_3rge6vulkanNtB4_6Vulkan15destroy_surface
FN:61,_RNvMNtCs9qctE1usXxK_3rge6vulkanNtB2_6Vulkan14renderable_mut
FN:83,_RNvMs_NtCs9qctE1usXxK_3rge6vulkanNtB4_6Vulkan14create_surface
FN:70,_RNvMs_NtCs1YgDX5wDG7F_3rge6vulkanNtB4_6Vulkan3new
FN:83,_RNvMs_NtCs1YgDX5wDG7F_3rge6vulkanNtB4_6Vulkan14create_surface
FN:62,_RNCNvMNtCs1YgDX5wDG7F_3rge6vulkanNtB4_6Vulkan14renderable_mut0B6_
FN:61,_RNvMNtCs1YgDX5wDG7F_3rge6vulkanNtB2_6Vulkan14renderable_mut
FN:58,_RNCNvMNtCs1YgDX5wDG7F_3rge6vulkanNtB4_6Vulkan10renderable0B6_
FN:53,_RNvMNtCs1YgDX5wDG7F_3rge6vulkanNtB2_6Vulkan7context
FN:94,_RNvMs_NtCs1YgDX5wDG7F_3rge6vulkanNtB4_6Vulkan15destroy_surface
FN:57,_RNvMNtCs1YgDX5wDG7F_3rge6vulkanNtB2_6Vulkan10renderable
FNDA:0,_RNvMNtCs9qctE1usXxK_3rge6vulkanNtB2_6Vulkan10renderable
FNDA:0,_RNCNvMNtCs9qctE1usXxK_3rge6vulkanNtB4_6Vulkan10renderable0B6_
FNDA:1773,_RNCNvMNtCs9qctE1usXxK_3rge6vulkanNtB4_6Vulkan14renderable_mut0B6_
FNDA:1,_RNvMNtCs9qctE1usXxK_3rge6vulkanNtB2_6Vulkan7context
FNDA:1,_RNvMs_NtCs9qctE1usXxK_3rge6vulkanNtB4_6Vulkan3new
FNDA:1,_RNvMs_NtCs9qctE1usXxK_3rge6vulkanNtB4_6Vulkan15destroy_surface
FNDA:1773,_RNvMNtCs9qctE1usXxK_3rge6vulkanNtB2_6Vulkan14renderable_mut
FNDA:1,_RNvMs_NtCs9qctE1usXxK_3rge6vulkanNtB4_6Vulkan14create_surface
FNDA:0,_RNvMs_NtCs1YgDX5wDG7F_3rge6vulkanNtB4_6Vulkan3new
FNDA:0,_RNvMs_NtCs1YgDX5wDG7F_3rge6vulkanNtB4_6Vulkan14create_surface
FNDA:0,_RNCNvMNtCs1YgDX5wDG7F_3rge6vulkanNtB4_6Vulkan14renderable_mut0B6_
FNDA:0,_RNvMNtCs1YgDX5wDG7F_3rge6vulkanNtB2_6Vulkan14renderable_mut
FNDA:0,_RNCNvMNtCs1YgDX5wDG7F_3rge6vulkanNtB4_6Vulkan10renderable0B6_
FNDA:0,_RNvMNtCs1YgDX5wDG7F_3rge6vulkanNtB2_6Vulkan7context
FNDA:0,_RNvMs_NtCs1YgDX5wDG7F_3rge6vulkanNtB4_6Vulkan15destroy_surface
FNDA:0,_RNvMNtCs1YgDX5wDG7F_3rge6vulkanNtB2_6Vulkan10renderable
FNF:8
FNH:6
DA:53,1
DA:54,1
DA:55,1
DA:57,0
DA:58,0
DA:59,0
DA:61,1773
DA:62,1773
DA:63,1773
DA:70,1
DA:71,1
DA:72,1
DA:73,1
DA:74,1
DA:75,1
DA:76,1
DA:77,1
DA:78,1
DA:83,1
DA:84,1
DA:86,1
DA:87,1
DA:88,1
DA:89,1
DA:94,1
DA:95,1
DA:97,1
DA:98,1
DA:99,1
DA:100,1
DA:101,1
DA:103,1
DA:104,1
BRF:0
BRH:0
LF:35
LH:31
end_of_record
SF:C:\Users\luigi\College\Spring 2023\Capstone\EricGrandizio\rge\src\vulkan\render.rs
FN:76,_RNvMNtNtCs9qctE1usXxK_3rge6vulkan6renderNtNtB4_10renderable16VulkanRenderable14next_frame_idx
FN:131,_RNvMNtNtCs9qctE1usXxK_3rge6vulkan6renderNtNtB4_10renderable16VulkanRenderable12render_frame
FN:174,_RNvMNtNtCs9qctE1usXxK_3rge6vulkan6renderNtNtB4_10renderable16VulkanRenderable13acquire_image
FN:215,_RNvMNtNtCs9qctE1usXxK_3rge6vulkan6renderNtNtB4_10renderable16VulkanRenderable15record_commands
FN:550,_RNvMNtNtCs9qctE1usXxK_3rge6vulkan6renderNtNtB4_10renderable16VulkanRenderable13present_image
FN:71,_RNvMNtNtCs9qctE1usXxK_3rge6vulkan6renderNtNtB4_10renderable16VulkanRenderable13number_frames
FN:94,_RNvMNtNtCs9qctE1usXxK_3rge6vulkan6renderNtNtB4_10renderable16VulkanRenderable11update_size
FN:116,_RNvMNtNtCs9qctE1usXxK_3rge6vulkan6renderNtNtB4_10renderable16VulkanRenderable16update_swapchain
FN:507,_RNvMNtNtCs9qctE1usXxK_3rge6vulkan6renderNtNtB4_10renderable16VulkanRenderable15submit_commands
FN:81,_RNvMNtNtCs9qctE1usXxK_3rge6vulkan6renderNtNtB4_10renderable16VulkanRenderable14prev_frame_idx
FN:108,_RNvMNtNtCs9qctE1usXxK_3rge6vulkan6renderNtNtB4_10renderable16VulkanRenderable19update_surface_info
FN:24,_RNvMNtNtCs9qctE1usXxK_3rge6vulkan6renderNtNtB4_10renderable16VulkanRenderable6render
FN:302,_RNCNvMNtNtCs9qctE1usXxK_3rge6vulkan6renderNtNtB6_10renderable16VulkanRenderable15record_commands0B8_
FN:131,_RNvMNtNtCs1YgDX5wDG7F_3rge6vulkan6renderNtNtB4_10renderable16VulkanRenderable12render_frame
FN:116,_RNvMNtNtCs1YgDX5wDG7F_3rge6vulkan6renderNtNtB4_10renderable16VulkanRenderable16update_swapchain
FN:507,_RNvMNtNtCs1YgDX5wDG7F_3rge6vulkan6renderNtNtB4_10renderable16VulkanRenderable15submit_commands
FN:24,_RNvMNtNtCs1YgDX5wDG7F_3rge6vulkan6renderNtNtB4_10renderable16VulkanRenderable6render
FN:174,_RNvMNtNtCs1YgDX5wDG7F_3rge6vulkan6renderNtNtB4_10renderable16VulkanRenderable13acquire_image
FN:81,_RNvMNtNtCs1YgDX5wDG7F_3rge6vulkan6renderNtNtB4_10renderable16VulkanRenderable14prev_frame_idx
FN:76,_RNvMNtNtCs1YgDX5wDG7F_3rge6vulkan6renderNtNtB4_10renderable16VulkanRenderable14next_frame_idx
FN:108,_RNvMNtNtCs1YgDX5wDG7F_3rge6vulkan6renderNtNtB4_10renderable16VulkanRenderable19update_surface_info
FN:550,_RNvMNtNtCs1YgDX5wDG7F_3rge6vulkan6renderNtNtB4_10renderable16VulkanRenderable13present_image
FN:215,_RNvMNtNtCs1YgDX5wDG7F_3rge6vulkan6renderNtNtB4_10renderable16VulkanRenderable15record_commands
FN:71,_RNvMNtNtCs1YgDX5wDG7F_3rge6vulkan6renderNtNtB4_10renderable16VulkanRenderable13number_frames
FN:302,_RNCNvMNtNtCs1YgDX5wDG7F_3rge6vulkan6renderNtNtB6_10renderable16VulkanRenderable15record_commands0B8_
FN:94,_RNvMNtNtCs1YgDX5wDG7F_3rge6vulkan6renderNtNtB4_10renderable16VulkanRenderable11update_size
FNDA:1416,_RNvMNtNtCs9qctE1usXxK_3rge6vulkan6renderNtNtB4_10renderable16VulkanRenderable14next_frame_idx
FNDA:1416,_RNvMNtNtCs9qctE1usXxK_3rge6vulkan6renderNtNtB4_10renderable16VulkanRenderable12render_frame
FNDA:1416,_RNvMNtNtCs9qctE1usXxK_3rge6vulkan6renderNtNtB4_10renderable16VulkanRenderable13acquire_image
FNDA:1416,_RNvMNtNtCs9qctE1usXxK_3rge6vulkan6renderNtNtB4_10renderable16VulkanRenderable15record_commands
FNDA:1416,_RNvMNtNtCs9qctE1usXxK_3rge6vulkan6renderNtNtB4_10renderable16VulkanRenderable13present_image
FNDA:1963,_RNvMNtNtCs9qctE1usXxK_3rge6vulkan6renderNtNtB4_10renderable16VulkanRenderable13number_frames
FNDA:1773,_RNvMNtNtCs9qctE1usXxK_3rge6vulkan6renderNtNtB4_10renderable16VulkanRenderable11update_size
FNDA:127,_RNvMNtNtCs9qctE1usXxK_3rge6vulkan6renderNtNtB4_10renderable16VulkanRenderable16update_swapchain
FNDA:1416,_RNvMNtNtCs9qctE1usXxK_3rge6vulkan6renderNtNtB4_10renderable16VulkanRenderable15submit_commands
FNDA:1416,_RNvMNtNtCs9qctE1usXxK_3rge6vulkan6renderNtNtB4_10renderable16VulkanRenderable14prev_frame_idx
FNDA:127,_RNvMNtNtCs9qctE1usXxK_3rge6vulkan6renderNtNtB4_10renderable16VulkanRenderable19update_surface_info
FNDA:1773,_RNvMNtNtCs9qctE1usXxK_3rge6vulkan6renderNtNtB4_10renderable16VulkanRenderable6render
FNDA:12744,_RNCNvMNtNtCs9qctE1usXxK_3rge6vulkan6renderNtNtB6_10renderable16VulkanRenderable15record_commands0B8_
FNDA:0,_RNvMNtNtCs1YgDX5wDG7F_3rge6vulkan6renderNtNtB4_10renderable16VulkanRenderable12render_frame
FNDA:0,_RNvMNtNtCs1YgDX5wDG7F_3rge6vulkan6renderNtNtB4_10renderable16VulkanRenderable16update_swapchain
FNDA:0,_RNvMNtNtCs1YgDX5wDG7F_3rge6vulkan6renderNtNtB4_10renderable16VulkanRenderable15submit_commands
FNDA:0,_RNvMNtNtCs1YgDX5wDG7F_3rge6vulkan6renderNtNtB4_10renderable16VulkanRenderable6render
FNDA:0,_RNvMNtNtCs1YgDX5wDG7F_3rge6vulkan6renderNtNtB4_10renderable16VulkanRenderable13acquire_image
FNDA:0,_RNvMNtNtCs1YgDX5wDG7F_3rge6vulkan6renderNtNtB4_10renderable16VulkanRenderable14prev_frame_idx
FNDA:0,_RNvMNtNtCs1YgDX5wDG7F_3rge6vulkan6renderNtNtB4_10renderable16VulkanRenderable14next_frame_idx
FNDA:0,_RNvMNtNtCs1YgDX5wDG7F_3rge6vulkan6renderNtNtB4_10renderable16VulkanRenderable19update_surface_info
FNDA:0,_RNvMNtNtCs1YgDX5wDG7F_3rge6vulkan6renderNtNtB4_10renderable16VulkanRenderable13present_image
FNDA:0,_RNvMNtNtCs1YgDX5wDG7F_3rge6vulkan6renderNtNtB4_10renderable16VulkanRenderable15record_commands
FNDA:0,_RNvMNtNtCs1YgDX5wDG7F_3rge6vulkan6renderNtNtB4_10renderable16VulkanRenderable13number_frames
FNDA:0,_RNCNvMNtNtCs1YgDX5wDG7F_3rge6vulkan6renderNtNtB6_10renderable16VulkanRenderable15record_commands0B8_
FNDA:0,_RNvMNtNtCs1YgDX5wDG7F_3rge6vulkan6renderNtNtB4_10renderable16VulkanRenderable11update_size
FNF:13
FNH:13
DA:24,1773
DA:25,1773
DA:27,1773
DA:28,1773
DA:29,1773
DA:30,1773
DA:32,1773
DA:34,357
DA:35,1416
DA:36,1416
DA:37,1416
DA:38,127
DA:39,127
DA:40,1289
DA:42,1416
DA:47,1416
DA:48,0
DA:49,0
DA:50,0
DA:51,0
DA:52,0
DA:53,0
DA:56,0
DA:57,0
DA:58,0
DA:59,0
DA:60,0
DA:61,0
DA:65,1416
DA:66,1773
DA:71,1963
DA:72,1963
DA:73,1963
DA:76,1416
DA:77,1416
DA:78,1416
DA:81,1416
DA:82,1416
DA:83,547
DA:85,869
DA:87,1416
DA:94,1773
DA:95,1773
DA:97,1773
DA:98,1773
DA:99,1773
DA:100,1773
DA:101,1773
DA:102,1773
DA:103,1773
DA:108,127
DA:109,127
DA:110,127
DA:111,127
DA:116,127
DA:117,127
DA:118,127
DA:119,127
DA:120,127
DA:121,127
DA:122,127
DA:123,127
DA:124,127
DA:125,127
DA:131,1416
DA:132,1416
DA:133,1416
DA:134,1416
DA:135,1416
DA:136,1416
DA:137,1416
DA:138,1416
DA:146,1416
DA:148,0
DA:150,1416
DA:152,1416
DA:153,1416
DA:154,1416
DA:155,1416
DA:156,1416
DA:157,1416
DA:158,1416
DA:159,1416
DA:160,0
DA:161,1416
DA:162,1416
DA:163,1416
DA:164,0
DA:165,1416
DA:166,1416
DA:167,1416
DA:168,1416
DA:174,1416
DA:175,1416
DA:176,1416
DA:177,1416
DA:178,1416
DA:179,1416
DA:180,1416
DA:181,1416
DA:182,1416
DA:183,1416
DA:184,1416
DA:185,1416
DA:186,1416
DA:187,1416
DA:188,1416
DA:189,1416
DA:190,1416
DA:191,1416
DA:192,1416
DA:193,1416
DA:194,1416
DA:195,1416
DA:196,1416
DA:197,1416
DA:199,1416
DA:200,0
DA:201,1416
DA:202,1416
DA:203,1416
DA:204,1416
DA:205,1416
DA:206,1416
DA:207,1416
DA:208,1416
DA:209,1416
DA:210,1416
DA:215,1416
DA:216,1416
DA:217,1416
DA:218,1416
DA:219,1416
DA:220,1416
DA:221,1416
DA:222,1416
DA:223,1416
DA:224,1416
DA:225,1416
DA:226,1416
DA:227,1416
DA:228,1416
DA:229,1416
DA:230,1416
DA:231,1416
DA:232,1416
DA:233,1416
DA:234,1416
DA:235,1416
DA:236,1416
DA:237,1416
DA:238,1416
DA:239,1416
DA:240,1416
DA:241,1416
DA:242,1416
DA:243,1416
DA:244,1416
DA:245,1416
DA:246,1416
DA:247,1416
DA:248,1416
DA:249,1416
DA:250,1416
DA:251,1416
DA:252,1416
DA:253,1416
DA:254,1416
DA:255,1416
DA:256,1416
DA:257,1416
DA:258,1416
DA:259,1416
DA:260,1416
DA:261,1416
DA:262,1416
DA:263,1416
DA:264,1416
DA:265,1416
DA:266,1416
DA:267,1416
DA:268,1416
DA:269,1416
DA:270,1416
DA:271,1416
DA:272,1416
DA:273,1416
DA:274,1416
DA:275,1416
DA:276,1416
DA:277,1416
DA:278,1416
DA:279,1416
DA:280,1416
DA:281,1416
DA:282,1416
DA:283,1416
DA:284,1416
DA:285,1416
DA:286,1416
DA:287,1416
DA:288,1416
DA:289,1416
DA:290,1416
DA:291,1416
DA:292,1416
DA:293,1416
DA:294,1416
DA:295,1416
DA:296,1416
DA:297,1416
DA:298,1416
DA:299,1416
DA:300,1416
DA:301,1416
DA:302,12744
DA:303,12744
DA:304,12744
DA:305,12744
DA:306,12744
DA:307,12744
DA:311,1416
DA:312,1416
DA:313,1416
DA:314,1416
DA:315,1416
DA:316,1416
DA:317,1416
DA:318,1416
DA:319,1416
DA:320,1416
DA:321,1416
DA:322,1416
DA:323,1416
DA:324,1416
DA:325,1416
DA:326,1416
DA:327,1416
DA:328,1416
DA:329,1416
DA:330,1416
DA:331,1416
DA:332,1416
DA:333,1416
DA:334,1416
DA:335,1416
DA:336,1416
DA:337,1416
DA:338,1416
DA:339,1416
DA:340,1416
DA:341,1416
DA:342,1416
DA:343,1416
DA:344,1416
DA:345,1416
DA:346,1416
DA:347,1416
DA:348,1416
DA:349,1416
DA:350,1416
DA:351,1416
DA:352,1416
DA:353,1416
DA:354,1416
DA:355,1416
DA:356,1416
DA:357,1416
DA:358,1416
DA:359,1416
DA:360,1416
DA:361,1416
DA:362,1416
DA:363,1416
DA:364,1416
DA:365,1416
DA:366,1416
DA:367,1416
DA:368,1416
DA:369,1416
DA:370,1416
DA:371,1416
DA:372,1416
DA:373,1416
DA:374,1416
DA:375,1416
DA:376,1416
DA:377,1416
DA:378,1416
DA:379,1416
DA:380,1416
DA:381,1416
DA:382,1416
DA:383,1416
DA:384,1416
DA:385,1416
DA:386,1416
DA:387,1416
DA:388,1416
DA:389,1416
DA:390,1416
DA:391,1416
DA:392,1416
DA:393,1416
DA:394,1416
DA:395,1416
DA:396,1416
DA:397,1416
DA:398,1416
DA:399,1416
DA:400,1416
DA:401,1416
DA:402,1416
DA:403,1416
DA:404,1416
DA:405,1416
DA:406,1416
DA:407,1416
DA:408,1416
DA:409,1416
DA:410,1416
DA:411,1416
DA:412,1416
DA:413,1416
DA:414,1416
DA:415,1416
DA:416,1416
DA:417,1416
DA:418,1416
DA:419,1416
DA:420,1416
DA:421,1416
DA:422,1416
DA:423,1416
DA:424,1416
DA:425,1416
DA:426,1416
DA:427,1416
DA:428,1416
DA:429,1416
DA:430,1416
DA:431,1416
DA:432,1416
DA:433,1416
DA:434,1416
DA:435,1416
DA:436,1416
DA:437,1416
DA:438,1416
DA:439,1416
DA:440,1416
DA:441,1416
DA:442,1416
DA:443,1416
DA:445,9912
DA:446,8496
DA:447,8496
DA:448,8496
DA:449,8496
DA:450,8496
DA:451,8496
DA:452,8496
DA:453,8496
DA:454,8496
DA:455,8496
DA:456,8496
DA:457,8496
DA:458,8496
DA:459,8496
DA:460,8496
DA:461,8496
DA:462,8496
DA:463,8496
DA:464,8496
DA:465,8496
DA:466,8496
DA:467,8496
DA:468,8496
DA:469,8496
DA:470,8496
DA:471,8496
DA:472,8496
DA:473,8496
DA:474,8496
DA:476,8496
DA:477,4248
DA:478,4248
DA:479,4248
DA:480,4248
DA:481,4248
DA:482,4248
DA:483,4248
DA:484,4248
DA:485,4248
DA:487,8496
DA:488,4248
DA:489,4248
DA:490,4248
DA:491,4248
DA:492,4248
DA:493,4248
DA:495,1416
DA:496,1416
DA:497,1416
DA:498,1416
DA:499,1416
DA:500,1416
DA:501,1416
DA:507,1416
DA:508,1416
DA:509,1416
DA:510,1416
DA:511,1416
DA:512,1416
DA:513,1416
DA:514,1416
DA:515,1416
DA:516,1416
DA:517,1416
DA:518,1416
DA:519,1416
DA:520,1416
DA:521,1416
DA:522,1416
DA:523,1416
DA:524,1416
DA:525,1416
DA:526,1416
DA:527,1416
DA:528,1416
DA:529,1416
DA:530,1416
DA:531,1416
DA:532,1416
DA:533,1416
DA:534,1416
DA:535,1416
DA:536,1416
DA:537,0
DA:538,1416
DA:539,1416
DA:540,1416
DA:541,1416
DA:542,1416
DA:543,1416
DA:544,1416
DA:550,1416
DA:551,1416
DA:552,1416
DA:553,1416
DA:554,1416
DA:555,1416
DA:556,1416
DA:557,1416
DA:558,1416
DA:559,1416
DA:560,1416
DA:561,1416
DA:562,1416
DA:563,1416
DA:564,1416
DA:565,1416
DA:566,1416
DA:567,1416
DA:568,1416
DA:569,1416
DA:570,1416
DA:572,1416
DA:573,0
DA:574,1416
DA:575,1416
DA:576,1416
DA:577,1416
DA:578,0
DA:579,1416
DA:581,1416
DA:582,1416
BRF:0
BRH:0
LF:478
LH:459
end_of_record
SF:C:\Users\luigi\College\Spring 2023\Capstone\EricGrandizio\rge\src\vulkan\renderable\device.rs
FN:44,_RNvMNtNtNtCs9qctE1usXxK_3rge6vulkan10renderable6deviceNtB2_6Device8instance
FN:40,_RNvMNtNtNtCs9qctE1usXxK_3rge6vulkan10renderable6deviceNtB2_6Device7context
FN:48,_RNvMNtNtNtCs9qctE1usXxK_3rge6vulkan10renderable6deviceNtB2_6Device10ash_device
FN:57,_RNvMs_NtNtNtCs9qctE1usXxK_3rge6vulkan10renderable6deviceNtB4_6Device3new
FN:36,_RNvMNtNtNtCs9qctE1usXxK_3rge6vulkan10renderable6deviceNtB2_6Device4exts
FN:40,_RNvMNtNtNtCs1YgDX5wDG7F_3rge6vulkan10renderable6deviceNtB2_6Device7context
FN:36,_RNvMNtNtNtCs1YgDX5wDG7F_3rge6vulkan10renderable6deviceNtB2_6Device4exts
FN:57,_RNvMs_NtNtNtCs1YgDX5wDG7F_3rge6vulkan10renderable6deviceNtB4_6Device3new
FN:44,_RNvMNtNtNtCs1YgDX5wDG7F_3rge6vulkan10renderable6deviceNtB2_6Device8instance
FN:48,_RNvMNtNtNtCs1YgDX5wDG7F_3rge6vulkan10renderable6deviceNtB2_6Device10ash_device
FNDA:0,_RNvMNtNtNtCs9qctE1usXxK_3rge6vulkan10renderable6deviceNtB2_6Device8instance
FNDA:0,_RNvMNtNtNtCs9qctE1usXxK_3rge6vulkan10renderable6deviceNtB2_6Device7context
FNDA:11973,_RNvMNtNtNtCs9qctE1usXxK_3rge6vulkan10renderable6deviceNtB2_6Device10ash_device
FNDA:1,_RNvMs_NtNtNtCs9qctE1usXxK_3rge6vulkan10renderable6deviceNtB4_6Device3new
FNDA:128,_RNvMNtNtNtCs9qctE1usXxK_3rge6vulkan10renderable6deviceNtB2_6Device4exts
FNDA:0,_RNvMNtNtNtCs1YgDX5wDG7F_3rge6vulkan10renderable6deviceNtB2_6Device7context
FNDA:0,_RNvMNtNtNtCs1YgDX5wDG7F_3rge6vulkan10renderable6deviceNtB2_6Device4exts
FNDA:0,_RNvMs_NtNtNtCs1YgDX5wDG7F_3rge6vulkan10renderable6deviceNtB4_6Device3new
FNDA:0,_RNvMNtNtNtCs1YgDX5wDG7F_3rge6vulkan10renderable6deviceNtB2_6Device8instance
FNDA:0,_RNvMNtNtNtCs1YgDX5wDG7F_3rge6vulkan10renderable6deviceNtB2_6Device10ash_device
FNF:5
FNH:3
DA:36,128
DA:37,128
DA:38,128
DA:40,0
DA:41,0
DA:42,0
DA:44,0
DA:45,0
DA:46,0
DA:48,11973
DA:49,11973
DA:50,11973
DA:57,1
DA:58,1
DA:59,1
DA:60,1
DA:61,1
DA:62,1
DA:63,1
DA:64,1
DA:65,1
DA:66,1
DA:67,1
DA:68,1
DA:69,1
DA:70,1
DA:71,1
DA:72,1
DA:73,1
DA:74,1
DA:75,1
DA:76,1
DA:77,1
BRF:0
BRH:0
LF:33
LH:27
end_of_record
SF:C:\Users\luigi\College\Spring 2023\Capstone\EricGrandizio\rge\src\vulkan\renderable\device_exts.rs
FN:25,_RNvMNtNtNtCs9qctE1usXxK_3rge6vulkan10renderable11device_extsNtB2_10DeviceExts3new
FN:25,_RNvMNtNtNtCs1YgDX5wDG7F_3rge6vulkan10renderable11device_extsNtB2_10DeviceExts3new
FNDA:1,_RNvMNtNtNtCs9qctE1usXxK_3rge6vulkan10renderable11device_extsNtB2_10DeviceExts3new
FNDA:0,_RNvMNtNtNtCs1YgDX5wDG7F_3rge6vulkan10renderable11device_extsNtB2_10DeviceExts3new
FNF:1
FNH:1
DA:25,1
DA:26,1
DA:27,1
DA:28,1
DA:29,1
DA:30,1
BRF:0
BRH:0
LF:6
LH:6
end_of_record
SF:C:\Users\luigi\College\Spring 2023\Capstone\EricGrandizio\rge\src\vulkan\renderable\device_selection.rs
FN:17,_RNvXs4_NtNtNtCs9qctE1usXxK_3rge6vulkan10renderable16device_selectionNtB5_7RankingNtNtCs1RoSZkFyxqL_4core5clone5Clone5cloneBb_
FN:69,_RNvMs0_NtNtNtCs9qctE1usXxK_3rge6vulkan10renderable16device_selectionNtB5_15DeviceSelection15graphics_family
FN:17,_RNvXs7_NtNtNtCs9qctE1usXxK_3rge6vulkan10renderable16device_selectionNtB5_7RankingNtNtCs1RoSZkFyxqL_4core3cmp9PartialEq2eqBb_
FN:73,_RNvMs0_NtNtNtCs9qctE1usXxK_3rge6vulkan10renderable16device_selectionNtB5_15DeviceSelection14present_family
FN:133,_RNvMs2_NtNtNtCs9qctE1usXxK_3rge6vulkan10renderable16device_selectionNtB5_15DeviceSelection18unique_queue_count
FN:27,_RNvXNtNtNtCs9qctE1usXxK_3rge6vulkan10renderable16device_selectionNtB2_7RankingNtNtCs1RoSZkFyxqL_4core3cmp10PartialOrd11partial_cmp
FN:119,_RNvMs2_NtNtNtCs9qctE1usXxK_3rge6vulkan10renderable16device_selectionNtB5_15DeviceSelection13queue_indices
FN:61,_RNvMs0_NtNtNtCs9qctE1usXxK_3rge6vulkan10renderable16device_selectionNtB5_15DeviceSelection7context
FN:195,_RNvMs3_NtNtNtCs9qctE1usXxK_3rge6vulkan10renderable16device_selectionNtB5_15DeviceSelection19rank_queue_graphics
FN:244,_RNvMs3_NtNtNtCs9qctE1usXxK_3rge6vulkan10renderable16device_selectionNtB5_15DeviceSelection15device_rankings
FN:142,_RNvMs2_NtNtNtCs9qctE1usXxK_3rge6vulkan10renderable16device_selectionNtB5_15DeviceSelection10queue_mode
FN:158,_RNvMs3_NtNtNtCs9qctE1usXxK_3rge6vulkan10renderable16device_selectionNtB5_15DeviceSelection11rank_device
FN:124,_RNvMs2_NtNtNtCs9qctE1usXxK_3rge6vulkan10renderable16device_selectionNtB5_15DeviceSelection22concurrent_queue_count
FN:272,_RNvMs3_NtNtNtCs9qctE1usXxK_3rge6vulkan10renderable16device_selectionNtB5_15DeviceSelection23graphics_queue_rankings
FN:65,_RNvMs0_NtNtNtCs9qctE1usXxK_3rge6vulkan10renderable16device_selectionNtB5_15DeviceSelection8physical
FN:33,_RNvXs_NtNtNtCs9qctE1usXxK_3rge6vulkan10renderable16device_selectionNtB4_7RankingNtNtCs1RoSZkFyxqL_4core3cmp3Ord3cmp
FN:219,_RNvMs3_NtNtNtCs9qctE1usXxK_3rge6vulkan10renderable16device_selectionNtB5_15DeviceSelection18rank_queue_present
FN:17,_RNvXsa_NtNtNtCs9qctE1usXxK_3rge6vulkan10renderable16device_selectionNtB5_7RankingNtNtCs1RoSZkFyxqL_4core3fmt5Debug3fmt
FN:292,_RNvMs3_NtNtNtCs9qctE1usXxK_3rge6vulkan10renderable16device_selectionNtB5_15DeviceSelection22present_queue_rankings
FN:82,_RNvMs1_NtNtNtCs9qctE1usXxK_3rge6vulkan10renderable16device_selectionNtB5_15DeviceSelection3new
FN:114,_RNvMs2_NtNtNtCs9qctE1usXxK_3rge6vulkan10renderable16device_selectionNtB5_15DeviceSelection13queues_unique
FN:251,_RNCNvMs3_NtNtNtCs9qctE1usXxK_3rge6vulkan10renderable16device_selectionNtB7_15DeviceSelection15device_rankings0Bd_
FN:278,_RNCNvMs3_NtNtNtCs9qctE1usXxK_3rge6vulkan10renderable16device_selectionNtB7_15DeviceSelection23graphics_queue_rankings0Bd_
FN:298,_RNCNvMs3_NtNtNtCs9qctE1usXxK_3rge6vulkan10renderable16device_selectionNtB7_15DeviceSelection22present_queue_rankings0Bd_
FN:308,_RNCNvMs3_NtNtNtCs9qctE1usXxK_3rge6vulkan10renderable16device_selectionNtB7_15DeviceSelection22present_queue_rankingss_0Bd_
FN:268,_RNCNvMs3_NtNtNtCs9qctE1usXxK_3rge6vulkan10renderable16device_selectionNtB7_15DeviceSelection15device_rankingss_0Bd_
FN:288,_RNCNvMs3_NtNtNtCs9qctE1usXxK_3rge6vulkan10renderable16device_selectionNtB7_15DeviceSelection23graphics_queue_rankingss_0Bd_
FN:69,_RNvMs0_NtNtNtCs1YgDX5wDG7F_3rge6vulkan10renderable16device_selectionNtB5_15DeviceSelection15graphics_family
FN:158,_RNvMs3_NtNtNtCs1YgDX5wDG7F_3rge6vulkan10renderable16device_selectionNtB5_15DeviceSelection11rank_device
FN:272,_RNvMs3_NtNtNtCs1YgDX5wDG7F_3rge6vulkan10renderable16device_selectionNtB5_15DeviceSelection23graphics_queue_rankings
FN:308,_RNCNvMs3_NtNtNtCs1YgDX5wDG7F_3rge6vulkan10renderable16device_selectionNtB7_15DeviceSelection22present_queue_rankingss_0Bd_
FN:82,_RNvMs1_NtNtNtCs1YgDX5wDG7F_3rge6vulkan10renderable16device_selectionNtB5_15DeviceSelection3new
FN:244,_RNvMs3_NtNtNtCs1YgDX5wDG7F_3rge6vulkan10renderable16device_selectionNtB5_15DeviceSelection15device_rankings
FN:27,_RNvXNtNtNtCs1YgDX5wDG7F_3rge6vulkan10renderable16device_selectionNtB2_7RankingNtNtCs1RoSZkFyxqL_4core3cmp10PartialOrd11partial_cmp
FN:278,_RNCNvMs3_NtNtNtCs1YgDX5wDG7F_3rge6vulkan10renderable16device_selectionNtB7_15DeviceSelection23graphics_queue_rankings0Bd_
FN:17,_RNvXs7_NtNtNtCs1YgDX5wDG7F_3rge6vulkan10renderable16device_selectionNtB5_7RankingNtNtCs1RoSZkFyxqL_4core3cmp9PartialEq2eqBb_
FN:251,_RNCNvMs3_NtNtNtCs1YgDX5wDG7F_3rge6vulkan10renderable16device_selectionNtB7_15DeviceSelection15device_rankings0Bd_
FN:61,_RNvMs0_NtNtNtCs1YgDX5wDG7F_3rge6vulkan10renderable16device_selectionNtB5_15DeviceSelection7context
FN:298,_RNCNvMs3_NtNtNtCs1YgDX5wDG7F_3rge6vulkan10renderable16device_selectionNtB7_15DeviceSelection22present_queue_rankings0Bd_
FN:119,_RNvMs2_NtNtNtCs1YgDX5wDG7F_3rge6vulkan10renderable16device_selectionNtB5_15DeviceSelection13queue_indices
FN:288,_RNCNvMs3_NtNtNtCs1YgDX5wDG7F_3rge6vulkan10renderable16device_selectionNtB7_15DeviceSelection23graphics_queue_rankingss_0Bd_
FN:219,_RNvMs3_NtNtNtCs1YgDX5wDG7F_3rge6vulkan10renderable16device_selectionNtB5_15DeviceSelection18rank_queue_present
FN:114,_RNvMs2_NtNtNtCs1YgDX5wDG7F_3rge6vulkan10renderable16device_selectionNtB5_15DeviceSelection13queues_unique
FN:124,_RNvMs2_NtNtNtCs1YgDX5wDG7F_3rge6vulkan10renderable16device_selectionNtB5_15DeviceSelection22concurrent_queue_count
FN:65,_RNvMs0_NtNtNtCs1YgDX5wDG7F_3rge6vulkan10renderable16device_selectionNtB5_15DeviceSelection8physical
FN:33,_RNvXs_NtNtNtCs1YgDX5wDG7F_3rge6vulkan10renderable16device_selectionNtB4_7RankingNtNtCs1RoSZkFyxqL_4core3cmp3Ord3cmp
FN:292,_RNvMs3_NtNtNtCs1YgDX5wDG7F_3rge6vulkan10renderable16device_selectionNtB5_15DeviceSelection22present_queue_rankings
FN:142,_RNvMs2_NtNtNtCs1YgDX5wDG7F_3rge6vulkan10renderable16device_selectionNtB5_15DeviceSelection10queue_mode
FN:73,_RNvMs0_NtNtNtCs1YgDX5wDG7F_3rge6vulkan10renderable16device_selectionNtB5_15DeviceSelection14present_family
FN:133,_RNvMs2_NtNtNtCs1YgDX5wDG7F_3rge6vulkan10renderable16device_selectionNtB5_15DeviceSelection18unique_queue_count
FN:195,_RNvMs3_NtNtNtCs1YgDX5wDG7F_3rge6vulkan10renderable16device_selectionNtB5_15DeviceSelection19rank_queue_graphics
FN:17,_RNvXsa_NtNtNtCs1YgDX5wDG7F_3rge6vulkan10renderable16device_selectionNtB5_7RankingNtNtCs1RoSZkFyxqL_4core3fmt5Debug3fmt
FN:17,_RNvXs4_NtNtNtCs1YgDX5wDG7F_3rge6vulkan10renderable16device_selectionNtB5_7RankingNtNtCs1RoSZkFyxqL_4core5clone5Clone5cloneBb_
FN:268,_RNCNvMs3_NtNtNtCs1YgDX5wDG7F_3rge6vulkan10renderable16device_selectionNtB7_15DeviceSelection15device_rankingss_0Bd_
FNDA:0,_RNvXs4_NtNtNtCs9qctE1usXxK_3rge6vulkan10renderable16device_selectionNtB5_7RankingNtNtCs1RoSZkFyxqL_4core5clone5Clone5cloneBb_
FNDA:0,_RNvMs0_NtNtNtCs9qctE1usXxK_3rge6vulkan10renderable16device_selectionNtB5_15DeviceSelection15graphics_family
FNDA:0,_RNvXs7_NtNtNtCs9qctE1usXxK_3rge6vulkan10renderable16device_selectionNtB5_7RankingNtNtCs1RoSZkFyxqL_4core3cmp9PartialEq2eqBb_
FNDA:0,_RNvMs0_NtNtNtCs9qctE1usXxK_3rge6vulkan10renderable16device_selectionNtB5_15DeviceSelection14present_family
FNDA:1,_RNvMs2_NtNtNtCs9qctE1usXxK_3rge6vulkan10renderable16device_selectionNtB5_15DeviceSelection18unique_queue_count
FNDA:0,_RNvXNtNtNtCs9qctE1usXxK_3rge6vulkan10renderable16device_selectionNtB2_7RankingNtNtCs1RoSZkFyxqL_4core3cmp10PartialOrd11partial_cmp
FNDA:128,_RNvMs2_NtNtNtCs9qctE1usXxK_3rge6vulkan10renderable16device_selectionNtB5_15DeviceSelection13queue_indices
FNDA:130,_RNvMs0_NtNtNtCs9qctE1usXxK_3rge6vulkan10renderable16device_selectionNtB5_15DeviceSelection7context
FNDA:4,_RNvMs3_NtNtNtCs9qctE1usXxK_3rge6vulkan10renderable16device_selectionNtB5_15DeviceSelection19rank_queue_graphics
FNDA:1,_RNvMs3_NtNtNtCs9qctE1usXxK_3rge6vulkan10renderable16device_selectionNtB5_15DeviceSelection15device_rankings
FNDA:128,_RNvMs2_NtNtNtCs9qctE1usXxK_3rge6vulkan10renderable16device_selectionNtB5_15DeviceSelection10queue_mode
FNDA:2,_RNvMs3_NtNtNtCs9qctE1usXxK_3rge6vulkan10renderable16device_selectionNtB5_15DeviceSelection11rank_device
FNDA:128,_RNvMs2_NtNtNtCs9qctE1usXxK_3rge6vulkan10renderable16device_selectionNtB5_15DeviceSelection22concurrent_queue_count
FNDA:1,_RNvMs3_NtNtNtCs9qctE1usXxK_3rge6vulkan10renderable16device_selectionNtB5_15DeviceSelection23graphics_queue_rankings
FNDA:130,_RNvMs0_NtNtNtCs9qctE1usXxK_3rge6vulkan10renderable16device_selectionNtB5_15DeviceSelection8physical
FNDA:2,_RNvXs_NtNtNtCs9qctE1usXxK_3rge6vulkan10renderable16device_selectionNtB4_7RankingNtNtCs1RoSZkFyxqL_4core3cmp3Ord3cmp
FNDA:4,_RNvMs3_NtNtNtCs9qctE1usXxK_3rge6vulkan10renderable16device_selectionNtB5_15DeviceSelection18rank_queue_present
FNDA:0,_RNvXsa_NtNtNtCs9qctE1usXxK_3rge6vulkan10renderable16device_selectionNtB5_7RankingNtNtCs1RoSZkFyxqL_4core3fmt5Debug3fmt
FNDA:1,_RNvMs3_NtNtNtCs9qctE1usXxK_3rge6vulkan10renderable16device_selectionNtB5_15DeviceSelection22present_queue_rankings
FNDA:1,_RNvMs1_NtNtNtCs9qctE1usXxK_3rge6vulkan10renderable16device_selectionNtB5_15DeviceSelection3new
FNDA:385,_RNvMs2_NtNtNtCs9qctE1usXxK_3rge6vulkan10renderable16device_selectionNtB5_15DeviceSelection13queues_unique
FNDA:2,_RNCNvMs3_NtNtNtCs9qctE1usXxK_3rge6vulkan10renderable16device_selectionNtB7_15DeviceSelection15device_rankings0Bd_
FNDA:4,_RNCNvMs3_NtNtNtCs9qctE1usXxK_3rge6vulkan10renderable16device_selectionNtB7_15DeviceSelection23graphics_queue_rankings0Bd_
FNDA:4,_RNCNvMs3_NtNtNtCs9qctE1usXxK_3rge6vulkan10renderable16device_selectionNtB7_15DeviceSelection22present_queue_rankings0Bd_
FNDA:4,_RNCNvMs3_NtNtNtCs9qctE1usXxK_3rge6vulkan10renderable16device_selectionNtB7_15DeviceSelection22present_queue_rankingss_0Bd_
FNDA:2,_RNCNvMs3_NtNtNtCs9qctE1usXxK_3rge6vulkan10renderable16device_selectionNtB7_15DeviceSelection15device_rankingss_0Bd_
FNDA:4,_RNCNvMs3_NtNtNtCs9qctE1usXxK_3rge6vulkan10renderable16device_selectionNtB7_15DeviceSelection23graphics_queue_rankingss_0Bd_
FNDA:0,_RNvMs0_NtNtNtCs1YgDX5wDG7F_3rge6vulkan10renderable16device_selectionNtB5_15DeviceSelection15graphics_family
FNDA:0,_RNvMs3_NtNtNtCs1YgDX5wDG7F_3rge6vulkan10renderable16device_selectionNtB5_15DeviceSelection11rank_device
FNDA:0,_RNvMs3_NtNtNtCs1YgDX5wDG7F_3rge6vulkan10renderable16device_selectionNtB5_15DeviceSelection23graphics_queue_rankings
FNDA:0,_RNCNvMs3_NtNtNtCs1YgDX5wDG7F_3rge6vulkan10renderable16device_selectionNtB7_15DeviceSelection22present_queue_rankingss_0Bd_
FNDA:0,_RNvMs1_NtNtNtCs1YgDX5wDG7F_3rge6vulkan10renderable16device_selectionNtB5_15DeviceSelection3new
FNDA:0,_RNvMs3_NtNtNtCs1YgDX5wDG7F_3rge6vulkan10renderable16device_selectionNtB5_15DeviceSelection15device_rankings
FNDA:0,_RNvXNtNtNtCs1YgDX5wDG7F_3rge6vulkan10renderable16device_selectionNtB2_7RankingNtNtCs1RoSZkFyxqL_4core3cmp10PartialOrd11partial_cmp
FNDA:0,_RNCNvMs3_NtNtNtCs1YgDX5wDG7F_3rge6vulkan10renderable16device_selectionNtB7_15DeviceSelection23graphics_queue_rankings0Bd_
FNDA:0,_RNvXs7_NtNtNtCs1YgDX5wDG7F_3rge6vulkan10renderable16device_selectionNtB5_7RankingNtNtCs1RoSZkFyxqL_4core3cmp9PartialEq2eqBb_
FNDA:0,_RNCNvMs3_NtNtNtCs1YgDX5wDG7F_3rge6vulkan10renderable16device_selectionNtB7_15DeviceSelection15device_rankings0Bd_
FNDA:0,_RNvMs0_NtNtNtCs1YgDX5wDG7F_3rge6vulkan10renderable16device_selectionNtB5_15DeviceSelection7context
FNDA:0,_RNCNvMs3_NtNtNtCs1YgDX5wDG7F_3rge6vulkan10renderable16device_selectionNtB7_15DeviceSelection22present_queue_rankings0Bd_
FNDA:0,_RNvMs2_NtNtNtCs1YgDX5wDG7F_3rge6vulkan10renderable16device_selectionNtB5_15DeviceSelection13queue_indices
FNDA:0,_RNCNvMs3_NtNtNtCs1YgDX5wDG7F_3rge6vulkan10renderable16device_selectionNtB7_15DeviceSelection23graphics_queue_rankingss_0Bd_
FNDA:0,_RNvMs3_NtNtNtCs1YgDX5wDG7F_3rge6vulkan10renderable16device_selectionNtB5_15DeviceSelection18rank_queue_present
FNDA:0,_RNvMs2_NtNtNtCs1YgDX5wDG7F_3rge6vulkan10renderable16device_selectionNtB5_15DeviceSelection13queues_unique
FNDA:0,_RNvMs2_NtNtNtCs1YgDX5wDG7F_3rge6vulkan10renderable16device_selectionNtB5_15DeviceSelection22concurrent_queue_count
FNDA:0,_RNvMs0_NtNtNtCs1YgDX5wDG7F_3rge6vulkan10renderable16device_selectionNtB5_15DeviceSelection8physical
[...]
FNDA:1,_RNvMNtNtNtCs9qctE1usXxK_3rge6vulkan5utils7aliasedINtB2_7AliasedNtNtNtB6_7context8instance8InstanceE8from_boxB8_
FNDA:1,_RNvXs0_NtNtNtCs9qctE1usXxK_3rge6vulkan5utils7aliasedINtB5_7AliasedNtNtCs2vmt5TG3gUg_3ash5entry5EntryENtNtNtCs1RoSZkFyxqL_4core3ops5deref5Deref5derefBb_
FNDA:0,_RNvXININtNtNtCs1YgDX5wDG7F_3rge6vulkan5utils7aliaseds0_0pEINtB5_7AliasedpENtNtNtCs1RoSZkFyxqL_4core3ops5deref5Deref5derefBb_
FNDA:0,_RNvMNtNtNtCs1YgDX5wDG7F_3rge6vulkan5utils7aliasedINtB2_7AliasedpE3newB8_
FNDA:0,_RNvXININtNtNtCs1YgDX5wDG7F_3rge6vulkan5utils7aliaseds_0pEINtB5_7AliasedpENtNtNtCs1RoSZkFyxqL_4core3ops4drop4Drop4dropBb_
FNDA:0,_RNvXININtNtNtCs1YgDX5wDG7F_3rge6vulkan5utils7aliaseds1_0pEINtB5_7AliasedpENtNtNtCs1RoSZkFyxqL_4core3ops5deref8DerefMut9deref_mutBb_
FNDA:0,_RNvMNtNtNtCs1YgDX5wDG7F_3rge6vulkan5utils7aliasedINtB2_7AliasedpE8from_boxB8_
FNF:5
FNH:5
DA:23,7
DA:24,7
DA:25,7
DA:26,7
DA:29,7
DA:30,7
DA:31,7
DA:32,7
DA:33,7
DA:37,7
DA:38,7
DA:39,7
DA:40,7
DA:41,7
DA:42,7
DA:48,5928
DA:49,5928
DA:50,5928
DA:54,1773
DA:55,1773
DA:56,1773
BRF:0
BRH:0
LF:21
LH:21
end_of_record
SF:C:\Users\luigi\College\Spring 2023\Capstone\EricGrandizio\rge\src\vulkan\utils\extensions.rs
FN:83,_RINvMs_NtNtNtCs9qctE1usXxK_3rge6vulkan5utils10extensionsNtB5_10Extensions9supportedpEBb_
FN:87,_RNCINvMs_NtNtNtCs9qctE1usXxK_3rge6vulkan5utils10extensionsNtB7_10Extensions9supportedpE0Bd_
FN:25,_RNvMNtNtNtCs9qctE1usXxK_3rge6vulkan5utils10extensionsNtB2_10Extensions18supported_instance
FN:31,_RNvMNtNtNtCs9qctE1usXxK_3rge6vulkan5utils10extensionsNtB2_10Extensions16supported_device
FN:55,_RNvMNtNtNtCs9qctE1usXxK_3rge6vulkan5utils10extensionsNtB2_10Extensions15required_device
FN:64,_RNvMs_NtNtNtCs9qctE1usXxK_3rge6vulkan5utils10extensionsNtB4_10Extensions5names
FN:72,_RNvMs_NtNtNtCs9qctE1usXxK_3rge6vulkan5utils10extensionsNtB4_10Extensions8supports
FN:40,_RNvMNtNtNtCs9qctE1usXxK_3rge6vulkan5utils10extensionsNtB2_10Extensions17required_instance
FN:77,_RNvMs_NtNtNtCs9qctE1usXxK_3rge6vulkan5utils10extensionsNtB4_10Extensions12supports_all
FN:73,_RNCNvMs_NtNtNtCs9qctE1usXxK_3rge6vulkan5utils10extensionsNtB6_10Extensions8supports0Bc_
FN:91,_RINvMs_NtNtNtCs9qctE1usXxK_3rge6vulkan5utils10extensionsNtB5_10Extensions11unsupportedINtNtNtCs1RoSZkFyxqL_4core5slice4iter4IterNtNtB7_9nt_string8NtStringEEBb_
FN:95,_RNCINvMs_NtNtNtCs9qctE1usXxK_3rge6vulkan5utils10extensionsNtB7_10Extensions11unsupportedINtNtNtCs1RoSZkFyxqL_4core5slice4iter4IterNtNtB9_9nt_string8NtStringEE0Bd_
FN:65,_RNCNvMs_NtNtNtCs9qctE1usXxK_3rge6vulkan5utils10extensionsNtB6_10Extensions5names0Bc_
FN:78,_RNCNvMs_NtNtNtCs9qctE1usXxK_3rge6vulkan5utils10extensionsNtB6_10Extensions12supports_all0Bc_
FN:55,_RNvMNtNtNtCs1YgDX5wDG7F_3rge6vulkan5utils10extensionsNtB2_10Extensions15required_device
FN:95,_RNCINvMs_NtNtNtCs1YgDX5wDG7F_3rge6vulkan5utils10extensionsNtB7_10Extensions11unsupportedpE0Bd_
FN:65,_RNCNvMs_NtNtNtCs1YgDX5wDG7F_3rge6vulkan5utils10extensionsNtB6_10Extensions5names0Bc_
FN:64,_RNvMs_NtNtNtCs1YgDX5wDG7F_3rge6vulkan5utils10extensionsNtB4_10Extensions5names
FN:40,_RNvMNtNtNtCs1YgDX5wDG7F_3rge6vulkan5utils10extensionsNtB2_10Extensions17required_instance
FN:77,_RNvMs_NtNtNtCs1YgDX5wDG7F_3rge6vulkan5utils10extensionsNtB4_10Extensions12supports_all
FN:25,_RNvMNtNtNtCs1YgDX5wDG7F_3rge6vulkan5utils10extensionsNtB2_10Extensions18supported_instance
FN:87,_RNCINvMs_NtNtNtCs1YgDX5wDG7F_3rge6vulkan5utils10extensionsNtB7_10Extensions9supportedpE0Bd_
FN:72,_RNvMs_NtNtNtCs1YgDX5wDG7F_3rge6vulkan5utils10extensionsNtB4_10Extensions8supports
FN:83,_RINvMs_NtNtNtCs1YgDX5wDG7F_3rge6vulkan5utils10extensionsNtB5_10Extensions9supportedpEBb_
FN:73,_RNCNvMs_NtNtNtCs1YgDX5wDG7F_3rge6vulkan5utils10extensionsNtB6_10Extensions8supports0Bc_
FN:91,_RINvMs_NtNtNtCs1YgDX5wDG7F_3rge6vulkan5utils10extensionsNtB5_10Extensions11unsupportedpEBb_
FN:78,_RNCNvMs_NtNtNtCs1YgDX5wDG7F_3rge6vulkan5utils10extensionsNtB6_10Extensions12supports_all0Bc_
FN:31,_RNvMNtNtNtCs1YgDX5wDG7F_3rge6vulkan5utils10extensionsNtB2_10Extensions16supported_device
FNDA:0,_RINvMs_NtNtNtCs9qctE1usXxK_3rge6vulkan5utils10extensionsNtB5_10Extensions9supportedpEBb_
FNDA:0,_RNCINvMs_NtNtNtCs9qctE1usXxK_3rge6vulkan5utils10extensionsNtB7_10Extensions9supportedpE0Bd_
FNDA:1,_RNvMNtNtNtCs9qctE1usXxK_3rge6vulkan5utils10extensionsNtB2_10Extensions18supported_instance
FNDA:2,_RNvMNtNtNtCs9qctE1usXxK_3rge6vulkan5utils10extensionsNtB2_10Extensions16supported_device
FNDA:2,_RNvMNtNtNtCs9qctE1usXxK_3rge6vulkan5utils10extensionsNtB2_10Extensions15required_device
FNDA:5,_RNvMs_NtNtNtCs9qctE1usXxK_3rge6vulkan5utils10extensionsNtB4_10Extensions5names
FNDA:5,_RNvMs_NtNtNtCs9qctE1usXxK_3rge6vulkan5utils10extensionsNtB4_10Extensions8supports
FNDA:1,_RNvMNtNtNtCs9qctE1usXxK_3rge6vulkan5utils10extensionsNtB2_10Extensions17required_instance
FNDA:2,_RNvMs_NtNtNtCs9qctE1usXxK_3rge6vulkan5utils10extensionsNtB4_10Extensions12supports_all
FNDA:140,_RNCNvMs_NtNtNtCs9qctE1usXxK_3rge6vulkan5utils10extensionsNtB6_10Extensions8supports0Bc_
FNDA:1,_RINvMs_NtNtNtCs9qctE1usXxK_3rge6vulkan5utils10extensionsNtB5_10Extensions11unsupportedINtNtNtCs1RoSZkFyxqL_4core5slice4iter4IterNtNtB7_9nt_string8NtStringEEBb_
FNDA:3,_RNCINvMs_NtNtNtCs9qctE1usXxK_3rge6vulkan5utils10extensionsNtB7_10Extensions11unsupportedINtNtNtCs1RoSZkFyxqL_4core5slice4iter4IterNtNtB9_9nt_string8NtStringEE0Bd_
FNDA:140,_RNCNvMs_NtNtNtCs9qctE1usXxK_3rge6vulkan5utils10extensionsNtB6_10Extensions5names0Bc_
FNDA:2,_RNCNvMs_NtNtNtCs9qctE1usXxK_3rge6vulkan5utils10extensionsNtB6_10Extensions12supports_all0Bc_
FNDA:0,_RNvMNtNtNtCs1YgDX5wDG7F_3rge6vulkan5utils10extensionsNtB2_10Extensions15required_device
FNDA:0,_RNCINvMs_NtNtNtCs1YgDX5wDG7F_3rge6vulkan5utils10extensionsNtB7_10Extensions11unsupportedpE0Bd_
FNDA:0,_RNCNvMs_NtNtNtCs1YgDX5wDG7F_3rge6vulkan5utils10extensionsNtB6_10Extensions5names0Bc_
FNDA:0,_RNvMs_NtNtNtCs1YgDX5wDG7F_3rge6vulkan5utils10extensionsNtB4_10Extensions5names
FNDA:0,_RNvMNtNtNtCs1YgDX5wDG7F_3rge6vulkan5utils10extensionsNtB2_10Extensions17required_instance
FNDA:0,_RNvMs_NtNtNtCs1YgDX5wDG7F_3rge6vulkan5utils10extensionsNtB4_10Extensions12supports_all
FNDA:0,_RNvMNtNtNtCs1YgDX5wDG7F_3rge6vulkan5utils10extensionsNtB2_10Extensions18supported_instance
FNDA:0,_RNCINvMs_NtNtNtCs1YgDX5wDG7F_3rge6vulkan5utils10extensionsNtB7_10Extensions9supportedpE0Bd_
FNDA:0,_RNvMs_NtNtNtCs1YgDX5wDG7F_3rge6vulkan5utils10extensionsNtB4_10Extensions8supports
FNDA:0,_RINvMs_NtNtNtCs1YgDX5wDG7F_3rge6vulkan5utils10extensionsNtB5_10Extensions9supportedpEBb_
FNDA:0,_RNCNvMs_NtNtNtCs1YgDX5wDG7F_3rge6vulkan5utils10extensionsNtB6_10Extensions8supports0Bc_
FNDA:0,_RINvMs_NtNtNtCs1YgDX5wDG7F_3rge6vulkan5utils10extensionsNtB5_10Extensions11unsupportedpEBb_
FNDA:0,_RNCNvMs_NtNtNtCs1YgDX5wDG7F_3rge6vulkan5utils10extensionsNtB6_10Extensions12supports_all0Bc_
FNDA:0,_RNvMNtNtNtCs1YgDX5wDG7F_3rge6vulkan5utils10extensionsNtB2_10Extensions16supported_device
FNF:14
FNH:12
DA:25,1
DA:26,1
DA:27,1
DA:28,1
DA:31,2
DA:32,2
DA:33,2
DA:34,2
DA:35,2
DA:36,2
DA:37,2
DA:40,1
DA:41,1
DA:42,1
DA:43,1
DA:44,1
DA:45,1
DA:46,1
DA:47,1
DA:48,1
DA:49,1
DA:50,1
DA:51,1
DA:52,1
DA:55,2
DA:56,2
DA:57,2
DA:64,5
DA:65,140
DA:66,140
DA:67,140
DA:68,140
DA:69,5
DA:72,5
DA:73,140
DA:74,5
DA:77,2
DA:78,2
DA:79,2
DA:83,0
DA:84,0
DA:85,0
DA:86,0
DA:87,0
DA:88,0
DA:91,1
DA:92,1
DA:93,1
DA:94,1
DA:95,3
DA:96,1
BRF:0
BRH:0
LF:57
LH:50
end_of_record
SF:C:\Users\luigi\College\Spring 2023\Capstone\EricGrandizio\rge\src\vulkan\utils\layers.rs
FN:77,_RNCINvMs_NtNtNtCs9qctE1usXxK_3rge6vulkan5utils6layersNtB7_6Layers9supportedpE0Bd_
FN:73,_RINvMs_NtNtNtCs9qctE1usXxK_3rge6vulkan5utils6layersNtB5_6Layers9supportedpEBb_
FN:67,_RNvMs_NtNtNtCs9qctE1usXxK_3rge6vulkan5utils6layersNtB4_6Layers12supports_all
FN:54,_RNvMs_NtNtNtCs9qctE1usXxK_3rge6vulkan5utils6layersNtB4_6Layers5names
FN:31,_RNvMNtNtNtCs9qctE1usXxK_3rge6vulkan5utils6layersNtB2_6Layers16supported_device
FN:45,_RNvMNtNtNtCs9qctE1usXxK_3rge6vulkan5utils6layersNtB2_6Layers15required_device
FN:40,_RNvMNtNtNtCs9qctE1usXxK_3rge6vulkan5utils6layersNtB2_6Layers17required_instance
FN:62,_RNvMs_NtNtNtCs9qctE1usXxK_3rge6vulkan5utils6layersNtB4_6Layers8supports
FN:25,_RNvMNtNtNtCs9qctE1usXxK_3rge6vulkan5utils6layersNtB2_6Layers18supported_instance
FN:63,_RNCNvMs_NtNtNtCs9qctE1usXxK_3rge6vulkan5utils6layersNtB6_6Layers8supports0Bc_
FN:81,_RINvMs_NtNtNtCs9qctE1usXxK_3rge6vulkan5utils6layersNtB5_6Layers11unsupportedINtNtNtCs1RoSZkFyxqL_4core5slice4iter4IterNtNtB7_9nt_string8NtStringEEBb_
FN:85,_RNCINvMs_NtNtNtCs9qctE1usXxK_3rge6vulkan5utils6layersNtB7_6Layers11unsupportedINtNtNtCs1RoSZkFyxqL_4core5slice4iter4IterNtNtB9_9nt_string8NtStringEE0Bd_
FN:55,_RNCNvMs_NtNtNtCs9qctE1usXxK_3rge6vulkan5utils6layersNtB6_6Layers5names0Bc_
FN:68,_RNCNvMs_NtNtNtCs9qctE1usXxK_3rge6vulkan5utils6layersNtB6_6Layers12supports_all0Bc_
FN:73,_RINvMs_NtNtNtCs1YgDX5wDG7F_3rge6vulkan5utils6layersNtB5_6Layers9supportedpEBb_
FN:25,_RNvMNtNtNtCs1YgDX5wDG7F_3rge6vulkan5utils6layersNtB2_6Layers18supported_instance
FN:45,_RNvMNtNtNtCs1YgDX5wDG7F_3rge6vulkan5utils6layersNtB2_6Layers15required_device
FN:85,_RNCINvMs_NtNtNtCs1YgDX5wDG7F_3rge6vulkan5utils6layersNtB7_6Layers11unsupportedpE0Bd_
FN:62,_RNvMs_NtNtNtCs1YgDX5wDG7F_3rge6vulkan5utils6layersNtB4_6Layers8supports
FN:77,_RNCINvMs_NtNtNtCs1YgDX5wDG7F_3rge6vulkan5utils6layersNtB7_6Layers9supportedpE0Bd_
FN:63,_RNCNvMs_NtNtNtCs1YgDX5wDG7F_3rge6vulkan5utils6layersNtB6_6Layers8supports0Bc_
FN:81,_RINvMs_NtNtNtCs1YgDX5wDG7F_3rge6vulkan5utils6layersNtB5_6Layers11unsupportedpEBb_
FN:55,_RNCNvMs_NtNtNtCs1YgDX5wDG7F_3rge6vulkan5utils6layersNtB6_6Layers5names0Bc_
FN:68,_RNCNvMs_NtNtNtCs1YgDX5wDG7F_3rge6vulkan5utils6layersNtB6_6Layers12supports_all0Bc_
FN:40,_RNvMNtNtNtCs1YgDX5wDG7F_3rge6vulkan5utils6layersNtB2_6Layers17required_instance
FN:67,_RNvMs_NtNtNtCs1YgDX5wDG7F_3rge6vulkan5utils6layersNtB4_6Layers12supports_all
FN:31,_RNvMNtNtNtCs1YgDX5wDG7F_3rge6vulkan5utils6layersNtB2_6Layers16supported_device
FN:54,_RNvMs_NtNtNtCs1YgDX5wDG7F_3rge6vulkan5utils6layersNtB4_6Layers5names
FNDA:0,_RNCINvMs_NtNtNtCs9qctE1usXxK_3rge6vulkan5utils6layersNtB7_6Layers9supportedpE0Bd_
FNDA:0,_RINvMs_NtNtNtCs9qctE1usXxK_3rge6vulkan5utils6layersNtB5_6Layers9supportedpEBb_
FNDA:2,_RNvMs_NtNtNtCs9qctE1usXxK_3rge6vulkan5utils6layersNtB4_6Layers12supports_all
FNDA:3,_RNvMs_NtNtNtCs9qctE1usXxK_3rge6vulkan5utils6layersNtB4_6Layers5names
FNDA:2,_RNvMNtNtNtCs9qctE1usXxK_3rge6vulkan5utils6layersNtB2_6Layers16supported_device
FNDA:2,_RNvMNtNtNtCs9qctE1usXxK_3rge6vulkan5utils6layersNtB2_6Layers15required_device
FNDA:1,_RNvMNtNtNtCs9qctE1usXxK_3rge6vulkan5utils6layersNtB2_6Layers17required_instance
FNDA:3,_RNvMs_NtNtNtCs9qctE1usXxK_3rge6vulkan5utils6layersNtB4_6Layers8supports
FNDA:1,_RNvMNtNtNtCs9qctE1usXxK_3rge6vulkan5utils6layersNtB2_6Layers18supported_instance
FNDA:14,_RNCNvMs_NtNtNtCs9qctE1usXxK_3rge6vulkan5utils6layersNtB6_6Layers8supports0Bc_
FNDA:1,_RINvMs_NtNtNtCs9qctE1usXxK_3rge6vulkan5utils6layersNtB5_6Layers11unsupportedINtNtNtCs1RoSZkFyxqL_4core5slice4iter4IterNtNtB7_9nt_string8NtStringEEBb_
FNDA:1,_RNCINvMs_NtNtNtCs9qctE1usXxK_3rge6vulkan5utils6layersNtB7_6Layers11unsupportedINtNtNtCs1RoSZkFyxqL_4core5slice4iter4IterNtNtB9_9nt_string8NtStringEE0Bd_
FNDA:14,_RNCNvMs_NtNtNtCs9qctE1usXxK_3rge6vulkan5utils6layersNtB6_6Layers5names0Bc_
FNDA:2,_RNCNvMs_NtNtNtCs9qctE1usXxK_3rge6vulkan5utils6layersNtB6_6Layers12supports_all0Bc_
FNDA:0,_RINvMs_NtNtNtCs1YgDX5wDG7F_3rge6vulkan5utils6layersNtB5_6Layers9supportedpEBb_
FNDA:0,_RNvMNtNtNtCs1YgDX5wDG7F_3rge6vulkan5utils6layersNtB2_6Layers18supported_instance
FNDA:0,_RNvMNtNtNtCs1YgDX5wDG7F_3rge6vulkan5utils6layersNtB2_6Layers15required_device
FNDA:0,_RNCINvMs_NtNtNtCs1YgDX5wDG7F_3rge6vulkan5utils6layersNtB7_6Layers11unsupportedpE0Bd_
FNDA:0,_RNvMs_NtNtNtCs1YgDX5wDG7F_3rge6vulkan5utils6layersNtB4_6Layers8supports
FNDA:0,_RNCINvMs_NtNtNtCs1YgDX5wDG7F_3rge6vulkan5utils6layersNtB7_6Layers9supportedpE0Bd_
FNDA:0,_RNCNvMs_NtNtNtCs1YgDX5wDG7F_3rge6vulkan5utils6layersNtB6_6Layers8supports0Bc_
FNDA:0,_RINvMs_NtNtNtCs1YgDX5wDG7F_3rge6vulkan5utils6layersNtB5_6Layers11unsupportedpEBb_
FNDA:0,_RNCNvMs_NtNtNtCs1YgDX5wDG7F_3rge6vulkan5utils6layersNtB6_6Layers5names0Bc_
FNDA:0,_RNCNvMs_NtNtNtCs1YgDX5wDG7F_3rge6vulkan5utils6layersNtB6_6Layers12supports_all0Bc_
FNDA:0,_RNvMNtNtNtCs1YgDX5wDG7F_3rge6vulkan5utils6layersNtB2_6Layers17required_instance
FNDA:0,_RNvMs_NtNtNtCs1YgDX5wDG7F_3rge6vulkan5utils6layersNtB4_6Layers12supports_all
FNDA:0,_RNvMNtNtNtCs1YgDX5wDG7F_3rge6vulkan5utils6layersNtB2_6Layers16supported_device
FNDA:0,_RNvMs_NtNtNtCs1YgDX5wDG7F_3rge6vulkan5utils6layersNtB4_6Layers5names
FNF:14
FNH:12
DA:25,1
DA:26,1
DA:27,1
DA:28,1
DA:31,2
DA:32,2
DA:33,2
DA:34,2
DA:35,2
DA:36,2
DA:37,2
DA:40,1
DA:41,1
DA:42,1
DA:45,2
DA:46,2
DA:47,2
DA:54,3
DA:55,14
DA:56,14
DA:57,14
DA:58,14
DA:59,3
DA:62,3
DA:63,14
DA:64,3
DA:67,2
DA:68,2
DA:69,2
DA:73,0
DA:74,0
DA:75,0
DA:76,0
DA:77,0
DA:78,0
DA:81,1
DA:82,1
DA:83,1
DA:84,1
DA:85,1
DA:86,1
BRF:0
BRH:0
LF:47
LH:40
end_of_record
SF:C:\Users\luigi\College\Spring 2023\Capstone\EricGrandizio\rge\src\vulkan\utils\mod.rs
FN:52,_RNvNtNtCs9qctE1usXxK_3rge6vulkan5utils11api_version
FN:42,_RINvNtNtCs9qctE1usXxK_3rge6vulkan5utils9bytes_reftEB6_
FN:42,_RINvNtNtCs9qctE1usXxK_3rge6vulkan5utils9bytes_refNtNtNtB4_7shaders4glsl6VertexEB6_
FN:42,_RINvNtNtCs1YgDX5wDG7F_3rge6vulkan5utils9bytes_refpEB6_
FN:52,_RNvNtNtCs1YgDX5wDG7F_3rge6vulkan5utils11api_version
FNDA:0,_RNvNtNtCs9qctE1usXxK_3rge6vulkan5utils11api_version
FNDA:4248,_RINvNtNtCs9qctE1usXxK_3rge6vulkan5utils9bytes_reftEB6_
FNDA:8496,_RINvNtNtCs9qctE1usXxK_3rge6vulkan5utils9bytes_refNtNtNtB4_7shaders4glsl6VertexEB6_
FNDA:0,_RINvNtNtCs1YgDX5wDG7F_3rge6vulkan5utils9bytes_refpEB6_
FNDA:0,_RNvNtNtCs1YgDX5wDG7F_3rge6vulkan5utils11api_version
FNF:2
FNH:1
DA:42,12744
DA:43,12744
DA:44,12744
DA:45,12744
DA:46,12744
DA:52,0
DA:53,0
DA:54,0
DA:55,0
DA:56,0
DA:57,0
DA:58,0
BRF:0
BRH:0
LF:12
LH:5
end_of_record
SF:C:\Users\luigi\College\Spring 2023\Capstone\EricGrandizio\rge\src\vulkan\utils\nt_string.rs
FN:19,_RNvXs5_NtNtNtCs9qctE1usXxK_3rge6vulkan5utils9nt_stringNtB5_8NtStringNtNtCs1RoSZkFyxqL_4core5clone5Clone5cloneBb_
FN:127,_RNvXs3_NtNtNtCs9qctE1usXxK_3rge6vulkan5utils9nt_stringNtB5_8NtStringNtNtCs1RoSZkFyxqL_4core3fmt5Debug3fmt
FN:43,_RNvMNtNtNtCs9qctE1usXxK_3rge6vulkan5utils9nt_stringNtB2_8NtString10from_chars
FN:64,_RNvMNtNtNtCs9qctE1usXxK_3rge6vulkan5utils9nt_stringNtB2_8NtString14from_chars_cap
FN:117,_RNvXs2_NtNtNtCs9qctE1usXxK_3rge6vulkan5utils9nt_stringNtB5_8NtStringNtNtCs1RoSZkFyxqL_4core3cmp3Ord3cmp
FN:99,_RNvXs_NtNtNtCs9qctE1usXxK_3rge6vulkan5utils9nt_stringNtB4_8NtStringNtNtCs1RoSZkFyxqL_4core3cmp9PartialEq2eq
FN:29,_RNvMNtNtNtCs9qctE1usXxK_3rge6vulkan5utils9nt_stringNtB2_8NtString10from_bytes
FN:81,_RNvMNtNtNtCs9qctE1usXxK_3rge6vulkan5utils9nt_stringNtB2_8NtString7as_cstr
FN:109,_RNvXs1_NtNtNtCs9qctE1usXxK_3rge6vulkan5utils9nt_stringNtB5_8NtStringNtNtCs1RoSZkFyxqL_4core3cmp10PartialOrd11partial_cmp
FN:91,_RNvMNtNtNtCs9qctE1usXxK_3rge6vulkan5utils9nt_stringNtB2_8NtString6as_str
FN:133,_RNvXs4_NtNtNtCs9qctE1usXxK_3rge6vulkan5utils9nt_stringNtB5_8NtStringNtNtCs1RoSZkFyxqL_4core3fmt7Display3fmt
FN:57,_RNvMNtNtNtCs9qctE1usXxK_3rge6vulkan5utils9nt_stringNtB2_8NtString8from_ptr
FN:76,_RNvMNtNtNtCs9qctE1usXxK_3rge6vulkan5utils9nt_stringNtB2_8NtString6as_ptr
FN:86,_RNvMNtNtNtCs9qctE1usXxK_3rge6vulkan5utils9nt_stringNtB2_8NtString8as_bytes
FN:109,_RNvXs1_NtNtNtCs1YgDX5wDG7F_3rge6vulkan5utils9nt_stringNtB5_8NtStringNtNtCs1RoSZkFyxqL_4core3cmp10PartialOrd11partial_cmp
FN:127,_RNvXs3_NtNtNtCs1YgDX5wDG7F_3rge6vulkan5utils9nt_stringNtB5_8NtStringNtNtCs1RoSZkFyxqL_4core3fmt5Debug3fmt
FN:43,_RNvMNtNtNtCs1YgDX5wDG7F_3rge6vulkan5utils9nt_stringNtB2_8NtString10from_chars
FN:86,_RNvMNtNtNtCs1YgDX5wDG7F_3rge6vulkan5utils9nt_stringNtB2_8NtString8as_bytes
FN:133,_RNvXs4_NtNtNtCs1YgDX5wDG7F_3rge6vulkan5utils9nt_stringNtB5_8NtStringNtNtCs1RoSZkFyxqL_4core3fmt7Display3fmt
FN:76,_RNvMNtNtNtCs1YgDX5wDG7F_3rge6vulkan5utils9nt_stringNtB2_8NtString6as_ptr
FN:99,_RNvXs_NtNtNtCs1YgDX5wDG7F_3rge6vulkan5utils9nt_stringNtB4_8NtStringNtNtCs1RoSZkFyxqL_4core3cmp9PartialEq2eq
FN:19,_RNvXs5_NtNtNtCs1YgDX5wDG7F_3rge6vulkan5utils9nt_stringNtB5_8NtStringNtNtCs1RoSZkFyxqL_4core5clone5Clone5cloneBb_
FN:29,_RNvMNtNtNtCs1YgDX5wDG7F_3rge6vulkan5utils9nt_stringNtB2_8NtString10from_bytes
FN:57,_RNvMNtNtNtCs1YgDX5wDG7F_3rge6vulkan5utils9nt_stringNtB2_8NtString8from_ptr
FN:81,_RNvMNtNtNtCs1YgDX5wDG7F_3rge6vulkan5utils9nt_stringNtB2_8NtString7as_cstr
FN:117,_RNvXs2_NtNtNtCs1YgDX5wDG7F_3rge6vulkan5utils9nt_stringNtB5_8NtStringNtNtCs1RoSZkFyxqL_4core3cmp3Ord3cmp
FN:64,_RNvMNtNtNtCs1YgDX5wDG7F_3rge6vulkan5utils9nt_stringNtB2_8NtString14from_chars_cap
FN:91,_RNvMNtNtNtCs1YgDX5wDG7F_3rge6vulkan5utils9nt_stringNtB2_8NtString6as_str
FNDA:0,_RNvXs5_NtNtNtCs9qctE1usXxK_3rge6vulkan5utils9nt_stringNtB5_8NtStringNtNtCs1RoSZkFyxqL_4core5clone5Clone5cloneBb_
FNDA:0,_RNvXs3_NtNtNtCs9qctE1usXxK_3rge6vulkan5utils9nt_stringNtB5_8NtStringNtNtCs1RoSZkFyxqL_4core3fmt5Debug3fmt
FNDA:0,_RNvMNtNtNtCs9qctE1usXxK_3rge6vulkan5utils9nt_stringNtB2_8NtString10from_chars
FNDA:154,_RNvMNtNtNtCs9qctE1usXxK_3rge6vulkan5utils9nt_stringNtB2_8NtString14from_chars_cap
FNDA:0,_RNvXs2_NtNtNtCs9qctE1usXxK_3rge6vulkan5utils9nt_stringNtB5_8NtStringNtNtCs1RoSZkFyxqL_4core3cmp3Ord3cmp
FNDA:154,_RNvXs_NtNtNtCs9qctE1usXxK_3rge6vulkan5utils9nt_stringNtB4_8NtStringNtNtCs1RoSZkFyxqL_4core3cmp9PartialEq2eq
FNDA:0,_RNvMNtNtNtCs9qctE1usXxK_3rge6vulkan5utils9nt_stringNtB2_8NtString10from_bytes
FNDA:310,_RNvMNtNtNtCs9qctE1usXxK_3rge6vulkan5utils9nt_stringNtB2_8NtString7as_cstr
FNDA:0,_RNvXs1_NtNtNtCs9qctE1usXxK_3rge6vulkan5utils9nt_stringNtB5_8NtStringNtNtCs1RoSZkFyxqL_4core3cmp10PartialOrd11partial_cmp
FNDA:2,_RNvMNtNtNtCs9qctE1usXxK_3rge6vulkan5utils9nt_stringNtB2_8NtString6as_str
FNDA:0,_RNvXs4_NtNtNtCs9qctE1usXxK_3rge6vulkan5utils9nt_stringNtB5_8NtStringNtNtCs1RoSZkFyxqL_4core3fmt7Display3fmt
FNDA:0,_RNvMNtNtNtCs9qctE1usXxK_3rge6vulkan5utils9nt_stringNtB2_8NtString8from_ptr
FNDA:2,_RNvMNtNtNtCs9qctE1usXxK_3rge6vulkan5utils9nt_stringNtB2_8NtString6as_ptr
FNDA:0,_RNvMNtNtNtCs9qctE1usXxK_3rge6vulkan5utils9nt_stringNtB2_8NtString8as_bytes
FNDA:0,_RNvXs1_NtNtNtCs1YgDX5wDG7F_3rge6vulkan5utils9nt_stringNtB5_8NtStringNtNtCs1RoSZkFyxqL_4core3cmp10PartialOrd11partial_cmp
FNDA:0,_RNvXs3_NtNtNtCs1YgDX5wDG7F_3rge6vulkan5utils9nt_stringNtB5_8NtStringNtNtCs1RoSZkFyxqL_4core3fmt5Debug3fmt
FNDA:0,_RNvMNtNtNtCs1YgDX5wDG7F_3rge6vulkan5utils9nt_stringNtB2_8NtString10from_chars
FNDA:0,_RNvMNtNtNtCs1YgDX5wDG7F_3rge6vulkan5utils9nt_stringNtB2_8NtString8as_bytes
FNDA:0,_RNvXs4_NtNtNtCs1YgDX5wDG7F_3rge6vulkan5utils9nt_stringNtB5_8NtStringNtNtCs1RoSZkFyxqL_4core3fmt7Display3fmt
FNDA:0,_RNvMNtNtNtCs1YgDX5wDG7F_3rge6vulkan5utils9nt_stringNtB2_8NtString6as_ptr
FNDA:0,_RNvXs_NtNtNtCs1YgDX5wDG7F_3rge6vulkan5utils9nt_stringNtB4_8NtStringNtNtCs1RoSZkFyxqL_4core3cmp9PartialEq2eq
FNDA:0,_RNvXs5_NtNtNtCs1YgDX5wDG7F_3rge6vulkan5utils9nt_stringNtB5_8NtStringNtNtCs1RoSZkFyxqL_4core5clone5Clone5cloneBb_
FNDA:0,_RNvMNtNtNtCs1YgDX5wDG7F_3rge6vulkan5utils9nt_stringNtB2_8NtString10from_bytes
FNDA:0,_RNvMNtNtNtCs1YgDX5wDG7F_3rge6vulkan5utils9nt_stringNtB2_8NtString8from_ptr
FNDA:0,_RNvMNtNtNtCs1YgDX5wDG7F_3rge6vulkan5utils9nt_stringNtB2_8NtString7as_cstr
FNDA:0,_RNvXs2_NtNtNtCs1YgDX5wDG7F_3rge6vulkan5utils9nt_stringNtB5_8NtStringNtNtCs1RoSZkFyxqL_4core3cmp3Ord3cmp
FNDA:0,_RNvMNtNtNtCs1YgDX5wDG7F_3rge6vulkan5utils9nt_stringNtB2_8NtString14from_chars_cap
FNDA:0,_RNvMNtNtNtCs1YgDX5wDG7F_3rge6vulkan5utils9nt_stringNtB2_8NtString6as_str
FNF:14
FNH:5
DA:19,0
DA:29,0
DA:30,0
DA:31,0
DA:33,0
DA:34,0
DA:36,0
DA:37,0
DA:38,0
DA:43,0
DA:44,0
DA:45,0
DA:47,0
DA:48,0
DA:50,0
DA:51,0
DA:52,0
DA:57,0
DA:58,0
DA:59,0
DA:64,154
DA:65,154
DA:66,154
DA:67,154
DA:68,154
DA:70,154
DA:71,154
DA:76,2
DA:77,2
DA:78,2
DA:81,310
DA:82,310
DA:83,310
DA:86,0
DA:87,0
DA:88,0
DA:91,2
DA:92,2
DA:93,2
DA:99,154
DA:100,154
DA:101,154
DA:102,154
DA:103,154
DA:109,0
DA:110,0
DA:111,0
DA:112,0
DA:113,0
DA:117,0
DA:118,0
DA:119,0
DA:120,0
DA:121,0
DA:127,0
DA:128,0
DA:129,0
DA:133,0
DA:134,0
DA:135,0
BRF:0
BRH:0
LF:60
LH:21
end_of_record
