SF:C:\Users\luigi\College\Spring 2023\Capstone\EricGrandizio\rge\src\engine.rs
FN:271,_RNvXs0_NtCsbujzjYX0pAI_3rge6engineNtB5_10GameEngineNtNtNtCsflbUU710Hyp_3wyn5win326events12EventHandler12window_close
FN:329,_RNvXs0_NtCsbujzjYX0pAI_3rge6engineNtB5_10GameEngineNtNtNtCsflbUU710Hyp_3wyn5win326events12EventHandler15character_input
FN:478,_RNvMs2_NtCsbujzjYX0pAI_3rge6engineNtB5_11EngineState15internal_update
FN:166,_RNvMs_NtCsbujzjYX0pAI_3rge6engineNtB4_10GameEngine14start_shutdown
FN:287,_RNvXs0_NtCsbujzjYX0pAI_3rge6engineNtB5_10GameEngineNtNtNtCsflbUU710Hyp_3wyn5win326events12EventHandler12window_focus
FN:299,_RNvXs0_NtCsbujzjYX0pAI_3rge6engineNtB5_10GameEngineNtNtNtCsflbUU710Hyp_3wyn5win326events12EventHandler12scroll_wheel
FN:317,_RNvXs0_NtCsbujzjYX0pAI_3rge6engineNtB5_10GameEngineNtNtNtCsflbUU710Hyp_3wyn5win326events12EventHandler9key_press
FN:434,_RNvNtCsbujzjYX0pAI_3rge6engine12write_window
FN:351,_RNvMs1_NtCsbujzjYX0pAI_3rge6engineNtB5_10GameEngine13update_thread
FN:224,_RNvXs0_NtCsbujzjYX0pAI_3rge6engineNtB5_10GameEngineNtNtNtCsflbUU710Hyp_3wyn5win326events12EventHandler17window_reposition
FN:186,_RNvXs0_NtCsbujzjYX0pAI_3rge6engineNtB5_10GameEngineNtNtNtCsflbUU710Hyp_3wyn5win326events12EventHandler5start
FN:340,_RNvMs1_NtCsbujzjYX0pAI_3rge6engineNtB5_10GameEngine3run
FN:547,_RNvMs3_NtCsbujzjYX0pAI_3rge6engineNtB5_11EngineState12update_atlas
FN:305,_RNvXs0_NtCsbujzjYX0pAI_3rge6engineNtB5_10GameEngineNtNtNtCsflbUU710Hyp_3wyn5win326events12EventHandler12button_press
FN:500,_RNvMs2_NtCsbujzjYX0pAI_3rge6engineNtB5_11EngineState15internal_render
FN:461,_RNvNtCsbujzjYX0pAI_3rge6engine11read_window
FN:234,_RNvXs0_NtCsbujzjYX0pAI_3rge6engineNtB5_10GameEngineNtNtNtCsflbUU710Hyp_3wyn5win326events12EventHandler13window_redraw
FN:95,_RNvMs_NtCsbujzjYX0pAI_3rge6engineNtB4_10GameEngine3new
FN:220,_RNvXs0_NtCsbujzjYX0pAI_3rge6engineNtB5_10GameEngineNtNtNtCsflbUU710Hyp_3wyn5win326events12EventHandler4stop
FN:293,_RNvXs0_NtCsbujzjYX0pAI_3rge6engineNtB5_10GameEngineNtNtNtCsflbUU710Hyp_3wyn5win326events12EventHandler11cursor_move
FN:409,_RNvMs1_NtCsbujzjYX0pAI_3rge6engineNtB5_10GameEngine12await_render
FN:424,_RNvMs1_NtCsbujzjYX0pAI_3rge6engineNtB5_10GameEngine13signal_render
FN:168,_RNCNvMs_NtCsbujzjYX0pAI_3rge6engineNtB6_10GameEngine14start_shutdown0B8_
FN:374,_RNCNCNvMs1_NtCsbujzjYX0pAI_3rge6engineNtB9_10GameEngine13update_threads0_00Bb_
FN:135,_RINvMs_NtCsbujzjYX0pAI_3rge6engineNtB5_10GameEngine11write_stateTbNtNtCs4shZNHyK4px_3std4time7InstantjENCNvMs1_B5_Bw_13update_threads0_0EB7_
FN:135,_RINvMs_NtCsbujzjYX0pAI_3rge6engineNtB5_10GameEngine11write_stateuNCNvMs1_B5_Bw_13update_threads_0EB7_
FN:142,_RINvMs_NtCsbujzjYX0pAI_3rge6engineNtB5_10GameEngine10read_stateuNCNvXs0_B5_Bw_NtNtNtCsflbUU710Hyp_3wyn5win326events12EventHandler17window_reposition0EB7_
FN:198,_RNCNvXs0_NtCsbujzjYX0pAI_3rge6engineNtB7_10GameEngineNtNtNtCsflbUU710Hyp_3wyn5win326events12EventHandler5starts_0B9_
FN:254,_RNCNvXs0_NtCsbujzjYX0pAI_3rge6engineNtB7_10GameEngineNtNtNtCsflbUU710Hyp_3wyn5win326events12EventHandler13window_redraws_0B9_
FN:237,_RNCNvXs0_NtCsbujzjYX0pAI_3rge6engineNtB7_10GameEngineNtNtNtCsflbUU710Hyp_3wyn5win326events12EventHandler13window_redraw0B9_
FN:359,_RNCNvMs1_NtCsbujzjYX0pAI_3rge6engineNtB7_10GameEngine13update_threads_0B9_
FN:149,_RINvMs_NtCsbujzjYX0pAI_3rge6engineNtB5_10GameEngine16write_read_stateuuNCNvXs0_B5_Bw_NtNtNtCsflbUU710Hyp_3wyn5win326events12EventHandler5start0NCB19_s_0EB7_
FN:343,_RNCNvMs1_NtCsbujzjYX0pAI_3rge6engineNtB7_10GameEngine3run0B9_
FN:413,_RNCNvMs1_NtCsbujzjYX0pAI_3rge6engineNtB7_10GameEngine12await_render0B9_
FN:366,_RNCNvMs1_NtCsbujzjYX0pAI_3rge6engineNtB7_10GameEngine13update_threads0_0B9_
FN:149,_RINvMs_NtCsbujzjYX0pAI_3rge6engineNtB5_10GameEngine16write_read_statebbNCNvXs0_B5_Bw_NtNtNtCsflbUU710Hyp_3wyn5win326events12EventHandler13window_redraw0NCB19_s_0EB7_
FN:226,_RNCNvXs0_NtCsbujzjYX0pAI_3rge6engineNtB7_10GameEngineNtNtNtCsflbUU710Hyp_3wyn5win326events12EventHandler17window_reposition0B9_
FN:344,_RNCNCNvMs1_NtCsbujzjYX0pAI_3rge6engineNtB9_10GameEngine3run00Bb_
FN:355,_RNCNvMs1_NtCsbujzjYX0pAI_3rge6engineNtB7_10GameEngine13update_thread0B9_
FN:135,_RINvMs_NtCsbujzjYX0pAI_3rge6engineNtB5_10GameEngine11write_stateINtNtCs1RoSZkFyxqL_4core6option6OptionNtNtNtCsflbUU710Hyp_3wyn5win326window6WindowENCNvB2_14start_shutdown0EB7_
FN:135,_RINvMs_NtCsbujzjYX0pAI_3rge6engineNtB5_10GameEngine11write_statebNCNvXs0_B5_Bw_NtNtNtCsflbUU710Hyp_3wyn5win326events12EventHandler12window_close0EB7_
FN:190,_RNCNvXs0_NtCsbujzjYX0pAI_3rge6engineNtB7_10GameEngineNtNtNtCsflbUU710Hyp_3wyn5win326events12EventHandler5start0B9_
FN:273,_RNCNvXs0_NtCsbujzjYX0pAI_3rge6engineNtB7_10GameEngineNtNtNtCsflbUU710Hyp_3wyn5win326events12EventHandler12window_close0B9_
FN:190,_RNCNvXs0_NtCslHwOwCUw2lI_3rge6engineNtB7_10GameEngineNtNtNtCsflbUU710Hyp_3wyn5win326events12EventHandler5start0B9_
FN:254,_RNCNvXs0_NtCslHwOwCUw2lI_3rge6engineNtB7_10GameEngineNtNtNtCsflbUU710Hyp_3wyn5win326events12EventHandler13window_redraws_0B9_
FN:461,_RNvNtCslHwOwCUw2lI_3rge6engine11read_window
FN:366,_RNCNvMs1_NtCslHwOwCUw2lI_3rge6engineNtB7_10GameEngine13update_threads0_0B9_
FN:224,_RNvXs0_NtCslHwOwCUw2lI_3rge6engineNtB5_10GameEngineNtNtNtCsflbUU710Hyp_3wyn5win326events12EventHandler17window_reposition
FN:135,_RINvMs_NtCslHwOwCUw2lI_3rge6engineNtB5_10GameEngine11write_stateppEB7_
FN:166,_RNvMs_NtCslHwOwCUw2lI_3rge6engineNtB4_10GameEngine14start_shutdown
FN:343,_RNCNvMs1_NtCslHwOwCUw2lI_3rge6engineNtB7_10GameEngine3run0B9_
FN:237,_RNCNvXs0_NtCslHwOwCUw2lI_3rge6engineNtB7_10GameEngineNtNtNtCsflbUU710Hyp_3wyn5win326events12EventHandler13window_redraw0B9_
FN:355,_RNCNvMs1_NtCslHwOwCUw2lI_3rge6engineNtB7_10GameEngine13update_thread0B9_
FN:273,_RNCNvXs0_NtCslHwOwCUw2lI_3rge6engineNtB7_10GameEngineNtNtNtCsflbUU710Hyp_3wyn5win326events12EventHandler12window_close0B9_
FN:434,_RNvNtCslHwOwCUw2lI_3rge6engine12write_window
FN:220,_RNvXs0_NtCslHwOwCUw2lI_3rge6engineNtB5_10GameEngineNtNtNtCsflbUU710Hyp_3wyn5win326events12EventHandler4stop
FN:317,_RNvXs0_NtCslHwOwCUw2lI_3rge6engineNtB5_10GameEngineNtNtNtCsflbUU710Hyp_3wyn5win326events12EventHandler9key_press
FN:351,_RNvMs1_NtCslHwOwCUw2lI_3rge6engineNtB5_10GameEngine13update_thread
FN:305,_RNvXs0_NtCslHwOwCUw2lI_3rge6engineNtB5_10GameEngineNtNtNtCsflbUU710Hyp_3wyn5win326events12EventHandler12button_press
FN:168,_RNCNvMs_NtCslHwOwCUw2lI_3rge6engineNtB6_10GameEngine14start_shutdown0B8_
FN:299,_RNvXs0_NtCslHwOwCUw2lI_3rge6engineNtB5_10GameEngineNtNtNtCsflbUU710Hyp_3wyn5win326events12EventHandler12scroll_wheel
FN:186,_RNvXs0_NtCslHwOwCUw2lI_3rge6engineNtB5_10GameEngineNtNtNtCsflbUU710Hyp_3wyn5win326events12EventHandler5start
FN:359,_RNCNvMs1_NtCslHwOwCUw2lI_3rge6engineNtB7_10GameEngine13update_threads_0B9_
FN:95,_RNvMs_NtCslHwOwCUw2lI_3rge6engineNtB4_10GameEngine3new
FN:413,_RNCNvMs1_NtCslHwOwCUw2lI_3rge6engineNtB7_10GameEngine12await_render0B9_
FN:293,_RNvXs0_NtCslHwOwCUw2lI_3rge6engineNtB5_10GameEngineNtNtNtCsflbUU710Hyp_3wyn5win326events12EventHandler11cursor_move
FN:340,_RNvMs1_NtCslHwOwCUw2lI_3rge6engineNtB5_10GameEngine3run
FN:149,_RINvMs_NtCslHwOwCUw2lI_3rge6engineNtB5_10GameEngine16write_read_stateppppEB7_
FN:478,_RNvMs2_NtCslHwOwCUw2lI_3rge6engineNtB5_11EngineState15internal_update
FN:142,_RINvMs_NtCslHwOwCUw2lI_3rge6engineNtB5_10GameEngine10read_stateppEB7_
FN:287,_RNvXs0_NtCslHwOwCUw2lI_3rge6engineNtB5_10GameEngineNtNtNtCsflbUU710Hyp_3wyn5win326events12EventHandler12window_focus
FN:198,_RNCNvXs0_NtCslHwOwCUw2lI_3rge6engineNtB7_10GameEngineNtNtNtCsflbUU710Hyp_3wyn5win326events12EventHandler5starts_0B9_
FN:374,_RNCNCNvMs1_NtCslHwOwCUw2lI_3rge6engineNtB9_10GameEngine13update_threads0_00Bb_
FN:424,_RNvMs1_NtCslHwOwCUw2lI_3rge6engineNtB5_10GameEngine13signal_render
FN:271,_RNvXs0_NtCslHwOwCUw2lI_3rge6engineNtB5_10GameEngineNtNtNtCsflbUU710Hyp_3wyn5win326events12EventHandler12window_close
FN:329,_RNvXs0_NtCslHwOwCUw2lI_3rge6engineNtB5_10GameEngineNtNtNtCsflbUU710Hyp_3wyn5win326events12EventHandler15character_input
FN:500,_RNvMs2_NtCslHwOwCUw2lI_3rge6engineNtB5_11EngineState15internal_render
FN:409,_RNvMs1_NtCslHwOwCUw2lI_3rge6engineNtB5_10GameEngine12await_render
FN:234,_RNvXs0_NtCslHwOwCUw2lI_3rge6engineNtB5_10GameEngineNtNtNtCsflbUU710Hyp_3wyn5win326events12EventHandler13window_redraw
FN:226,_RNCNvXs0_NtCslHwOwCUw2lI_3rge6engineNtB7_10GameEngineNtNtNtCsflbUU710Hyp_3wyn5win326events12EventHandler17window_reposition0B9_
FN:547,_RNvMs3_NtCslHwOwCUw2lI_3rge6engineNtB5_11EngineState12update_atlas
FN:344,_RNCNCNvMs1_NtCslHwOwCUw2lI_3rge6engineNtB9_10GameEngine3run00Bb_
FNDA:12,_RNvXs0_NtCsbujzjYX0pAI_3rge6engineNtB5_10GameEngineNtNtNtCsflbUU710Hyp_3wyn5win326events12EventHandler12window_close
FNDA:66,_RNvXs0_NtCsbujzjYX0pAI_3rge6engineNtB5_10GameEngineNtNtNtCsflbUU710Hyp_3wyn5win326events12EventHandler15character_input
FNDA:6834,_RNvMs2_NtCsbujzjYX0pAI_3rge6engineNtB5_11EngineState15internal_update
FNDA:18,_RNvMs_NtCsbujzjYX0pAI_3rge6engineNtB4_10GameEngine14start_shutdown
FNDA:12,_RNvXs0_NtCsbujzjYX0pAI_3rge6engineNtB5_10GameEngineNtNtNtCsflbUU710Hyp_3wyn5win326events12EventHandler12window_focus
FNDA:193,_RNvXs0_NtCsbujzjYX0pAI_3rge6engineNtB5_10GameEngineNtNtNtCsflbUU710Hyp_3wyn5win326events12EventHandler12scroll_wheel
FNDA:224,_RNvXs0_NtCsbujzjYX0pAI_3rge6engineNtB5_10GameEngineNtNtNtCsflbUU710Hyp_3wyn5win326events12EventHandler9key_press
FNDA:7843,_RNvNtCsbujzjYX0pAI_3rge6engine12write_window
FNDA:6,_RNvMs1_NtCsbujzjYX0pAI_3rge6engineNtB5_10GameEngine13update_thread
FNDA:2350,_RNvXs0_NtCsbujzjYX0pAI_3rge6engineNtB5_10GameEngineNtNtNtCsflbUU710Hyp_3wyn5win326events12EventHandler17window_reposition
FNDA:6,_RNvXs0_NtCsbujzjYX0pAI_3rge6engineNtB5_10GameEngineNtNtNtCsflbUU710Hyp_3wyn5win326events12EventHandler5start
FNDA:6,_RNvMs1_NtCsbujzjYX0pAI_3rge6engineNtB5_10GameEngine3run
FNDA:901,_RNvMs3_NtCsbujzjYX0pAI_3rge6engineNtB5_11EngineState12update_atlas
FNDA:20,_RNvXs0_NtCsbujzjYX0pAI_3rge6engineNtB5_10GameEngineNtNtNtCsflbUU710Hyp_3wyn5win326events12EventHandler12button_press
FNDA:7837,_RNvMs2_NtCsbujzjYX0pAI_3rge6engineNtB5_11EngineState15internal_render
FNDA:7837,_RNvNtCsbujzjYX0pAI_3rge6engine11read_window
FNDA:7837,_RNvXs0_NtCsbujzjYX0pAI_3rge6engineNtB5_10GameEngineNtNtNtCsflbUU710Hyp_3wyn5win326events12EventHandler13window_redraw
FNDA:6,_RNvMs_NtCsbujzjYX0pAI_3rge6engineNtB4_10GameEngine3new
FNDA:6,_RNvXs0_NtCsbujzjYX0pAI_3rge6engineNtB5_10GameEngineNtNtNtCsflbUU710Hyp_3wyn5win326events12EventHandler4stop
FNDA:15967,_RNvXs0_NtCsbujzjYX0pAI_3rge6engineNtB5_10GameEngineNtNtNtCsflbUU710Hyp_3wyn5win326events12EventHandler11cursor_move
FNDA:6830,_RNvMs1_NtCsbujzjYX0pAI_3rge6engineNtB5_10GameEngine12await_render
FNDA:7855,_RNvMs1_NtCsbujzjYX0pAI_3rge6engineNtB5_10GameEngine13signal_render
FNDA:6,_RNCNvMs_NtCsbujzjYX0pAI_3rge6engineNtB6_10GameEngine14start_shutdown0B8_
FNDA:6834,_RNCNCNvMs1_NtCsbujzjYX0pAI_3rge6engineNtB9_10GameEngine13update_threads0_00Bb_
FNDA:6834,_RINvMs_NtCsbujzjYX0pAI_3rge6engineNtB5_10GameEngine11write_stateTbNtNtCs4shZNHyK4px_3std4time7InstantjENCNvMs1_B5_Bw_13update_threads0_0EB7_
FNDA:6,_RINvMs_NtCsbujzjYX0pAI_3rge6engineNtB5_10GameEngine11write_stateuNCNvMs1_B5_Bw_13update_threads_0EB7_
FNDA:2350,_RINvMs_NtCsbujzjYX0pAI_3rge6engineNtB5_10GameEngine10read_stateuNCNvXs0_B5_Bw_NtNtNtCsflbUU710Hyp_3wyn5win326events12EventHandler17window_reposition0EB7_
FNDA:6,_RNCNvXs0_NtCsbujzjYX0pAI_3rge6engineNtB7_10GameEngineNtNtNtCsflbUU710Hyp_3wyn5win326events12EventHandler5starts_0B9_
FNDA:7837,_RNCNvXs0_NtCsbujzjYX0pAI_3rge6engineNtB7_10GameEngineNtNtNtCsflbUU710Hyp_3wyn5win326events12EventHandler13window_redraws_0B9_
FNDA:7837,_RNCNvXs0_NtCsbujzjYX0pAI_3rge6engineNtB7_10GameEngineNtNtNtCsflbUU710Hyp_3wyn5win326events12EventHandler13window_redraw0B9_
FNDA:6,_RNCNvMs1_NtCsbujzjYX0pAI_3rge6engineNtB7_10GameEngine13update_threads_0B9_
FNDA:6,_RINvMs_NtCsbujzjYX0pAI_3rge6engineNtB5_10GameEngine16write_read_stateuuNCNvXs0_B5_Bw_NtNtNtCsflbUU710Hyp_3wyn5win326events12EventHandler5start0NCB19_s_0EB7_
FNDA:6,_RNCNvMs1_NtCsbujzjYX0pAI_3rge6engineNtB7_10GameEngine3run0B9_
FNDA:13660,_RNCNvMs1_NtCsbujzjYX0pAI_3rge6engineNtB7_10GameEngine12await_render0B9_
FNDA:6834,_RNCNvMs1_NtCsbujzjYX0pAI_3rge6engineNtB7_10GameEngine13update_threads0_0B9_
FNDA:7837,_RINvMs_NtCsbujzjYX0pAI_3rge6engineNtB5_10GameEngine16write_read_statebbNCNvXs0_B5_Bw_NtNtNtCsflbUU710Hyp_3wyn5win326events12EventHandler13window_redraw0NCB19_s_0EB7_
FNDA:2344,_RNCNvXs0_NtCsbujzjYX0pAI_3rge6engineNtB7_10GameEngineNtNtNtCsflbUU710Hyp_3wyn5win326events12EventHandler17window_reposition0B9_
FNDA:6,_RNCNCNvMs1_NtCsbujzjYX0pAI_3rge6engineNtB9_10GameEngine3run00Bb_
FNDA:6,_RNCNvMs1_NtCsbujzjYX0pAI_3rge6engineNtB7_10GameEngine13update_thread0B9_
FNDA:18,_RINvMs_NtCsbujzjYX0pAI_3rge6engineNtB5_10GameEngine11write_stateINtNtCs1RoSZkFyxqL_4core6option6OptionNtNtNtCsflbUU710Hyp_3wyn5win326window6WindowENCNvB2_14start_shutdown0EB7_
FNDA:12,_RINvMs_NtCsbujzjYX0pAI_3rge6engineNtB5_10GameEngine11write_statebNCNvXs0_B5_Bw_NtNtNtCsflbUU710Hyp_3wyn5win326events12EventHandler12window_close0EB7_
FNDA:6,_RNCNvXs0_NtCsbujzjYX0pAI_3rge6engineNtB7_10GameEngineNtNtNtCsflbUU710Hyp_3wyn5win326events12EventHandler5start0B9_
FNDA:6,_RNCNvXs0_NtCsbujzjYX0pAI_3rge6engineNtB7_10GameEngineNtNtNtCsflbUU710Hyp_3wyn5win326events12EventHandler12window_close0B9_
FNDA:0,_RNCNvXs0_NtCslHwOwCUw2lI_3rge6engineNtB7_10GameEngineNtNtNtCsflbUU710Hyp_3wyn5win326events12EventHandler5start0B9_
FNDA:0,_RNCNvXs0_NtCslHwOwCUw2lI_3rge6engineNtB7_10GameEngineNtNtNtCsflbUU710Hyp_3wyn5win326events12EventHandler13window_redraws_0B9_
FNDA:0,_RNvNtCslHwOwCUw2lI_3rge6engine11read_window
FNDA:0,_RNCNvMs1_NtCslHwOwCUw2lI_3rge6engineNtB7_10GameEngine13update_threads0_0B9_
FNDA:0,_RNvXs0_NtCslHwOwCUw2lI_3rge6engineNtB5_10GameEngineNtNtNtCsflbUU710Hyp_3wyn5win326events12EventHandler17window_reposition
FNDA:0,_RINvMs_NtCslHwOwCUw2lI_3rge6engineNtB5_10GameEngine11write_stateppEB7_
FNDA:0,_RNvMs_NtCslHwOwCUw2lI_3rge6engineNtB4_10GameEngine14start_shutdown
FNDA:0,_RNCNvMs1_NtCslHwOwCUw2lI_3rge6engineNtB7_10GameEngine3run0B9_
FNDA:0,_RNCNvXs0_NtCslHwOwCUw2lI_3rge6engineNtB7_10GameEngineNtNtNtCsflbUU710Hyp_3wyn5win326events12EventHandler13window_redraw0B9_
FNDA:0,_RNCNvMs1_NtCslHwOwCUw2lI_3rge6engineNtB7_10GameEngine13update_thread0B9_
FNDA:0,_RNCNvXs0_NtCslHwOwCUw2lI_3rge6engineNtB7_10GameEngineNtNtNtCsflbUU710Hyp_3wyn5win326events12EventHandler12window_close0B9_
FNDA:0,_RNvNtCslHwOwCUw2lI_3rge6engine12write_window
FNDA:0,_RNvXs0_NtCslHwOwCUw2lI_3rge6engineNtB5_10GameEngineNtNtNtCsflbUU710Hyp_3wyn5win326events12EventHandler4stop
FNDA:0,_RNvXs0_NtCslHwOwCUw2lI_3rge6engineNtB5_10GameEngineNtNtNtCsflbUU710Hyp_3wyn5win326events12EventHandler9key_press
FNDA:0,_RNvMs1_NtCslHwOwCUw2lI_3rge6engineNtB5_10GameEngine13update_thread
FNDA:0,_RNvXs0_NtCslHwOwCUw2lI_3rge6engineNtB5_10GameEngineNtNtNtCsflbUU710Hyp_3wyn5win326events12EventHandler12button_press
FNDA:0,_RNCNvMs_NtCslHwOwCUw2lI_3rge6engineNtB6_10GameEngine14start_shutdown0B8_
FNDA:0,_RNvXs0_NtCslHwOwCUw2lI_3rge6engineNtB5_10GameEngineNtNtNtCsflbUU710Hyp_3wyn5win326events12EventHandler12scroll_wheel
FNDA:0,_RNvXs0_NtCslHwOwCUw2lI_3rge6engineNtB5_10GameEngineNtNtNtCsflbUU710Hyp_3wyn5win326events12EventHandler5start
FNDA:0,_RNCNvMs1_NtCslHwOwCUw2lI_3rge6engineNtB7_10GameEngine13update_threads_0B9_
FNDA:0,_RNvMs_NtCslHwOwCUw2lI_3rge6engineNtB4_10GameEngine3new
FNDA:0,_RNCNvMs1_NtCslHwOwCUw2lI_3rge6engineNtB7_10GameEngine12await_render0B9_
FNDA:0,_RNvXs0_NtCslHwOwCUw2lI_3rge6engineNtB5_10GameEngineNtNtNtCsflbUU710Hyp_3wyn5win326events12EventHandler11cursor_move
FNDA:0,_RNvMs1_NtCslHwOwCUw2lI_3rge6engineNtB5_10GameEngine3run
FNDA:0,_RINvMs_NtCslHwOwCUw2lI_3rge6engineNtB5_10GameEngine16write_read_stateppppEB7_
FNDA:0,_RNvMs2_NtCslHwOwCUw2lI_3rge6engineNtB5_11EngineState15internal_update
FNDA:0,_RINvMs_NtCslHwOwCUw2lI_3rge6engineNtB5_10GameEngine10read_stateppEB7_
FNDA:0,_RNvXs0_NtCslHwOwCUw2lI_3rge6engineNtB5_10GameEngineNtNtNtCsflbUU710Hyp_3wyn5win326events12EventHandler12window_focus
FNDA:0,_RNCNvXs0_NtCslHwOwCUw2lI_3rge6engineNtB7_10GameEngineNtNtNtCsflbUU710Hyp_3wyn5win326events12EventHandler5starts_0B9_
FNDA:0,_RNCNCNvMs1_NtCslHwOwCUw2lI_3rge6engineNtB9_10GameEngine13update_threads0_00Bb_
FNDA:0,_RNvMs1_NtCslHwOwCUw2lI_3rge6engineNtB5_10GameEngine13signal_render
FNDA:0,_RNvXs0_NtCslHwOwCUw2lI_3rge6engineNtB5_10GameEngineNtNtNtCsflbUU710Hyp_3wyn5win326events12EventHandler12window_close
FNDA:0,_RNvXs0_NtCslHwOwCUw2lI_3rge6engineNtB5_10GameEngineNtNtNtCsflbUU710Hyp_3wyn5win326events12EventHandler15character_input
FNDA:0,_RNvMs2_NtCslHwOwCUw2lI_3rge6engineNtB5_11EngineState15internal_render
FNDA:0,_RNvMs1_NtCslHwOwCUw2lI_3rge6engineNtB5_10GameEngine12await_render
FNDA:0,_RNvXs0_NtCslHwOwCUw2lI_3rge6engineNtB5_10GameEngineNtNtNtCsflbUU710Hyp_3wyn5win326events12EventHandler13window_redraw
FNDA:0,_RNCNvXs0_NtCslHwOwCUw2lI_3rge6engineNtB7_10GameEngineNtNtNtCsflbUU710Hyp_3wyn5win326events12EventHandler17window_reposition0B9_
FNDA:0,_RNvMs3_NtCslHwOwCUw2lI_3rge6engineNtB5_11EngineState12update_atlas
FNDA:0,_RNCNCNvMs1_NtCslHwOwCUw2lI_3rge6engineNtB9_10GameEngine3run00Bb_
FNF:39
FNH:39
DA:95,6
DA:96,6
DA:97,6
DA:98,6
DA:99,6
DA:100,6
DA:101,6
DA:102,6
DA:103,6
DA:104,6
DA:105,6
DA:106,6
DA:107,6
DA:108,6
DA:109,6
DA:110,6
DA:111,6
DA:112,6
DA:113,6
DA:114,6
DA:115,6
DA:116,6
DA:117,6
DA:118,6
DA:119,6
DA:120,6
DA:121,6
DA:122,6
DA:123,6
DA:124,6
DA:125,6
DA:126,6
DA:127,6
DA:128,6
DA:129,6
DA:130,6
DA:135,6870
DA:136,6870
DA:137,6870
DA:138,6870
DA:139,6870
DA:142,2350
DA:143,2350
DA:144,2350
DA:145,2350
DA:146,2350
DA:149,7843
DA:150,7843
DA:151,7843
DA:152,7843
DA:153,7843
DA:154,7843
DA:155,7843
DA:156,7843
DA:157,7843
DA:158,7843
DA:159,7843
DA:160,7843
DA:161,7843
DA:166,18
DA:167,18
DA:168,18
DA:169,6
DA:170,6
DA:172,12
DA:174,18
DA:175,6
DA:176,6
DA:177,12
DA:179,18
DA:180,18
DA:186,6
DA:187,6
DA:188,6
DA:189,6
DA:190,6
DA:191,6
DA:192,6
DA:193,6
DA:194,6
DA:195,6
DA:196,6
DA:197,6
DA:198,6
DA:199,6
DA:200,6
DA:201,6
DA:202,6
DA:203,6
DA:204,6
DA:205,6
DA:206,6
DA:207,6
DA:208,6
DA:209,6
DA:210,6
DA:211,0
DA:212,6
DA:214,6
DA:215,0
DA:216,6
DA:217,6
DA:218,6
DA:220,6
DA:221,6
DA:222,6
DA:224,2350
DA:225,2350
DA:226,2350
DA:227,2344
DA:228,2344
DA:229,2344
DA:230,6
DA:231,2350
DA:232,2350
DA:234,7837
DA:235,7837
DA:236,7837
DA:237,7837
DA:238,7837
DA:239,7837
DA:240,7837
DA:241,0
DA:244,0
DA:247,7837
DA:248,7837
DA:249,7837
DA:250,7837
DA:251,7837
DA:252,7837
DA:253,7837
DA:254,7837
DA:255,7837
DA:256,7837
DA:257,7837
DA:258,7837
DA:260,0
DA:263,7837
DA:264,7837
DA:265,7837
DA:266,7837
DA:267,0
DA:268,7837
DA:269,7837
DA:271,12
DA:272,12
DA:273,12
DA:274,6
DA:276,6
DA:278,12
DA:279,12
DA:280,12
DA:281,6
DA:282,6
DA:283,12
DA:287,12
DA:288,12
DA:289,12
DA:290,12
DA:291,12
DA:293,15967
DA:294,15967
DA:295,15967
DA:296,15967
DA:297,15967
DA:299,193
DA:300,193
DA:301,193
DA:302,193
DA:303,193
DA:305,20
DA:306,20
DA:307,20
DA:308,20
DA:309,20
DA:310,20
DA:311,20
DA:312,20
DA:313,20
DA:314,20
DA:315,20
DA:317,224
DA:318,224
DA:319,224
DA:320,224
DA:321,224
DA:322,224
DA:323,224
DA:324,224
DA:325,224
DA:326,224
DA:327,224
DA:329,66
DA:330,66
DA:331,66
DA:332,66
DA:333,66
DA:340,6
DA:341,6
DA:342,6
DA:343,6
DA:344,6
DA:345,6
DA:346,6
DA:347,6
DA:348,6
DA:351,6
DA:352,6
DA:353,0
DA:354,6
DA:355,6
DA:356,6
DA:357,6
DA:358,6
DA:359,6
DA:360,6
DA:361,6
DA:362,6
DA:363,6
DA:365,6836
DA:366,6834
DA:367,6834
DA:368,6834
DA:369,6834
DA:370,6834
DA:371,6834
DA:372,6834
DA:373,6834
DA:374,6834
DA:375,6834
DA:376,6834
DA:377,6834
DA:378,6834
DA:379,6834
DA:380,6834
DA:381,6834
DA:382,6834
DA:383,6834
DA:384,6834
DA:385,6834
DA:386,6834
DA:387,6834
DA:388,6834
DA:389,6834
DA:390,6834
DA:391,6834
DA:392,6834
DA:393,6834
DA:394,6834
DA:395,6834
DA:396,4
DA:397,6830
DA:398,6830
DA:399,6830
DA:400,0
DA:401,6830
DA:402,6830
DA:403,6830
DA:405,6
DA:409,6830
DA:410,6830
DA:411,6830
DA:412,6830
DA:413,13660
DA:414,6830
DA:416,6830
DA:418,0
DA:420,6830
DA:424,7855
DA:425,7855
DA:426,7855
DA:427,7855
DA:428,7855
DA:434,7843
DA:435,7843
DA:436,7843
DA:437,7843
DA:438,6186
DA:439,6186
DA:441,7843
DA:442,7843
DA:443,7843
DA:444,6
DA:445,7837
DA:447,7843
DA:448,7843
DA:449,7843
DA:450,54
DA:451,27
DA:452,27
DA:453,27
DA:454,27
DA:455,27
DA:456,27
DA:457,7789
DA:458,7843
DA:461,7837
DA:462,7837
DA:463,7837
DA:464,7837
DA:465,7837
DA:466,7837
DA:467,7837
DA:468,7837
DA:469,7837
DA:470,7837
DA:471,7837
DA:478,6834
DA:479,6834
DA:480,4
DA:481,6830
DA:482,6830
DA:483,6830
DA:484,6830
DA:485,6830
DA:486,6830
DA:487,6830
DA:488,0
DA:489,6830
DA:491,6830
DA:492,6830
DA:493,6830
DA:495,6830
DA:496,6834
DA:500,7837
DA:501,7837
DA:502,0
DA:503,7837
DA:504,7837
DA:505,7837
DA:506,0
DA:507,7837
DA:508,7837
DA:509,7837
DA:510,7837
DA:511,7837
DA:512,0
DA:513,7837
DA:515,7837
DA:517,0
DA:520,7837
DA:521,7837
DA:522,7837
DA:523,7837
DA:524,7837
DA:525,7837
DA:526,7837
DA:527,7837
DA:528,7837
DA:529,7837
DA:530,7837
DA:531,7837
DA:532,7837
DA:533,7837
DA:534,7837
DA:535,7837
DA:536,7837
DA:537,7837
DA:538,7837
DA:539,7837
DA:540,7837
DA:547,901
DA:548,901
DA:549,901
BRF:0
BRH:0
LF:384
LH:370
end_of_record
SF:C:\Users\luigi\College\Spring 2023\Capstone\EricGrandizio\rge\src\inputs.rs
FN:19,_RNvXs2_NtCsbujzjYX0pAI_3rge6inputsNtB5_5InputNtNtCs1RoSZkFyxqL_4core3cmp9PartialEq2eqB7_
FN:79,_RNvMNtCsbujzjYX0pAI_3rge6inputsNtB2_6Inputs5count
FN:60,_RNvXs4_NtCsbujzjYX0pAI_3rge6inputsNtB5_6InputsNtNtCs1RoSZkFyxqL_4core7default7Default7defaultB7_
FN:74,_RNvMNtCsbujzjYX0pAI_3rge6inputsNtB2_6Inputs8contains
FN:80,_RNCNvMNtCsbujzjYX0pAI_3rge6inputsNtB4_6Inputs5count0B6_
FN:60,_RNvXs3_NtCsbujzjYX0pAI_3rge6inputsNtB5_6InputsNtNtCs1RoSZkFyxqL_4core5clone5Clone5cloneB7_
FN:19,_RNvXs_NtCsbujzjYX0pAI_3rge6inputsNtB4_5InputNtNtCs1RoSZkFyxqL_4core5clone5Clone5cloneB6_
FN:74,_RNvMNtCslHwOwCUw2lI_3rge6inputsNtB2_6Inputs8contains
FN:60,_RNvXs3_NtCslHwOwCUw2lI_3rge6inputsNtB5_6InputsNtNtCs1RoSZkFyxqL_4core5clone5Clone5cloneB7_
FN:19,_RNvXs2_NtCslHwOwCUw2lI_3rge6inputsNtB5_5InputNtNtCs1RoSZkFyxqL_4core3cmp9PartialEq2eqB7_
FN:60,_RNvXs4_NtCslHwOwCUw2lI_3rge6inputsNtB5_6InputsNtNtCs1RoSZkFyxqL_4core7default7Default7defaultB7_
FN:80,_RNCNvMNtCslHwOwCUw2lI_3rge6inputsNtB4_6Inputs5count0B6_
FN:19,_RNvXs_NtCslHwOwCUw2lI_3rge6inputsNtB4_5InputNtNtCs1RoSZkFyxqL_4core5clone5Clone5cloneB6_
FN:79,_RNvMNtCslHwOwCUw2lI_3rge6inputsNtB2_6Inputs5count
FNDA:40816,_RNvXs2_NtCsbujzjYX0pAI_3rge6inputsNtB5_5InputNtNtCs1RoSZkFyxqL_4core3cmp9PartialEq2eqB7_
FNDA:1798,_RNvMNtCsbujzjYX0pAI_3rge6inputsNtB2_6Inputs5count
FNDA:12,_RNvXs4_NtCsbujzjYX0pAI_3rge6inputsNtB5_6InputsNtNtCs1RoSZkFyxqL_4core7default7Default7defaultB7_
FNDA:8089,_RNvMNtCsbujzjYX0pAI_3rge6inputsNtB2_6Inputs8contains
FNDA:7424,_RNCNvMNtCsbujzjYX0pAI_3rge6inputsNtB4_6Inputs5count0B6_
FNDA:0,_RNvXs3_NtCsbujzjYX0pAI_3rge6inputsNtB5_6InputsNtNtCs1RoSZkFyxqL_4core5clone5Clone5cloneB7_
FNDA:0,_RNvXs_NtCsbujzjYX0pAI_3rge6inputsNtB4_5InputNtNtCs1RoSZkFyxqL_4core5clone5Clone5cloneB6_
FNDA:0,_RNvMNtCslHwOwCUw2lI_3rge6inputsNtB2_6Inputs8contains
FNDA:0,_RNvXs3_NtCslHwOwCUw2lI_3rge6inputsNtB5_6InputsNtNtCs1RoSZkFyxqL_4core5clone5Clone5cloneB7_
FNDA:0,_RNvXs2_NtCslHwOwCUw2lI_3rge6inputsNtB5_5InputNtNtCs1RoSZkFyxqL_4core3cmp9PartialEq2eqB7_
FNDA:0,_RNvXs4_NtCslHwOwCUw2lI_3rge6inputsNtB5_6InputsNtNtCs1RoSZkFyxqL_4core7default7Default7defaultB7_
FNDA:0,_RNCNvMNtCslHwOwCUw2lI_3rge6inputsNtB4_6Inputs5count0B6_
FNDA:0,_RNvXs_NtCslHwOwCUw2lI_3rge6inputsNtB4_5InputNtNtCs1RoSZkFyxqL_4core5clone5Clone5cloneB6_
FNDA:0,_RNvMNtCslHwOwCUw2lI_3rge6inputsNtB2_6Inputs5count
FNF:7
FNH:5
DA:19,40816
DA:60,12
DA:74,8089
DA:75,8089
DA:76,8089
DA:79,1798
DA:80,7424
DA:81,1798
BRF:0
BRH:0
LF:11
LH:9
end_of_record
SF:C:\Users\luigi\College\Spring 2023\Capstone\EricGrandizio\rge\src\lib.rs
FN:1,_RNvCslHwOwCUw2lI_3rge4main
FNDA:2,_RNvCslHwOwCUw2lI_3rge4main
FNF:1
FNH:1
DA:1,2
BRF:0
BRH:0
LF:1
LH:1
end_of_record
SF:C:\Users\luigi\College\Spring 2023\Capstone\EricGrandizio\rge\src\settings.rs
FN:20,_RNvXs1_NtCsbujzjYX0pAI_3rge8settingsNtB5_18GameEngineSettingsNtNtCs1RoSZkFyxqL_4core3fmt5Debug3fmt
FN:177,_RNvMNtCsbujzjYX0pAI_3rge8settingsNtB2_14RenderSettings8triangle
FN:184,_RNvMNtCsbujzjYX0pAI_3rge8settingsNtB2_14RenderSettings10line_strip
FN:216,_RNvMNtCsbujzjYX0pAI_3rge8settingsNtB2_14RenderSettings12triangle_fan
FN:255,_RNvMNtCsbujzjYX0pAI_3rge8settingsNtB2_14RenderSettings15uv_triangle_fan
FN:56,_RNvXs6_NtCsbujzjYX0pAI_3rge8settingsNtB5_14RenderSettingsNtNtCs1RoSZkFyxqL_4core7default7Default7defaultB7_
FN:200,_RNvMNtCsbujzjYX0pAI_3rge8settingsNtB2_14RenderSettings14triangle_strip
FN:41,_RNvXs3_NtCsbujzjYX0pAI_3rge8settingsNtB5_14WindowSettingsNtNtCs1RoSZkFyxqL_4core7default7Default7defaultB7_
FN:41,_RNvXs4_NtCsbujzjYX0pAI_3rge8settingsNtB5_14WindowSettingsNtNtCs1RoSZkFyxqL_4core3fmt5Debug3fmt
FN:165,_RNvMNtCsbujzjYX0pAI_3rge8settingsNtB2_14RenderSettings5point
FN:56,_RNvXs7_NtCsbujzjYX0pAI_3rge8settingsNtB5_14RenderSettingsNtNtCs1RoSZkFyxqL_4core3fmt5Debug3fmt
FN:170,_RNvMNtCsbujzjYX0pAI_3rge8settingsNtB2_14RenderSettings4line
FN:140,_RNvMNtCsbujzjYX0pAI_3rge8settingsNtB2_14RenderSettings5clear
FN:239,_RNvMNtCsbujzjYX0pAI_3rge8settingsNtB2_14RenderSettings17uv_triangle_strip
FN:232,_RNvMNtCsbujzjYX0pAI_3rge8settingsNtB2_14RenderSettings11uv_triangle
FN:56,_RNvXs5_NtCsbujzjYX0pAI_3rge8settingsNtB5_14RenderSettingsNtNtCs1RoSZkFyxqL_4core5clone5Clone5cloneB7_
FN:20,_RNvXs_NtCsbujzjYX0pAI_3rge8settingsNtB4_18GameEngineSettingsNtNtCs1RoSZkFyxqL_4core5clone5Clone5cloneB6_
FN:41,_RNvXs2_NtCsbujzjYX0pAI_3rge8settingsNtB5_14WindowSettingsNtNtCs1RoSZkFyxqL_4core5clone5Clone5cloneB7_
FN:20,_RNvXs1_NtCslHwOwCUw2lI_3rge8settingsNtB5_18GameEngineSettingsNtNtCs1RoSZkFyxqL_4core3fmt5Debug3fmt
FN:140,_RNvMNtCslHwOwCUw2lI_3rge8settingsNtB2_14RenderSettings5clear
FN:56,_RNvXs6_NtCslHwOwCUw2lI_3rge8settingsNtB5_14RenderSettingsNtNtCs1RoSZkFyxqL_4core7default7Default7defaultB7_
FN:20,_RNvXs_NtCslHwOwCUw2lI_3rge8settingsNtB4_18GameEngineSettingsNtNtCs1RoSZkFyxqL_4core5clone5Clone5cloneB6_
FN:170,_RNvMNtCslHwOwCUw2lI_3rge8settingsNtB2_14RenderSettings4line
FN:41,_RNvXs3_NtCslHwOwCUw2lI_3rge8settingsNtB5_14WindowSettingsNtNtCs1RoSZkFyxqL_4core7default7Default7defaultB7_
FN:177,_RNvMNtCslHwOwCUw2lI_3rge8settingsNtB2_14RenderSettings8triangle
FN:232,_RNvMNtCslHwOwCUw2lI_3rge8settingsNtB2_14RenderSettings11uv_triangle
FN:56,_RNvXs7_NtCslHwOwCUw2lI_3rge8settingsNtB5_14RenderSettingsNtNtCs1RoSZkFyxqL_4core3fmt5Debug3fmt
FN:255,_RNvMNtCslHwOwCUw2lI_3rge8settingsNtB2_14RenderSettings15uv_triangle_fan
FN:239,_RNvMNtCslHwOwCUw2lI_3rge8settingsNtB2_14RenderSettings17uv_triangle_strip
FN:41,_RNvXs4_NtCslHwOwCUw2lI_3rge8settingsNtB5_14WindowSettingsNtNtCs1RoSZkFyxqL_4core3fmt5Debug3fmt
FN:200,_RNvMNtCslHwOwCUw2lI_3rge8settingsNtB2_14RenderSettings14triangle_strip
FN:184,_RNvMNtCslHwOwCUw2lI_3rge8settingsNtB2_14RenderSettings10line_strip
FN:56,_RNvXs5_NtCslHwOwCUw2lI_3rge8settingsNtB5_14RenderSettingsNtNtCs1RoSZkFyxqL_4core5clone5Clone5cloneB7_
FN:165,_RNvMNtCslHwOwCUw2lI_3rge8settingsNtB2_14RenderSettings5point
FN:216,_RNvMNtCslHwOwCUw2lI_3rge8settingsNtB2_14RenderSettings12triangle_fan
FN:41,_RNvXs2_NtCslHwOwCUw2lI_3rge8settingsNtB5_14WindowSettingsNtNtCs1RoSZkFyxqL_4core5clone5Clone5cloneB7_
FNDA:0,_RNvXs1_NtCsbujzjYX0pAI_3rge8settingsNtB5_18GameEngineSettingsNtNtCs1RoSZkFyxqL_4core3fmt5Debug3fmt
FNDA:180,_RNvMNtCsbujzjYX0pAI_3rge8settingsNtB2_14RenderSettings8triangle
FNDA:180,_RNvMNtCsbujzjYX0pAI_3rge8settingsNtB2_14RenderSettings10line_strip
FNDA:5305,_RNvMNtCsbujzjYX0pAI_3rge8settingsNtB2_14RenderSettings12triangle_fan
FNDA:25959,_RNvMNtCsbujzjYX0pAI_3rge8settingsNtB2_14RenderSettings15uv_triangle_fan
FNDA:6,_RNvXs6_NtCsbujzjYX0pAI_3rge8settingsNtB5_14RenderSettingsNtNtCs1RoSZkFyxqL_4core7default7Default7defaultB7_
FNDA:270,_RNvMNtCsbujzjYX0pAI_3rge8settingsNtB2_14RenderSettings14triangle_strip
FNDA:6,_RNvXs3_NtCsbujzjYX0pAI_3rge8settingsNtB5_14WindowSettingsNtNtCs1RoSZkFyxqL_4core7default7Default7defaultB7_
FNDA:0,_RNvXs4_NtCsbujzjYX0pAI_3rge8settingsNtB5_14WindowSettingsNtNtCs1RoSZkFyxqL_4core3fmt5Debug3fmt
FNDA:104271,_RNvMNtCsbujzjYX0pAI_3rge8settingsNtB2_14RenderSettings5point
FNDA:0,_RNvXs7_NtCsbujzjYX0pAI_3rge8settingsNtB5_14RenderSettingsNtNtCs1RoSZkFyxqL_4core3fmt5Debug3fmt
FNDA:57250,_RNvMNtCsbujzjYX0pAI_3rge8settingsNtB2_14RenderSettings4line
FNDA:6180,_RNvMNtCsbujzjYX0pAI_3rge8settingsNtB2_14RenderSettings5clear
FNDA:25446,_RNvMNtCsbujzjYX0pAI_3rge8settingsNtB2_14RenderSettings17uv_triangle_strip
FNDA:0,_RNvMNtCsbujzjYX0pAI_3rge8settingsNtB2_14RenderSettings11uv_triangle
FNDA:0,_RNvXs5_NtCsbujzjYX0pAI_3rge8settingsNtB5_14RenderSettingsNtNtCs1RoSZkFyxqL_4core5clone5Clone5cloneB7_
FNDA:0,_RNvXs_NtCsbujzjYX0pAI_3rge8settingsNtB4_18GameEngineSettingsNtNtCs1RoSZkFyxqL_4core5clone5Clone5cloneB6_
FNDA:0,_RNvXs2_NtCsbujzjYX0pAI_3rge8settingsNtB5_14WindowSettingsNtNtCs1RoSZkFyxqL_4core5clone5Clone5cloneB7_
FNDA:0,_RNvXs1_NtCslHwOwCUw2lI_3rge8settingsNtB5_18GameEngineSettingsNtNtCs1RoSZkFyxqL_4core3fmt5Debug3fmt
FNDA:0,_RNvMNtCslHwOwCUw2lI_3rge8settingsNtB2_14RenderSettings5clear
FNDA:0,_RNvXs6_NtCslHwOwCUw2lI_3rge8settingsNtB5_14RenderSettingsNtNtCs1RoSZkFyxqL_4core7default7Default7defaultB7_
FNDA:0,_RNvXs_NtCslHwOwCUw2lI_3rge8settingsNtB4_18GameEngineSettingsNtNtCs1RoSZkFyxqL_4core5clone5Clone5cloneB6_
FNDA:0,_RNvMNtCslHwOwCUw2lI_3rge8settingsNtB2_14RenderSettings4line
FNDA:0,_RNvXs3_NtCslHwOwCUw2lI_3rge8settingsNtB5_14WindowSettingsNtNtCs1RoSZkFyxqL_4core7default7Default7defaultB7_
FNDA:0,_RNvMNtCslHwOwCUw2lI_3rge8settingsNtB2_14RenderSettings8triangle
FNDA:0,_RNvMNtCslHwOwCUw2lI_3rge8settingsNtB2_14RenderSettings11uv_triangle
FNDA:0,_RNvXs7_NtCslHwOwCUw2lI_3rge8settingsNtB5_14RenderSettingsNtNtCs1RoSZkFyxqL_4core3fmt5Debug3fmt
FNDA:0,_RNvMNtCslHwOwCUw2lI_3rge8settingsNtB2_14RenderSettings15uv_triangle_fan
FNDA:0,_RNvMNtCslHwOwCUw2lI_3rge8settingsNtB2_14RenderSettings17uv_triangle_strip
FNDA:0,_RNvXs4_NtCslHwOwCUw2lI_3rge8settingsNtB5_14WindowSettingsNtNtCs1RoSZkFyxqL_4core3fmt5Debug3fmt
FNDA:0,_RNvMNtCslHwOwCUw2lI_3rge8settingsNtB2_14RenderSettings14triangle_strip
FNDA:0,_RNvMNtCslHwOwCUw2lI_3rge8settingsNtB2_14RenderSettings10line_strip
FNDA:0,_RNvXs5_NtCslHwOwCUw2lI_3rge8settingsNtB5_14RenderSettingsNtNtCs1RoSZkFyxqL_4core5clone5Clone5cloneB7_
FNDA:0,_RNvMNtCslHwOwCUw2lI_3rge8settingsNtB2_14RenderSettings5point
FNDA:0,_RNvMNtCslHwOwCUw2lI_3rge8settingsNtB2_14RenderSettings12triangle_fan
FNDA:0,_RNvXs2_NtCslHwOwCUw2lI_3rge8settingsNtB5_14WindowSettingsNtNtCs1RoSZkFyxqL_4core5clone5Clone5cloneB7_
FNF:18
FNH:11
DA:20,0
DA:41,6
DA:56,6
DA:140,6180
DA:141,6180
DA:142,6180
DA:143,6180
DA:144,6180
DA:145,6180
DA:146,6180
DA:147,6180
DA:148,6180
DA:149,6180
DA:150,6180
DA:151,6180
DA:152,6180
DA:153,6180
DA:154,6180
DA:155,6180
DA:156,6180
DA:157,6180
DA:158,6180
DA:159,6180
DA:160,6180
DA:161,6180
DA:162,6180
DA:165,104271
DA:166,104271
DA:167,104271
DA:170,57250
DA:171,171750
DA:172,114500
DA:173,114500
DA:174,57250
DA:177,180
DA:178,720
DA:179,540
DA:180,540
DA:181,180
DA:184,180
DA:185,180
DA:186,180
DA:187,0
DA:190,180
DA:191,1080
DA:192,900
DA:193,900
DA:194,900
DA:195,900
DA:196,180
DA:197,180
DA:200,270
DA:201,270
DA:202,270
DA:203,0
DA:206,270
DA:207,1710
DA:208,1440
DA:209,1440
DA:210,1440
DA:211,1440
DA:212,270
DA:213,270
DA:216,5305
DA:217,5305
DA:218,5305
DA:219,0
DA:222,5305
DA:223,3288764
DA:224,3283459
DA:225,3283459
DA:226,3283459
DA:227,3283459
DA:228,5305
DA:229,5305
DA:232,0
DA:233,0
DA:234,0
DA:235,0
DA:236,0
DA:239,25446
DA:240,25446
DA:241,25446
DA:242,0
DA:245,25446
DA:246,127230
DA:247,101784
DA:248,101784
DA:249,101784
DA:250,101784
DA:251,25446
DA:252,25446
DA:255,25959
DA:256,25959
DA:257,25959
DA:258,0
DA:261,25959
DA:262,629987
DA:263,604028
DA:264,604028
DA:265,604028
DA:266,604028
DA:267,25959
DA:268,25959
BRF:0
BRH:0
LF:109
LH:93
end_of_record
SF:C:\Users\luigi\College\Spring 2023\Capstone\EricGrandizio\rge\src\texture.rs
FN:98,_RNvXs0_NtCsbujzjYX0pAI_3rge7textureNtB5_4RGBANtNtCs1RoSZkFyxqL_4core3fmt7Display3fmt
FN:252,_RNvMs4_NtCsbujzjYX0pAI_3rge7textureNtB5_7Texture5width
FN:44,_RNvMNtCsbujzjYX0pAI_3rge7textureNtB2_4RGBA4rgba
FN:277,_RNvMs4_NtCsbujzjYX0pAI_3rge7textureNtB5_7Texture12as_mut_slice
FN:290,_RNvMs5_NtCsbujzjYX0pAI_3rge7textureNtB5_7Texture9vk_extent
FN:21,_RNvXsa_NtCsbujzjYX0pAI_3rge7textureNtB5_4RGBANtNtCs1RoSZkFyxqL_4core3cmp9PartialEq2eqB7_
FN:330,_RNvMs6_NtCsbujzjYX0pAI_3rge7textureNtB5_7Texture5clear
FN:163,_RNvMs3_NtCsbujzjYX0pAI_3rge7textureNtB5_7Texture10load_bytes
FN:185,_RNvMs3_NtCsbujzjYX0pAI_3rge7textureNtB5_7Texture12from_stbi_u8
FN:262,_RNvMs4_NtCsbujzjYX0pAI_3rge7textureNtB5_7Texture3len
FN:245,_RNvMs4_NtCsbujzjYX0pAI_3rge7textureNtB5_7Texture14calculate_size
FN:59,_RNvMNtCsbujzjYX0pAI_3rge7textureNtB2_4RGBA5rgb_f
FN:129,_RNvXsj_NtCsbujzjYX0pAI_3rge7textureNtB5_7TextureNtNtCs1RoSZkFyxqL_4core3fmt5Debug3fmt
FN:210,_RNvMs3_NtCsbujzjYX0pAI_3rge7textureNtB5_7Texture13from_stbi_f32
FN:176,_RNvMs3_NtCsbujzjYX0pAI_3rge7textureNtB5_7Texture11stbi_to_rge
FN:272,_RNvMs4_NtCsbujzjYX0pAI_3rge7textureNtB5_7Texture8as_slice
FN:77,_RNvMNtCsbujzjYX0pAI_3rge7textureNtB2_4RGBA7convert
FN:88,_RNvXs_NtCsbujzjYX0pAI_3rge7textureNtB4_4RGBANtNtCs1RoSZkFyxqL_4core3fmt5Debug3fmt
FN:230,_RNvMs4_NtCsbujzjYX0pAI_3rge7textureNtB5_7Texture3new
FN:49,_RNvMNtCsbujzjYX0pAI_3rge7textureNtB2_4RGBA6rgba32
FN:37,_RNvMNtCsbujzjYX0pAI_3rge7textureNtB2_4RGBA3rgb
FN:68,_RNvMNtCsbujzjYX0pAI_3rge7textureNtB2_4RGBA6rgba_f
FN:303,_RNvMs5_NtCsbujzjYX0pAI_3rge7textureNtB5_7Texture14vk_device_size
FN:321,_RNvMs6_NtCsbujzjYX0pAI_3rge7textureNtB5_7Texture6resize
FN:110,_RNvXs1_NtCsbujzjYX0pAI_3rge7textureNtB5_4RGBAINtNtCs1RoSZkFyxqL_4core7convert4FromNtNtNtNtB7_6vulkan7shaders4glsl4vec4E4from
FN:337,_RNvMs6_NtCsbujzjYX0pAI_3rge7textureNtB5_7Texture6chroma
FN:257,_RNvMs4_NtCsbujzjYX0pAI_3rge7textureNtB5_7Texture6height
FN:267,_RNvMs4_NtCsbujzjYX0pAI_3rge7textureNtB5_7Texture8is_empty
FN:21,_RNvXs7_NtCsbujzjYX0pAI_3rge7textureNtB5_4RGBANtNtCs1RoSZkFyxqL_4core5clone5Clone5cloneB7_
FN:129,_RNvXsg_NtCsbujzjYX0pAI_3rge7textureNtB5_7TextureNtNtCs1RoSZkFyxqL_4core3cmp9PartialEq2eqB7_
FN:129,_RNvXse_NtCsbujzjYX0pAI_3rge7textureNtB5_7TextureNtNtCs1RoSZkFyxqL_4core5clone5Clone5cloneB7_
FN:21,_RNvXsd_NtCsbujzjYX0pAI_3rge7textureNtB5_4RGBANtNtCs1RoSZkFyxqL_4core7default7Default7defaultB7_
FN:129,_RNvXsk_NtCsbujzjYX0pAI_3rge7textureNtB5_7TextureNtNtCs1RoSZkFyxqL_4core7default7Default7defaultB7_
FN:152,_RINvMs3_NtCsbujzjYX0pAI_3rge7textureNtB6_7Texture4loadpEB8_
FN:199,_RNCNvMs3_NtCsbujzjYX0pAI_3rge7textureNtB7_7Texture12from_stbi_u80B9_
FN:340,_RNCNvMs6_NtCsbujzjYX0pAI_3rge7textureNtB7_7Texture6chroma0B9_
FN:116,_RNvXs2_NtCsbujzjYX0pAI_3rge7textureNtNtNtNtB7_6vulkan7shaders4glsl4vec4INtNtCs1RoSZkFyxqL_4core7convert4FromNtB5_4RGBAE4from
FN:59,_RNvMNtCslHwOwCUw2lI_3rge7textureNtB2_4RGBA5rgb_f
FN:176,_RNvMs3_NtCslHwOwCUw2lI_3rge7textureNtB5_7Texture11stbi_to_rge
FN:272,_RNvMs4_NtCslHwOwCUw2lI_3rge7textureNtB5_7Texture8as_slice
FN:337,_RNvMs6_NtCslHwOwCUw2lI_3rge7textureNtB5_7Texture6chroma
FN:267,_RNvMs4_NtCslHwOwCUw2lI_3rge7textureNtB5_7Texture8is_empty
FN:340,_RNCNvMs6_NtCslHwOwCUw2lI_3rge7textureNtB7_7Texture6chroma0B9_
FN:68,_RNvMNtCslHwOwCUw2lI_3rge7textureNtB2_4RGBA6rgba_f
FN:110,_RNvXs1_NtCslHwOwCUw2lI_3rge7textureNtB5_4RGBAINtNtCs1RoSZkFyxqL_4core7convert4FromNtNtNtNtB7_6vulkan7shaders4glsl4vec4E4from
FN:185,_RNvMs3_NtCslHwOwCUw2lI_3rge7textureNtB5_7Texture12from_stbi_u8
FN:303,_RNvMs5_NtCslHwOwCUw2lI_3rge7textureNtB5_7Texture14vk_device_size
FN:129,_RNvXsg_NtCslHwOwCUw2lI_3rge7textureNtB5_7TextureNtNtCs1RoSZkFyxqL_4core3cmp9PartialEq2eqB7_
FN:44,_RNvMNtCslHwOwCUw2lI_3rge7textureNtB2_4RGBA4rgba
FN:252,_RNvMs4_NtCslHwOwCUw2lI_3rge7textureNtB5_7Texture5width
FN:290,_RNvMs5_NtCslHwOwCUw2lI_3rge7textureNtB5_7Texture9vk_extent
FN:330,_RNvMs6_NtCslHwOwCUw2lI_3rge7textureNtB5_7Texture5clear
FN:152,_RINvMs3_NtCslHwOwCUw2lI_3rge7textureNtB6_7Texture4loadpEB8_
FN:277,_RNvMs4_NtCslHwOwCUw2lI_3rge7textureNtB5_7Texture12as_mut_slice
FN:21,_RNvXsa_NtCslHwOwCUw2lI_3rge7textureNtB5_4RGBANtNtCs1RoSZkFyxqL_4core3cmp9PartialEq2eqB7_
FN:129,_RNvXsj_NtCslHwOwCUw2lI_3rge7textureNtB5_7TextureNtNtCs1RoSZkFyxqL_4core3fmt5Debug3fmt
FN:210,_RNvMs3_NtCslHwOwCUw2lI_3rge7textureNtB5_7Texture13from_stbi_f32
FN:77,_RNvMNtCslHwOwCUw2lI_3rge7textureNtB2_4RGBA7convert
FN:98,_RNvXs0_NtCslHwOwCUw2lI_3rge7textureNtB5_4RGBANtNtCs1RoSZkFyxqL_4core3fmt7Display3fmt
FN:129,_RNvXse_NtCslHwOwCUw2lI_3rge7textureNtB5_7TextureNtNtCs1RoSZkFyxqL_4core5clone5Clone5cloneB7_
FN:262,_RNvMs4_NtCslHwOwCUw2lI_3rge7textureNtB5_7Texture3len
FN:21,_RNvXsd_NtCslHwOwCUw2lI_3rge7textureNtB5_4RGBANtNtCs1RoSZkFyxqL_4core7default7Default7defaultB7_
FN:230,_RNvMs4_NtCslHwOwCUw2lI_3rge7textureNtB5_7Texture3new
FN:37,_RNvMNtCslHwOwCUw2lI_3rge7textureNtB2_4RGBA3rgb
FN:321,_RNvMs6_NtCslHwOwCUw2lI_3rge7textureNtB5_7Texture6resize
FN:257,_RNvMs4_NtCslHwOwCUw2lI_3rge7textureNtB5_7Texture6height
FN:49,_RNvMNtCslHwOwCUw2lI_3rge7textureNtB2_4RGBA6rgba32
FN:199,_RNCNvMs3_NtCslHwOwCUw2lI_3rge7textureNtB7_7Texture12from_stbi_u80B9_
FN:116,_RNvXs2_NtCslHwOwCUw2lI_3rge7textureNtNtNtNtB7_6vulkan7shaders4glsl4vec4INtNtCs1RoSZkFyxqL_4core7convert4FromNtB5_4RGBAE4from
FN:163,_RNvMs3_NtCslHwOwCUw2lI_3rge7textureNtB5_7Texture10load_bytes
FN:245,_RNvMs4_NtCslHwOwCUw2lI_3rge7textureNtB5_7Texture14calculate_size
FN:88,_RNvXs_NtCslHwOwCUw2lI_3rge7textureNtB4_4RGBANtNtCs1RoSZkFyxqL_4core3fmt5Debug3fmt
FN:129,_RNvXsk_NtCslHwOwCUw2lI_3rge7textureNtB5_7TextureNtNtCs1RoSZkFyxqL_4core7default7Default7defaultB7_
FN:21,_RNvXs7_NtCslHwOwCUw2lI_3rge7textureNtB5_4RGBANtNtCs1RoSZkFyxqL_4core5clone5Clone5cloneB7_
FN:129,_RNvXsg_NtCsbujzjYX0pAI_3rge7textureNtB5_7TextureNtNtCs1RoSZkFyxqL_4core3cmp9PartialEq2eqCs8qqFqPqm3ad_8textures
FN:21,_RNvXsd_NtCsbujzjYX0pAI_3rge7textureNtB5_4RGBANtNtCs1RoSZkFyxqL_4core7default7Default7defaultCs8qqFqPqm3ad_8textures
FN:21,_RNvXsa_NtCsbujzjYX0pAI_3rge7textureNtB5_4RGBANtNtCs1RoSZkFyxqL_4core3cmp9PartialEq2eqCs8qqFqPqm3ad_8textures
FN:152,_RINvMs3_NtCsbujzjYX0pAI_3rge7textureNtB6_7Texture4loadRNtNtCs4shZNHyK4px_3std4path4PathECs8qqFqPqm3ad_8textures
FNDA:2,_RNvXs0_NtCsbujzjYX0pAI_3rge7textureNtB5_4RGBANtNtCs1RoSZkFyxqL_4core3fmt7Display3fmt
FNDA:2,_RNvMs4_NtCsbujzjYX0pAI_3rge7textureNtB5_7Texture5width
FNDA:7363617,_RNvMNtCsbujzjYX0pAI_3rge7textureNtB2_4RGBA4rgba
FNDA:972,_RNvMs4_NtCsbujzjYX0pAI_3rge7textureNtB5_7Texture12as_mut_slice
FNDA:1814,_RNvMs5_NtCsbujzjYX0pAI_3rge7textureNtB5_7Texture9vk_extent
FNDA:4,_RNvXsa_NtCsbujzjYX0pAI_3rge7textureNtB5_4RGBANtNtCs1RoSZkFyxqL_4core3cmp9PartialEq2eqB7_
FNDA:0,_RNvMs6_NtCsbujzjYX0pAI_3rge7textureNtB5_7Texture5clear
FNDA:4,_RNvMs3_NtCsbujzjYX0pAI_3rge7textureNtB5_7Texture10load_bytes
FNDA:5,_RNvMs3_NtCsbujzjYX0pAI_3rge7textureNtB5_7Texture12from_stbi_u8
FNDA:1,_RNvMs4_NtCsbujzjYX0pAI_3rge7textureNtB5_7Texture3len
FNDA:9,_RNvMs4_NtCsbujzjYX0pAI_3rge7textureNtB5_7Texture14calculate_size
FNDA:1,_RNvMNtCsbujzjYX0pAI_3rge7textureNtB2_4RGBA5rgb_f
FNDA:0,_RNvXsj_NtCsbujzjYX0pAI_3rge7textureNtB5_7TextureNtNtCs1RoSZkFyxqL_4core3fmt5Debug3fmt
FNDA:0,_RNvMs3_NtCsbujzjYX0pAI_3rge7textureNtB5_7Texture13from_stbi_f32
FNDA:5,_RNvMs3_NtCsbujzjYX0pAI_3rge7textureNtB5_7Texture11stbi_to_rge
FNDA:908,_RNvMs4_NtCsbujzjYX0pAI_3rge7textureNtB5_7Texture8as_slice
FNDA:295,_RNvMNtCsbujzjYX0pAI_3rge7textureNtB2_4RGBA7convert
FNDA:1,_RNvXs_NtCsbujzjYX0pAI_3rge7textureNtB4_4RGBANtNtCs1RoSZkFyxqL_4core3fmt5Debug3fmt
FNDA:8,_RNvMs4_NtCsbujzjYX0pAI_3rge7textureNtB5_7Texture3new
FNDA:58916864,_RNvMNtCsbujzjYX0pAI_3rge7textureNtB2_4RGBA6rgba32
FNDA:2,_RNvMNtCsbujzjYX0pAI_3rge7textureNtB2_4RGBA3rgb
FNDA:73,_RNvMNtCsbujzjYX0pAI_3rge7textureNtB2_4RGBA6rgba_f
FNDA:907,_RNvMs5_NtCsbujzjYX0pAI_3rge7textureNtB5_7Texture14vk_device_size
FNDA:1,_RNvMs6_NtCsbujzjYX0pAI_3rge7textureNtB5_7Texture6resize
FNDA:72,_RNvXs1_NtCsbujzjYX0pAI_3rge7textureNtB5_4RGBAINtNtCs1RoSZkFyxqL_4core7convert4FromNtNtNtNtB7_6vulkan7shaders4glsl4vec4E4from
FNDA:1,_RNvMs6_NtCsbujzjYX0pAI_3rge7textureNtB5_7Texture6chroma
FNDA:2,_RNvMs4_NtCsbujzjYX0pAI_3rge7textureNtB5_7Texture6height
FNDA:1810,_RNvMs4_NtCsbujzjYX0pAI_3rge7textureNtB5_7Texture8is_empty
FNDA:65538,_RNvXs7_NtCsbujzjYX0pAI_3rge7textureNtB5_4RGBANtNtCs1RoSZkFyxqL_4core5clone5Clone5cloneB7_
FNDA:0,_RNvXsg_NtCsbujzjYX0pAI_3rge7textureNtB5_7TextureNtNtCs1RoSZkFyxqL_4core3cmp9PartialEq2eqB7_
FNDA:0,_RNvXse_NtCsbujzjYX0pAI_3rge7textureNtB5_7TextureNtNtCs1RoSZkFyxqL_4core5clone5Clone5cloneB7_
FNDA:0,_RNvXsd_NtCsbujzjYX0pAI_3rge7textureNtB5_4RGBANtNtCs1RoSZkFyxqL_4core7default7Default7defaultB7_
FNDA:0,_RNvXsk_NtCsbujzjYX0pAI_3rge7textureNtB5_7TextureNtNtCs1RoSZkFyxqL_4core7default7Default7defaultB7_
FNDA:0,_RINvMs3_NtCsbujzjYX0pAI_3rge7textureNtB6_7Texture4loadpEB8_
FNDA:7363612,_RNCNvMs3_NtCsbujzjYX0pAI_3rge7textureNtB7_7Texture12from_stbi_u80B9_
FNDA:4,_RNCNvMs6_NtCsbujzjYX0pAI_3rge7textureNtB7_7Texture6chroma0B9_
FNDA:0,_RNvXs2_NtCsbujzjYX0pAI_3rge7textureNtNtNtNtB7_6vulkan7shaders4glsl4vec4INtNtCs1RoSZkFyxqL_4core7convert4FromNtB5_4RGBAE4from
FNDA:0,_RNvMNtCslHwOwCUw2lI_3rge7textureNtB2_4RGBA5rgb_f
FNDA:0,_RNvMs3_NtCslHwOwCUw2lI_3rge7textureNtB5_7Texture11stbi_to_rge
FNDA:0,_RNvMs4_NtCslHwOwCUw2lI_3rge7textureNtB5_7Texture8as_slice
FNDA:0,_RNvMs6_NtCslHwOwCUw2lI_3rge7textureNtB5_7Texture6chroma
FNDA:0,_RNvMs4_NtCslHwOwCUw2lI_3rge7textureNtB5_7Texture8is_empty
FNDA:0,_RNCNvMs6_NtCslHwOwCUw2lI_3rge7textureNtB7_7Texture6chroma0B9_
FNDA:0,_RNvMNtCslHwOwCUw2lI_3rge7textureNtB2_4RGBA6rgba_f
FNDA:0,_RNvXs1_NtCslHwOwCUw2lI_3rge7textureNtB5_4RGBAINtNtCs1RoSZkFyxqL_4core7convert4FromNtNtNtNtB7_6vulkan7shaders4glsl4vec4E4from
FNDA:0,_RNvMs3_NtCslHwOwCUw2lI_3rge7textureNtB5_7Texture12from_stbi_u8
FNDA:0,_RNvMs5_NtCslHwOwCUw2lI_3rge7textureNtB5_7Texture14vk_device_size
FNDA:0,_RNvXsg_NtCslHwOwCUw2lI_3rge7textureNtB5_7TextureNtNtCs1RoSZkFyxqL_4core3cmp9PartialEq2eqB7_
FNDA:0,_RNvMNtCslHwOwCUw2lI_3rge7textureNtB2_4RGBA4rgba
FNDA:0,_RNvMs4_NtCslHwOwCUw2lI_3rge7textureNtB5_7Texture5width
FNDA:0,_RNvMs5_NtCslHwOwCUw2lI_3rge7textureNtB5_7Texture9vk_extent
FNDA:0,_RNvMs6_NtCslHwOwCUw2lI_3rge7textureNtB5_7Texture5clear
FNDA:0,_RINvMs3_NtCslHwOwCUw2lI_3rge7textureNtB6_7Texture4loadpEB8_
FNDA:0,_RNvMs4_NtCslHwOwCUw2lI_3rge7textureNtB5_7Texture12as_mut_slice
FNDA:0,_RNvXsa_NtCslHwOwCUw2lI_3rge7textureNtB5_4RGBANtNtCs1RoSZkFyxqL_4core3cmp9PartialEq2eqB7_
FNDA:0,_RNvXsj_NtCslHwOwCUw2lI_3rge7textureNtB5_7TextureNtNtCs1RoSZkFyxqL_4core3fmt5Debug3fmt
FNDA:0,_RNvMs3_NtCslHwOwCUw2lI_3rge7textureNtB5_7Texture13from_stbi_f32
FNDA:0,_RNvMNtCslHwOwCUw2lI_3rge7textureNtB2_4RGBA7convert
FNDA:0,_RNvXs0_NtCslHwOwCUw2lI_3rge7textureNtB5_4RGBANtNtCs1RoSZkFyxqL_4core3fmt7Display3fmt
FNDA:0,_RNvXse_NtCslHwOwCUw2lI_3rge7textureNtB5_7TextureNtNtCs1RoSZkFyxqL_4core5clone5Clone5cloneB7_
FNDA:0,_RNvMs4_NtCslHwOwCUw2lI_3rge7textureNtB5_7Texture3len
FNDA:0,_RNvXsd_NtCslHwOwCUw2lI_3rge7textureNtB5_4RGBANtNtCs1RoSZkFyxqL_4core7default7Default7defaultB7_
FNDA:0,_RNvMs4_NtCslHwOwCUw2lI_3rge7textureNtB5_7Texture3new
FNDA:0,_RNvMNtCslHwOwCUw2lI_3rge7textureNtB2_4RGBA3rgb
FNDA:0,_RNvMs6_NtCslHwOwCUw2lI_3rge7textureNtB5_7Texture6resize
FNDA:0,_RNvMs4_NtCslHwOwCUw2lI_3rge7textureNtB5_7Texture6height
FNDA:0,_RNvMNtCslHwOwCUw2lI_3rge7textureNtB2_4RGBA6rgba32
FNDA:0,_RNCNvMs3_NtCslHwOwCUw2lI_3rge7textureNtB7_7Texture12from_stbi_u80B9_
FNDA:0,_RNvXs2_NtCslHwOwCUw2lI_3rge7textureNtNtNtNtB7_6vulkan7shaders4glsl4vec4INtNtCs1RoSZkFyxqL_4core7convert4FromNtB5_4RGBAE4from
FNDA:0,_RNvMs3_NtCslHwOwCUw2lI_3rge7textureNtB5_7Texture10load_bytes
FNDA:0,_RNvMs4_NtCslHwOwCUw2lI_3rge7textureNtB5_7Texture14calculate_size
FNDA:0,_RNvXs_NtCslHwOwCUw2lI_3rge7textureNtB4_4RGBANtNtCs1RoSZkFyxqL_4core3fmt5Debug3fmt
FNDA:0,_RNvXsk_NtCslHwOwCUw2lI_3rge7textureNtB5_7TextureNtNtCs1RoSZkFyxqL_4core7default7Default7defaultB7_
FNDA:0,_RNvXs7_NtCslHwOwCUw2lI_3rge7textureNtB5_4RGBANtNtCs1RoSZkFyxqL_4core5clone5Clone5cloneB7_
FNDA:2,_RNvXsg_NtCsbujzjYX0pAI_3rge7textureNtB5_7TextureNtNtCs1RoSZkFyxqL_4core3cmp9PartialEq2eqCs8qqFqPqm3ad_8textures
FNDA:1,_RNvXsd_NtCsbujzjYX0pAI_3rge7textureNtB5_4RGBANtNtCs1RoSZkFyxqL_4core7default7Default7defaultCs8qqFqPqm3ad_8textures
FNDA:12,_RNvXsa_NtCsbujzjYX0pAI_3rge7textureNtB5_4RGBANtNtCs1RoSZkFyxqL_4core3cmp9PartialEq2eqCs8qqFqPqm3ad_8textures
FNDA:1,_RINvMs3_NtCsbujzjYX0pAI_3rge7textureNtB6_7Texture4loadRNtNtCs4shZNHyK4px_3std4path4PathECs8qqFqPqm3ad_8textures
FNF:37
FNH:31
DA:21,65538
DA:37,2
DA:38,2
DA:39,2
DA:40,2
DA:44,7363617
DA:45,7363617
DA:46,7363617
DA:49,58916864
DA:50,58916864
DA:51,58916864
DA:52,58916864
DA:53,58916864
DA:54,58916864
DA:55,58916864
DA:56,58916864
DA:59,1
DA:60,1
DA:61,1
DA:62,1
DA:63,1
DA:64,1
DA:65,1
DA:68,73
DA:69,73
DA:70,73
DA:71,73
DA:72,73
DA:73,73
DA:74,73
DA:77,295
DA:78,295
DA:79,295
DA:80,295
DA:88,1
DA:89,1
DA:90,1
DA:91,1
DA:92,1
DA:93,1
DA:94,1
DA:98,2
DA:99,2
DA:100,2
DA:101,2
DA:102,2
DA:103,2
DA:104,2
DA:110,72
DA:111,72
DA:112,72
DA:116,0
DA:117,0
DA:118,0
DA:119,0
DA:120,0
DA:121,0
DA:122,0
DA:123,0
DA:129,2
DA:152,1
DA:153,1
DA:154,1
DA:156,1
DA:157,0
DA:158,1
DA:159,1
DA:160,1
DA:163,4
DA:164,4
DA:165,4
DA:167,4
DA:168,1
DA:169,3
DA:170,4
DA:171,4
DA:176,5
DA:177,5
DA:178,0
DA:179,5
DA:180,0
DA:182,5
DA:185,5
DA:186,5
DA:189,0
DA:191,5
DA:193,5
DA:194,5
DA:195,5
DA:196,5
DA:197,5
DA:198,5
DA:199,7363612
DA:200,5
DA:201,5
DA:202,5
DA:203,5
DA:204,5
DA:205,5
DA:206,5
DA:207,5
DA:210,0
DA:211,0
DA:230,8
DA:231,8
DA:232,8
DA:233,8
DA:234,8
DA:235,8
DA:236,8
DA:237,8
DA:238,8
DA:239,8
DA:240,8
DA:245,9
DA:246,9
DA:247,9
DA:252,2
DA:253,2
DA:254,2
DA:257,2
DA:258,2
DA:259,2
DA:262,1
DA:263,1
DA:264,1
DA:267,1810
DA:268,1810
DA:269,1810
DA:272,908
DA:273,908
DA:274,908
DA:277,972
DA:278,972
DA:279,972
DA:290,1814
DA:291,1814
DA:292,1814
DA:293,1814
DA:294,1814
DA:295,1814
DA:296,1814
DA:297,1814
DA:298,1814
DA:299,1814
DA:300,1814
DA:303,907
DA:304,907
DA:305,907
DA:306,907
DA:307,907
DA:308,907
DA:309,907
DA:310,907
DA:321,1
DA:322,1
DA:323,1
DA:324,1
DA:325,1
DA:326,1
DA:327,1
DA:330,0
DA:331,0
DA:332,0
DA:333,0
DA:334,0
DA:337,1
DA:338,1
DA:340,4
DA:341,1
DA:342,1
DA:343,1
BRF:0
BRH:0
LF:179
LH:157
end_of_record
SF:C:\Users\luigi\College\Spring 2023\Capstone\EricGrandizio\rge\src\timer.rs
FN:214,_RNvXs_NtCsbujzjYX0pAI_3rge5timerNtB4_10FrameTimerNtNtNtCs1RoSZkFyxqL_4core3ops4drop4Drop4drop
FN:120,_RNvMNtCsbujzjYX0pAI_3rge5timerNtB2_10FrameTimer14elapsed_frames
FN:110,_RNvMNtCsbujzjYX0pAI_3rge5timerNtB2_10FrameTimer7elapsed
FN:136,_RNvMNtCsbujzjYX0pAI_3rge5timerNtB2_10FrameTimer12last_elapsed
FN:103,_RNvMNtCsbujzjYX0pAI_3rge5timerNtB2_10FrameTimer13vsync_bounded
FN:195,_RNvMNtCsbujzjYX0pAI_3rge5timerNtB2_10FrameTimer6update
FN:68,_RNvMNtCsbujzjYX0pAI_3rge5timerNtB2_10FrameTimer9reset_fps
FN:43,_RNvMNtCsbujzjYX0pAI_3rge5timerNtB2_10FrameTimer3new
FN:146,_RNvMNtCsbujzjYX0pAI_3rge5timerNtB2_10FrameTimer11last_frames
FN:166,_RNvMNtCsbujzjYX0pAI_3rge5timerNtB2_10FrameTimer12next_seconds
FN:131,_RNvMNtCsbujzjYX0pAI_3rge5timerNtB2_10FrameTimer9last_tick
FN:83,_RNvMNtCsbujzjYX0pAI_3rge5timerNtB2_10FrameTimer3fps
FN:93,_RNvMNtCsbujzjYX0pAI_3rge5timerNtB2_10FrameTimer5vsync
FN:200,_RNvMNtCsbujzjYX0pAI_3rge5timerNtB2_10FrameTimer4sync
FN:61,_RNvMNtCsbujzjYX0pAI_3rge5timerNtB2_10FrameTimer11reset_epoch
FN:76,_RNvMNtCsbujzjYX0pAI_3rge5timerNtB2_10FrameTimer12toggle_vsync
FN:157,_RNvMNtCsbujzjYX0pAI_3rge5timerNtB2_10FrameTimer11next_frames
FN:175,_RNvMNtCsbujzjYX0pAI_3rge5timerNtB2_10FrameTimer12next_elapsed
FN:115,_RNvMNtCsbujzjYX0pAI_3rge5timerNtB2_10FrameTimer15elapsed_seconds
FN:88,_RNvMNtCsbujzjYX0pAI_3rge5timerNtB2_10FrameTimer5epoch
FN:98,_RNvMNtCsbujzjYX0pAI_3rge5timerNtB2_10FrameTimer9unbounded
FN:222,_RNvNtCsbujzjYX0pAI_3rge5timer13init_os_timer
FN:38,_RNvMNtCsbujzjYX0pAI_3rge5timerNtB2_10FrameTimer9valid_fps
FN:237,_RNvNtCsbujzjYX0pAI_3rge5timer16cleanup_os_timer
FN:141,_RNvMNtCsbujzjYX0pAI_3rge5timerNtB2_10FrameTimer12last_seconds
FN:184,_RNvMNtCsbujzjYX0pAI_3rge5timerNtB2_10FrameTimer9next_tick
FN:200,_RNvMNtCslHwOwCUw2lI_3rge5timerNtB2_10FrameTimer4sync
FN:110,_RNvMNtCslHwOwCUw2lI_3rge5timerNtB2_10FrameTimer7elapsed
FN:43,_RNvMNtCslHwOwCUw2lI_3rge5timerNtB2_10FrameTimer3new
FN:103,_RNvMNtCslHwOwCUw2lI_3rge5timerNtB2_10FrameTimer13vsync_bounded
FN:146,_RNvMNtCslHwOwCUw2lI_3rge5timerNtB2_10FrameTimer11last_frames
FN:98,_RNvMNtCslHwOwCUw2lI_3rge5timerNtB2_10FrameTimer9unbounded
FN:141,_RNvMNtCslHwOwCUw2lI_3rge5timerNtB2_10FrameTimer12last_seconds
FN:184,_RNvMNtCslHwOwCUw2lI_3rge5timerNtB2_10FrameTimer9next_tick
FN:120,_RNvMNtCslHwOwCUw2lI_3rge5timerNtB2_10FrameTimer14elapsed_frames
FN:68,_RNvMNtCslHwOwCUw2lI_3rge5timerNtB2_10FrameTimer9reset_fps
FN:115,_RNvMNtCslHwOwCUw2lI_3rge5timerNtB2_10FrameTimer15elapsed_seconds
FN:83,_RNvMNtCslHwOwCUw2lI_3rge5timerNtB2_10FrameTimer3fps
FN:222,_RNvNtCslHwOwCUw2lI_3rge5timer13init_os_timer
FN:214,_RNvXs_NtCslHwOwCUw2lI_3rge5timerNtB4_10FrameTimerNtNtNtCs1RoSZkFyxqL_4core3ops4drop4Drop4drop
FN:166,_RNvMNtCslHwOwCUw2lI_3rge5timerNtB2_10FrameTimer12next_seconds
FN:61,_RNvMNtCslHwOwCUw2lI_3rge5timerNtB2_10FrameTimer11reset_epoch
FN:237,_RNvNtCslHwOwCUw2lI_3rge5timer16cleanup_os_timer
FN:136,_RNvMNtCslHwOwCUw2lI_3rge5timerNtB2_10FrameTimer12last_elapsed
FN:195,_RNvMNtCslHwOwCUw2lI_3rge5timerNtB2_10FrameTimer6update
FN:93,_RNvMNtCslHwOwCUw2lI_3rge5timerNtB2_10FrameTimer5vsync
FN:88,_RNvMNtCslHwOwCUw2lI_3rge5timerNtB2_10FrameTimer5epoch
FN:157,_RNvMNtCslHwOwCUw2lI_3rge5timerNtB2_10FrameTimer11next_frames
FN:38,_RNvMNtCslHwOwCUw2lI_3rge5timerNtB2_10FrameTimer9valid_fps
FN:131,_RNvMNtCslHwOwCUw2lI_3rge5timerNtB2_10FrameTimer9last_tick
FN:76,_RNvMNtCslHwOwCUw2lI_3rge5timerNtB2_10FrameTimer12toggle_vsync
FN:175,_RNvMNtCslHwOwCUw2lI_3rge5timerNtB2_10FrameTimer12next_elapsed
FNDA:6,_RNvXs_NtCsbujzjYX0pAI_3rge5timerNtB4_10FrameTimerNtNtNtCs1RoSZkFyxqL_4core3ops4drop4Drop4drop
FNDA:11398,_RNvMNtCsbujzjYX0pAI_3rge5timerNtB2_10FrameTimer14elapsed_frames
FNDA:31190,_RNvMNtCsbujzjYX0pAI_3rge5timerNtB2_10FrameTimer7elapsed
FNDA:6132,_RNvMNtCsbujzjYX0pAI_3rge5timerNtB2_10FrameTimer12last_elapsed
FNDA:0,_RNvMNtCsbujzjYX0pAI_3rge5timerNtB2_10FrameTimer13vsync_bounded
FNDA:6834,_RNvMNtCsbujzjYX0pAI_3rge5timerNtB2_10FrameTimer6update
FNDA:6,_RNvMNtCsbujzjYX0pAI_3rge5timerNtB2_10FrameTimer9reset_fps
FNDA:6,_RNvMNtCsbujzjYX0pAI_3rge5timerNtB2_10FrameTimer3new
FNDA:6132,_RNvMNtCsbujzjYX0pAI_3rge5timerNtB2_10FrameTimer11last_frames
FNDA:6132,_RNvMNtCsbujzjYX0pAI_3rge5timerNtB2_10FrameTimer12next_seconds
FNDA:6132,_RNvMNtCsbujzjYX0pAI_3rge5timerNtB2_10FrameTimer9last_tick
FNDA:15773,_RNvMNtCsbujzjYX0pAI_3rge5timerNtB2_10FrameTimer3fps
FNDA:9649,_RNvMNtCsbujzjYX0pAI_3rge5timerNtB2_10FrameTimer5vsync
FNDA:6830,_RNvMNtCsbujzjYX0pAI_3rge5timerNtB2_10FrameTimer4sync
FNDA:6,_RNvMNtCsbujzjYX0pAI_3rge5timerNtB2_10FrameTimer11reset_epoch
FNDA:8,_RNvMNtCsbujzjYX0pAI_3rge5timerNtB2_10FrameTimer12toggle_vsync
FNDA:6132,_RNvMNtCsbujzjYX0pAI_3rge5timerNtB2_10FrameTimer11next_frames
FNDA:5198,_RNvMNtCsbujzjYX0pAI_3rge5timerNtB2_10FrameTimer12next_elapsed
FNDA:31190,_RNvMNtCsbujzjYX0pAI_3rge5timerNtB2_10FrameTimer15elapsed_seconds
FNDA:0,_RNvMNtCsbujzjYX0pAI_3rge5timerNtB2_10FrameTimer5epoch
FNDA:41826,_RNvMNtCsbujzjYX0pAI_3rge5timerNtB2_10FrameTimer9unbounded
FNDA:6,_RNvNtCsbujzjYX0pAI_3rge5timer13init_os_timer
FNDA:12,_RNvMNtCsbujzjYX0pAI_3rge5timerNtB2_10FrameTimer9valid_fps
FNDA:6,_RNvNtCsbujzjYX0pAI_3rge5timer16cleanup_os_timer
FNDA:6132,_RNvMNtCsbujzjYX0pAI_3rge5timerNtB2_10FrameTimer12last_seconds
FNDA:6834,_RNvMNtCsbujzjYX0pAI_3rge5timerNtB2_10FrameTimer9next_tick
FNDA:0,_RNvMNtCslHwOwCUw2lI_3rge5timerNtB2_10FrameTimer4sync
FNDA:0,_RNvMNtCslHwOwCUw2lI_3rge5timerNtB2_10FrameTimer7elapsed
FNDA:0,_RNvMNtCslHwOwCUw2lI_3rge5timerNtB2_10FrameTimer3new
FNDA:0,_RNvMNtCslHwOwCUw2lI_3rge5timerNtB2_10FrameTimer13vsync_bounded
FNDA:0,_RNvMNtCslHwOwCUw2lI_3rge5timerNtB2_10FrameTimer11last_frames
FNDA:0,_RNvMNtCslHwOwCUw2lI_3rge5timerNtB2_10FrameTimer9unbounded
FNDA:0,_RNvMNtCslHwOwCUw2lI_3rge5timerNtB2_10FrameTimer12last_seconds
FNDA:0,_RNvMNtCslHwOwCUw2lI_3rge5timerNtB2_10FrameTimer9next_tick
FNDA:0,_RNvMNtCslHwOwCUw2lI_3rge5timerNtB2_10FrameTimer14elapsed_frames
FNDA:0,_RNvMNtCslHwOwCUw2lI_3rge5timerNtB2_10FrameTimer9reset_fps
FNDA:0,_RNvMNtCslHwOwCUw2lI_3rge5timerNtB2_10FrameTimer15elapsed_seconds
FNDA:0,_RNvMNtCslHwOwCUw2lI_3rge5timerNtB2_10FrameTimer3fps
FNDA:0,_RNvNtCslHwOwCUw2lI_3rge5timer13init_os_timer
FNDA:0,_RNvXs_NtCslHwOwCUw2lI_3rge5timerNtB4_10FrameTimerNtNtNtCs1RoSZkFyxqL_4core3ops4drop4Drop4drop
FNDA:0,_RNvMNtCslHwOwCUw2lI_3rge5timerNtB2_10FrameTimer12next_seconds
FNDA:0,_RNvMNtCslHwOwCUw2lI_3rge5timerNtB2_10FrameTimer11reset_epoch
FNDA:0,_RNvNtCslHwOwCUw2lI_3rge5timer16cleanup_os_timer
FNDA:0,_RNvMNtCslHwOwCUw2lI_3rge5timerNtB2_10FrameTimer12last_elapsed
FNDA:0,_RNvMNtCslHwOwCUw2lI_3rge5timerNtB2_10FrameTimer6update
FNDA:0,_RNvMNtCslHwOwCUw2lI_3rge5timerNtB2_10FrameTimer5vsync
FNDA:0,_RNvMNtCslHwOwCUw2lI_3rge5timerNtB2_10FrameTimer5epoch
FNDA:0,_RNvMNtCslHwOwCUw2lI_3rge5timerNtB2_10FrameTimer11next_frames
FNDA:0,_RNvMNtCslHwOwCUw2lI_3rge5timerNtB2_10FrameTimer9valid_fps
FNDA:0,_RNvMNtCslHwOwCUw2lI_3rge5timerNtB2_10FrameTimer9last_tick
FNDA:0,_RNvMNtCslHwOwCUw2lI_3rge5timerNtB2_10FrameTimer12toggle_vsync
FNDA:0,_RNvMNtCslHwOwCUw2lI_3rge5timerNtB2_10FrameTimer12next_elapsed
FNF:26
FNH:24
DA:38,12
DA:39,12
DA:40,12
DA:43,6
DA:44,6
DA:46,6
DA:47,6
DA:48,6
DA:49,6
DA:50,6
DA:51,6
DA:52,6
DA:53,6
DA:54,6
DA:55,6
DA:56,6
DA:57,6
DA:61,6
DA:62,6
DA:63,6
DA:64,6
DA:68,6
DA:69,6
DA:71,6
DA:72,6
DA:76,8
DA:77,8
DA:78,8
DA:83,15773
DA:84,15773
DA:85,15773
DA:88,0
DA:89,0
DA:90,0
DA:93,9649
DA:94,9649
DA:95,9649
DA:98,41826
DA:99,41826
DA:100,41826
DA:103,0
DA:104,0
DA:105,0
DA:110,31190
DA:111,31190
DA:112,31190
DA:115,31190
DA:116,31190
DA:117,31190
DA:120,11398
DA:121,11398
DA:122,0
DA:124,11398
DA:126,11398
DA:131,6132
DA:132,6132
DA:133,6132
DA:136,6132
DA:137,6132
DA:138,6132
DA:141,6132
DA:142,6132
DA:143,6132
DA:146,6132
DA:147,6132
DA:148,0
DA:150,6132
DA:152,6132
DA:157,6132
DA:158,6132
DA:159,0
DA:161,6132
DA:163,6132
DA:166,6132
DA:167,6132
DA:168,0
DA:170,6132
DA:172,6132
DA:175,5198
DA:176,5198
DA:177,0
DA:179,5198
DA:181,5198
DA:184,6834
DA:185,6834
DA:186,1636
DA:188,5198
DA:190,6834
DA:195,6834
DA:196,6834
DA:197,6834
DA:200,6830
DA:201,6830
DA:203,6830
DA:204,4897
DA:205,4897
DA:206,1933
DA:207,1933
DA:208,6830
DA:214,6
DA:215,6
DA:216,6
DA:222,6
DA:223,6
DA:224,6
DA:225,6
DA:226,6
DA:227,6
DA:228,6
DA:229,6
DA:231,6
DA:232,6
DA:234,6
DA:237,6
DA:238,6
DA:239,6
DA:240,6
DA:241,6
DA:242,6
DA:243,6
DA:244,6
DA:246,6
DA:247,6
DA:249,6
BRF:0
BRH:0
LF:124
LH:113
end_of_record
SF:C:\Users\luigi\College\Spring 2023\Capstone\EricGrandizio\rge\src\vulkan\context\debug_messenger.rs
FN:77,_RNvXs0_NtNtNtCsbujzjYX0pAI_3rge6vulkan7context15debug_messengerNtB5_14DebugMessengerNtNtNtCs1RoSZkFyxqL_4core3ops4drop4Drop4drop
FN:91,_RNvMs1_NtNtNtCsbujzjYX0pAI_3rge6vulkan7context15debug_messengerNtB5_14DebugMessenger14debug_callback
FN:31,_RNvMNtNtNtCsbujzjYX0pAI_3rge6vulkan7context15debug_messengerNtB2_14DebugMessenger3ext
FN:41,_RNvMs_NtNtNtCsbujzjYX0pAI_3rge6vulkan7context15debug_messengerNtB4_14DebugMessenger3new
FN:98,_RNCNvMs1_NtNtNtCsbujzjYX0pAI_3rge6vulkan7context15debug_messengerNtB7_14DebugMessenger14debug_callback0Bd_
FN:98,_RNCNvMs1_NtNtNtCslHwOwCUw2lI_3rge6vulkan7context15debug_messengerNtB7_14DebugMessenger14debug_callback0Bd_
FN:31,_RNvMNtNtNtCslHwOwCUw2lI_3rge6vulkan7context15debug_messengerNtB2_14DebugMessenger3ext
FN:41,_RNvMs_NtNtNtCslHwOwCUw2lI_3rge6vulkan7context15debug_messengerNtB4_14DebugMessenger3new
FN:77,_RNvXs0_NtNtNtCslHwOwCUw2lI_3rge6vulkan7context15debug_messengerNtB5_14DebugMessengerNtNtNtCs1RoSZkFyxqL_4core3ops4drop4Drop4drop
FN:91,_RNvMs1_NtNtNtCslHwOwCUw2lI_3rge6vulkan7context15debug_messengerNtB5_14DebugMessenger14debug_callback
FNDA:6,_RNvXs0_NtNtNtCsbujzjYX0pAI_3rge6vulkan7context15debug_messengerNtB5_14DebugMessengerNtNtNtCs1RoSZkFyxqL_4core3ops4drop4Drop4drop
FNDA:60,_RNvMs1_NtNtNtCsbujzjYX0pAI_3rge6vulkan7context15debug_messengerNtB5_14DebugMessenger14debug_callback
FNDA:6,_RNvMNtNtNtCsbujzjYX0pAI_3rge6vulkan7context15debug_messengerNtB2_14DebugMessenger3ext
FNDA:6,_RNvMs_NtNtNtCsbujzjYX0pAI_3rge6vulkan7context15debug_messengerNtB4_14DebugMessenger3new
FNDA:60,_RNCNvMs1_NtNtNtCsbujzjYX0pAI_3rge6vulkan7context15debug_messengerNtB7_14DebugMessenger14debug_callback0Bd_
FNDA:0,_RNCNvMs1_NtNtNtCslHwOwCUw2lI_3rge6vulkan7context15debug_messengerNtB7_14DebugMessenger14debug_callback0Bd_
FNDA:0,_RNvMNtNtNtCslHwOwCUw2lI_3rge6vulkan7context15debug_messengerNtB2_14DebugMessenger3ext
FNDA:0,_RNvMs_NtNtNtCslHwOwCUw2lI_3rge6vulkan7context15debug_messengerNtB4_14DebugMessenger3new
FNDA:0,_RNvXs0_NtNtNtCslHwOwCUw2lI_3rge6vulkan7context15debug_messengerNtB5_14DebugMessengerNtNtNtCs1RoSZkFyxqL_4core3ops4drop4Drop4drop
FNDA:0,_RNvMs1_NtNtNtCslHwOwCUw2lI_3rge6vulkan7context15debug_messengerNtB5_14DebugMessenger14debug_callback
FNF:5
FNH:5
DA:31,6
DA:32,6
DA:33,6
DA:41,6
DA:42,6
DA:43,6
DA:44,6
DA:45,6
DA:46,6
DA:47,6
DA:48,6
DA:49,6
DA:50,6
DA:51,6
DA:52,6
DA:53,6
DA:54,6
DA:55,6
DA:56,6
DA:57,6
DA:58,6
DA:59,6
DA:60,6
DA:61,6
DA:62,6
DA:63,6
DA:64,6
DA:65,6
DA:66,6
DA:67,6
DA:68,6
DA:69,6
DA:70,6
DA:71,6
DA:72,6
DA:73,6
DA:77,6
DA:78,6
DA:79,6
DA:80,6
DA:81,6
DA:82,6
DA:91,60
DA:92,60
DA:93,60
DA:94,60
DA:95,60
DA:96,60
DA:97,60
DA:98,60
DA:99,60
DA:100,0
DA:101,0
DA:102,24
DA:103,36
DA:104,0
DA:106,60
DA:107,60
DA:108,0
DA:109,0
DA:110,0
DA:113,60
DA:114,60
DA:115,60
DA:116,60
DA:118,0
DA:119,0
DA:120,0
DA:123,60
DA:124,60
DA:125,60
DA:126,60
DA:127,60
BRF:0
BRH:0
LF:75
LH:66
end_of_record
SF:C:\Users\luigi\College\Spring 2023\Capstone\EricGrandizio\rge\src\vulkan\context\instance.rs
FN:69,_RNvXs_NtNtNtCsbujzjYX0pAI_3rge6vulkan7context8instanceNtB4_8InstanceNtNtNtCs1RoSZkFyxqL_4core3ops4drop4Drop4drop
FN:32,_RNvMNtNtNtCsbujzjYX0pAI_3rge6vulkan7context8instanceNtB2_8Instance3new
FN:69,_RNvXs_NtNtNtCslHwOwCUw2lI_3rge6vulkan7context8instanceNtB4_8InstanceNtNtNtCs1RoSZkFyxqL_4core3ops4drop4Drop4drop
FN:32,_RNvMNtNtNtCslHwOwCUw2lI_3rge6vulkan7context8instanceNtB2_8Instance3new
FNDA:6,_RNvXs_NtNtNtCsbujzjYX0pAI_3rge6vulkan7context8instanceNtB4_8InstanceNtNtNtCs1RoSZkFyxqL_4core3ops4drop4Drop4drop
FNDA:6,_RNvMNtNtNtCsbujzjYX0pAI_3rge6vulkan7context8instanceNtB2_8Instance3new
FNDA:0,_RNvXs_NtNtNtCslHwOwCUw2lI_3rge6vulkan7context8instanceNtB4_8InstanceNtNtNtCs1RoSZkFyxqL_4core3ops4drop4Drop4drop
FNDA:0,_RNvMNtNtNtCslHwOwCUw2lI_3rge6vulkan7context8instanceNtB2_8Instance3new
FNF:2
FNH:2
DA:32,6
DA:33,6
DA:34,6
DA:35,6
DA:36,6
DA:37,6
DA:39,6
DA:40,6
DA:41,6
DA:42,6
DA:44,6
DA:45,6
DA:46,6
DA:47,6
DA:48,6
DA:49,6
DA:50,6
DA:51,6
DA:52,6
DA:53,6
DA:54,6
DA:55,6
DA:56,6
DA:57,6
DA:58,6
DA:59,6
DA:60,6
DA:61,6
DA:62,6
DA:63,6
DA:64,6
DA:65,6
DA:69,6
DA:70,6
DA:71,6
BRF:0
BRH:0
LF:35
LH:35
end_of_record
SF:C:\Users\luigi\College\Spring 2023\Capstone\EricGrandizio\rge\src\vulkan\context\instance_exts.rs
FN:47,_RNvMNtNtNtCsbujzjYX0pAI_3rge6vulkan7context13instance_extsNtB2_12InstanceExts3new
FN:47,_RNvMNtNtNtCslHwOwCUw2lI_3rge6vulkan7context13instance_extsNtB2_12InstanceExts3new
FNDA:6,_RNvMNtNtNtCsbujzjYX0pAI_3rge6vulkan7context13instance_extsNtB2_12InstanceExts3new
FNDA:0,_RNvMNtNtNtCslHwOwCUw2lI_3rge6vulkan7context13instance_extsNtB2_12InstanceExts3new
FNF:1
FNH:1
DA:47,6
DA:48,6
DA:49,6
DA:50,6
DA:51,6
DA:52,6
DA:53,6
DA:54,6
DA:55,6
DA:56,6
DA:57,6
DA:58,6
DA:59,6
DA:60,6
BRF:0
BRH:0
LF:14
LH:14
end_of_record
SF:C:\Users\luigi\College\Spring 2023\Capstone\EricGrandizio\rge\src\vulkan\context\mod.rs
FN:56,_RNvMNtNtCsbujzjYX0pAI_3rge6vulkan7contextNtB2_13VulkanContext8instance
FN:52,_RNvMNtNtCsbujzjYX0pAI_3rge6vulkan7contextNtB2_13VulkanContext5entry
FN:60,_RNvMNtNtCsbujzjYX0pAI_3rge6vulkan7contextNtB2_13VulkanContext4exts
FN:69,_RNvMs_NtNtCsbujzjYX0pAI_3rge6vulkan7contextNtB4_13VulkanContext3new
FN:52,_RNvMNtNtCslHwOwCUw2lI_3rge6vulkan7contextNtB2_13VulkanContext5entry
FN:56,_RNvMNtNtCslHwOwCUw2lI_3rge6vulkan7contextNtB2_13VulkanContext8instance
FN:69,_RNvMs_NtNtCslHwOwCUw2lI_3rge6vulkan7contextNtB4_13VulkanContext3new
FN:60,_RNvMNtNtCslHwOwCUw2lI_3rge6vulkan7contextNtB2_13VulkanContext4exts
FNDA:6,_RNvMNtNtCsbujzjYX0pAI_3rge6vulkan7contextNtB2_13VulkanContext8instance
FNDA:0,_RNvMNtNtCsbujzjYX0pAI_3rge6vulkan7contextNtB2_13VulkanContext5entry
FNDA:6,_RNvMNtNtCsbujzjYX0pAI_3rge6vulkan7contextNtB2_13VulkanContext4exts
FNDA:6,_RNvMs_NtNtCsbujzjYX0pAI_3rge6vulkan7contextNtB4_13VulkanContext3new
FNDA:0,_RNvMNtNtCslHwOwCUw2lI_3rge6vulkan7contextNtB2_13VulkanContext5entry
FNDA:0,_RNvMNtNtCslHwOwCUw2lI_3rge6vulkan7contextNtB2_13VulkanContext8instance
FNDA:0,_RNvMs_NtNtCslHwOwCUw2lI_3rge6vulkan7contextNtB4_13VulkanContext3new
FNDA:0,_RNvMNtNtCslHwOwCUw2lI_3rge6vulkan7contextNtB2_13VulkanContext4exts
FNF:4
FNH:3
DA:52,0
DA:53,0
DA:54,0
DA:56,6
DA:57,6
DA:58,6
DA:60,6
DA:61,6
DA:62,6
DA:69,6
DA:70,6
DA:71,6
DA:72,6
DA:73,6
DA:74,6
DA:75,6
DA:76,6
DA:77,6
DA:78,6
DA:79,6
DA:80,6
DA:81,6
DA:82,6
DA:83,6
DA:85,6
DA:86,6
DA:87,6
DA:88,6
DA:89,6
DA:90,6
DA:91,6
DA:92,6
DA:93,6
DA:94,6
DA:95,6
BRF:0
BRH:0
LF:35
LH:32
end_of_record
SF:C:\Users\luigi\College\Spring 2023\Capstone\EricGrandizio\rge\src\vulkan\context\physical_device.rs
FN:50,_RNCNvMNtNtNtCsbujzjYX0pAI_3rge6vulkan7context15physical_deviceNtB4_14PhysicalDevice7collect0Ba_
FN:88,_RNvMs_NtNtNtCsbujzjYX0pAI_3rge6vulkan7context15physical_deviceNtB4_14PhysicalDevice12memory_heaps
FN:81,_RNvMs_NtNtNtCsbujzjYX0pAI_3rge6vulkan7context15physical_deviceNtB4_14PhysicalDevice12memory_types
FN:55,_RNvMNtNtNtCsbujzjYX0pAI_3rge6vulkan7context15physical_deviceNtB2_14PhysicalDevice3new
FN:44,_RNvMNtNtNtCsbujzjYX0pAI_3rge6vulkan7context15physical_deviceNtB2_14PhysicalDevice7collect
FN:88,_RNvMs_NtNtNtCslHwOwCUw2lI_3rge6vulkan7context15physical_deviceNtB4_14PhysicalDevice12memory_heaps
FN:55,_RNvMNtNtNtCslHwOwCUw2lI_3rge6vulkan7context15physical_deviceNtB2_14PhysicalDevice3new
FN:81,_RNvMs_NtNtNtCslHwOwCUw2lI_3rge6vulkan7context15physical_deviceNtB4_14PhysicalDevice12memory_types
FN:50,_RNCNvMNtNtNtCslHwOwCUw2lI_3rge6vulkan7context15physical_deviceNtB4_14PhysicalDevice7collect0Ba_
FN:44,_RNvMNtNtNtCslHwOwCUw2lI_3rge6vulkan7context15physical_deviceNtB2_14PhysicalDevice7collect
FNDA:12,_RNCNvMNtNtNtCsbujzjYX0pAI_3rge6vulkan7context15physical_deviceNtB4_14PhysicalDevice7collect0Ba_
FNDA:0,_RNvMs_NtNtNtCsbujzjYX0pAI_3rge6vulkan7context15physical_deviceNtB4_14PhysicalDevice12memory_heaps
FNDA:913,_RNvMs_NtNtNtCsbujzjYX0pAI_3rge6vulkan7context15physical_deviceNtB4_14PhysicalDevice12memory_types
FNDA:12,_RNvMNtNtNtCsbujzjYX0pAI_3rge6vulkan7context15physical_deviceNtB2_14PhysicalDevice3new
FNDA:6,_RNvMNtNtNtCsbujzjYX0pAI_3rge6vulkan7context15physical_deviceNtB2_14PhysicalDevice7collect
FNDA:0,_RNvMs_NtNtNtCslHwOwCUw2lI_3rge6vulkan7context15physical_deviceNtB4_14PhysicalDevice12memory_heaps
FNDA:0,_RNvMNtNtNtCslHwOwCUw2lI_3rge6vulkan7context15physical_deviceNtB2_14PhysicalDevice3new
FNDA:0,_RNvMs_NtNtNtCslHwOwCUw2lI_3rge6vulkan7context15physical_deviceNtB4_14PhysicalDevice12memory_types
FNDA:0,_RNCNvMNtNtNtCslHwOwCUw2lI_3rge6vulkan7context15physical_deviceNtB4_14PhysicalDevice7collect0Ba_
FNDA:0,_RNvMNtNtNtCslHwOwCUw2lI_3rge6vulkan7context15physical_deviceNtB2_14PhysicalDevice7collect
FNF:5
FNH:4
DA:44,6
DA:45,6
DA:46,6
DA:47,6
DA:48,6
DA:49,6
DA:50,12
DA:51,6
DA:52,6
DA:55,12
DA:56,12
DA:57,12
DA:58,12
DA:59,12
DA:60,12
DA:61,12
DA:62,12
DA:63,12
DA:64,12
DA:65,12
DA:66,12
DA:67,12
DA:68,12
DA:69,12
DA:70,12
DA:71,12
DA:72,12
DA:73,12
DA:74,12
DA:81,913
DA:82,913
DA:83,913
DA:84,913
DA:88,0
DA:89,0
DA:90,0
DA:91,0
BRF:0
BRH:0
LF:38
LH:34
end_of_record
SF:C:\Users\luigi\College\Spring 2023\Capstone\EricGrandizio\rge\src\vulkan\mod.rs
FN:57,_RNvMNtCsbujzjYX0pAI_3rge6vulkanNtB2_6Vulkan10renderable
FN:58,_RNCNvMNtCsbujzjYX0pAI_3rge6vulkanNtB4_6Vulkan10renderable0B6_
FN:94,_RNvMs_NtCsbujzjYX0pAI_3rge6vulkanNtB4_6Vulkan15destroy_surface
FN:70,_RNvMs_NtCsbujzjYX0pAI_3rge6vulkanNtB4_6Vulkan3new
FN:61,_RNvMNtCsbujzjYX0pAI_3rge6vulkanNtB2_6Vulkan14renderable_mut
FN:83,_RNvMs_NtCsbujzjYX0pAI_3rge6vulkanNtB4_6Vulkan14create_surface
FN:109,_RNvMs_NtCsbujzjYX0pAI_3rge6vulkanNtB4_6Vulkan12update_atlas
FN:53,_RNvMNtCsbujzjYX0pAI_3rge6vulkanNtB2_6Vulkan7context
FN:62,_RNCNvMNtCsbujzjYX0pAI_3rge6vulkanNtB4_6Vulkan14renderable_mut0B6_
FN:61,_RNvMNtCslHwOwCUw2lI_3rge6vulkanNtB2_6Vulkan14renderable_mut
FN:58,_RNCNvMNtCslHwOwCUw2lI_3rge6vulkanNtB4_6Vulkan10renderable0B6_
FN:70,_RNvMs_NtCslHwOwCUw2lI_3rge6vulkanNtB4_6Vulkan3new
FN:53,_RNvMNtCslHwOwCUw2lI_3rge6vulkanNtB2_6Vulkan7context
FN:94,_RNvMs_NtCslHwOwCUw2lI_3rge6vulkanNtB4_6Vulkan15destroy_surface
FN:83,_RNvMs_NtCslHwOwCUw2lI_3rge6vulkanNtB4_6Vulkan14create_surface
FN:62,_RNCNvMNtCslHwOwCUw2lI_3rge6vulkanNtB4_6Vulkan14renderable_mut0B6_
FN:57,_RNvMNtCslHwOwCUw2lI_3rge6vulkanNtB2_6Vulkan10renderable
FN:109,_RNvMs_NtCslHwOwCUw2lI_3rge6vulkanNtB4_6Vulkan12update_atlas
FNDA:0,_RNvMNtCsbujzjYX0pAI_3rge6vulkanNtB2_6Vulkan10renderable
FNDA:0,_RNCNvMNtCsbujzjYX0pAI_3rge6vulkanNtB4_6Vulkan10renderable0B6_
FNDA:6,_RNvMs_NtCsbujzjYX0pAI_3rge6vulkanNtB4_6Vulkan15destroy_surface
FNDA:6,_RNvMs_NtCsbujzjYX0pAI_3rge6vulkanNtB4_6Vulkan3new
FNDA:7837,_RNvMNtCsbujzjYX0pAI_3rge6vulkanNtB2_6Vulkan14renderable_mut
FNDA:6,_RNvMs_NtCsbujzjYX0pAI_3rge6vulkanNtB4_6Vulkan14create_surface
FNDA:901,_RNvMs_NtCsbujzjYX0pAI_3rge6vulkanNtB4_6Vulkan12update_atlas
FNDA:6,_RNvMNtCsbujzjYX0pAI_3rge6vulkanNtB2_6Vulkan7context
FNDA:7837,_RNCNvMNtCsbujzjYX0pAI_3rge6vulkanNtB4_6Vulkan14renderable_mut0B6_
FNDA:0,_RNvMNtCslHwOwCUw2lI_3rge6vulkanNtB2_6Vulkan14renderable_mut
FNDA:0,_RNCNvMNtCslHwOwCUw2lI_3rge6vulkanNtB4_6Vulkan10renderable0B6_
FNDA:0,_RNvMs_NtCslHwOwCUw2lI_3rge6vulkanNtB4_6Vulkan3new
FNDA:0,_RNvMNtCslHwOwCUw2lI_3rge6vulkanNtB2_6Vulkan7context
FNDA:0,_RNvMs_NtCslHwOwCUw2lI_3rge6vulkanNtB4_6Vulkan15destroy_surface
FNDA:0,_RNvMs_NtCslHwOwCUw2lI_3rge6vulkanNtB4_6Vulkan14create_surface
FNDA:0,_RNCNvMNtCslHwOwCUw2lI_3rge6vulkanNtB4_6Vulkan14renderable_mut0B6_
FNDA:0,_RNvMNtCslHwOwCUw2lI_3rge6vulkanNtB2_6Vulkan10renderable
FNDA:0,_RNvMs_NtCslHwOwCUw2lI_3rge6vulkanNtB4_6Vulkan12update_atlas
FNF:9
FNH:7
DA:53,6
DA:54,6
DA:55,6
DA:57,0
DA:58,0
DA:59,0
DA:61,7837
DA:62,7837
DA:63,7837
DA:70,6
DA:71,6
DA:72,6
DA:73,6
DA:74,6
DA:75,6
DA:76,6
DA:77,6
DA:78,6
DA:83,6
DA:84,6
DA:86,6
DA:87,6
DA:88,6
DA:89,6
DA:94,6
DA:95,6
DA:97,6
DA:98,6
DA:99,6
DA:100,6
DA:101,6
DA:103,6
DA:104,6
DA:109,901
DA:110,901
DA:114,901
DA:115,901
DA:116,901
DA:117,901
DA:118,901
DA:119,901
DA:120,901
DA:121,901
DA:122,901
DA:123,901
DA:124,901
BRF:0
BRH:0
LF:48
LH:44
end_of_record
SF:C:\Users\luigi\College\Spring 2023\Capstone\EricGrandizio\rge\src\vulkan\render.rs
FN:94,_RNvMNtNtCsbujzjYX0pAI_3rge6vulkan6renderNtNtB4_10renderable16VulkanRenderable11update_size
FN:116,_RNvMNtNtCsbujzjYX0pAI_3rge6vulkan6renderNtNtB4_10renderable16VulkanRenderable16update_swapchain
FN:822,_RNvMs_NtNtCsbujzjYX0pAI_3rge6vulkan6renderNtNtB6_10renderable16VulkanRenderable15transfer_staged
FN:71,_RNvMNtNtCsbujzjYX0pAI_3rge6vulkan6renderNtNtB4_10renderable16VulkanRenderable13number_frames
FN:670,_RNvMs_NtNtCsbujzjYX0pAI_3rge6vulkan6renderNtNtB6_10renderable16VulkanRenderable13texture_atlas
FN:747,_RNvMs_NtNtCsbujzjYX0pAI_3rge6vulkan6renderNtNtB6_10renderable16VulkanRenderable16transition_atlas
FN:132,_RNvMNtNtCsbujzjYX0pAI_3rge6vulkan6renderNtNtB4_10renderable16VulkanRenderable12render_frame
FN:108,_RNvMNtNtCsbujzjYX0pAI_3rge6vulkan6renderNtNtB4_10renderable16VulkanRenderable19update_surface_info
FN:806,_RNvMs_NtNtCsbujzjYX0pAI_3rge6vulkan6renderNtNtB6_10renderable16VulkanRenderable13stage_texture
FN:237,_RNvMNtNtCsbujzjYX0pAI_3rge6vulkan6renderNtNtB4_10renderable16VulkanRenderable15record_commands
FN:586,_RNvMNtNtCsbujzjYX0pAI_3rge6vulkan6renderNtNtB4_10renderable16VulkanRenderable15submit_commands
FN:81,_RNvMNtNtCsbujzjYX0pAI_3rge6vulkan6renderNtNtB4_10renderable16VulkanRenderable14prev_frame_idx
FN:175,_RNvMNtNtCsbujzjYX0pAI_3rge6vulkan6renderNtNtB4_10renderable16VulkanRenderable13acquire_image
FN:24,_RNvMNtNtCsbujzjYX0pAI_3rge6vulkan6renderNtNtB4_10renderable16VulkanRenderable6render
FN:76,_RNvMNtNtCsbujzjYX0pAI_3rge6vulkan6renderNtNtB4_10renderable16VulkanRenderable14next_frame_idx
FN:858,_RNvMs_NtNtCsbujzjYX0pAI_3rge6vulkan6renderNtNtB6_10renderable16VulkanRenderable18update_descriptors
FN:629,_RNvMNtNtCsbujzjYX0pAI_3rge6vulkan6renderNtNtB4_10renderable16VulkanRenderable13present_image
FN:375,_RNCNvMNtNtCsbujzjYX0pAI_3rge6vulkan6renderNtNtB6_10renderable16VulkanRenderable15record_commands0B8_
FN:387,_RNCNvMNtNtCsbujzjYX0pAI_3rge6vulkan6renderNtNtB6_10renderable16VulkanRenderable15record_commandss0_0B8_
FN:721,_RNCINvMs_NtNtCsbujzjYX0pAI_3rge6vulkan6renderNtNtB9_10renderable16VulkanRenderable15single_commandsNCNvB4_16transition_atlas0Es_0Bb_
FN:225,_RNCINvMNtNtCsbujzjYX0pAI_3rge6vulkan6renderNtNtB7_10renderable16VulkanRenderable9map_bytesKjc_E0B9_
FN:465,_RNCNvMNtNtCsbujzjYX0pAI_3rge6vulkan6renderNtNtB6_10renderable16VulkanRenderable15record_commandss3_0B8_
FN:706,_RNCINvMs_NtNtCsbujzjYX0pAI_3rge6vulkan6renderNtNtB9_10renderable16VulkanRenderable15single_commandsNCNvB4_15transfer_staged0E0Bb_
FN:706,_RNCINvMs_NtNtCsbujzjYX0pAI_3rge6vulkan6renderNtNtB9_10renderable16VulkanRenderable15single_commandsNCNvB4_16transition_atlas0E0Bb_
FN:842,_RNCNvMs_NtNtCsbujzjYX0pAI_3rge6vulkan6renderNtNtB8_10renderable16VulkanRenderable15transfer_staged0Ba_
FN:721,_RNCINvMs_NtNtCsbujzjYX0pAI_3rge6vulkan6renderNtNtB9_10renderable16VulkanRenderable15single_commandsNCNvB4_15transfer_staged0Es_0Bb_
FN:790,_RNCNvMs_NtNtCsbujzjYX0pAI_3rge6vulkan6renderNtNtB8_10renderable16VulkanRenderable16transition_atlas0Ba_
FN:391,_RNCNvMNtNtCsbujzjYX0pAI_3rge6vulkan6renderNtNtB6_10renderable16VulkanRenderable15record_commandss1_0B8_
FN:377,_RNCNvMNtNtCsbujzjYX0pAI_3rge6vulkan6renderNtNtB6_10renderable16VulkanRenderable15record_commandss_0B8_
FN:395,_RNCNvMNtNtCsbujzjYX0pAI_3rge6vulkan6renderNtNtB6_10renderable16VulkanRenderable15record_commandss2_0B8_
FN:694,_RINvMs_NtNtCsbujzjYX0pAI_3rge6vulkan6renderNtNtB7_10renderable16VulkanRenderable15single_commandsNCNvB2_15transfer_staged0EB9_
FN:694,_RINvMs_NtNtCsbujzjYX0pAI_3rge6vulkan6renderNtNtB7_10renderable16VulkanRenderable15single_commandsNCNvB2_16transition_atlas0EB9_
FN:216,_RINvMNtNtCsbujzjYX0pAI_3rge6vulkan6renderNtNtB5_10renderable16VulkanRenderable9map_bytesKjc_EB7_
FN:76,_RNvMNtNtCslHwOwCUw2lI_3rge6vulkan6renderNtNtB4_10renderable16VulkanRenderable14next_frame_idx
FN:375,_RNCNvMNtNtCslHwOwCUw2lI_3rge6vulkan6renderNtNtB6_10renderable16VulkanRenderable15record_commands0B8_
FN:387,_RNCNvMNtNtCslHwOwCUw2lI_3rge6vulkan6renderNtNtB6_10renderable16VulkanRenderable15record_commandss0_0B8_
FN:116,_RNvMNtNtCslHwOwCUw2lI_3rge6vulkan6renderNtNtB4_10renderable16VulkanRenderable16update_swapchain
FN:465,_RNCNvMNtNtCslHwOwCUw2lI_3rge6vulkan6renderNtNtB6_10renderable16VulkanRenderable15record_commandss3_0B8_
FN:721,_RNCINvMs_NtNtCslHwOwCUw2lI_3rge6vulkan6renderNtNtB9_10renderable16VulkanRenderable15single_commandspEs_0Bb_
FN:790,_RNCNvMs_NtNtCslHwOwCUw2lI_3rge6vulkan6renderNtNtB8_10renderable16VulkanRenderable16transition_atlas0Ba_
FN:391,_RNCNvMNtNtCslHwOwCUw2lI_3rge6vulkan6renderNtNtB6_10renderable16VulkanRenderable15record_commandss1_0B8_
FN:822,_RNvMs_NtNtCslHwOwCUw2lI_3rge6vulkan6renderNtNtB6_10renderable16VulkanRenderable15transfer_staged
FN:216,_RINvMNtNtCslHwOwCUw2lI_3rge6vulkan6renderNtNtB5_10renderable16VulkanRenderable9map_bytesKpEB7_
FN:225,_RNCINvMNtNtCslHwOwCUw2lI_3rge6vulkan6renderNtNtB7_10renderable16VulkanRenderable9map_bytesKpE0B9_
FN:108,_RNvMNtNtCslHwOwCUw2lI_3rge6vulkan6renderNtNtB4_10renderable16VulkanRenderable19update_surface_info
FN:747,_RNvMs_NtNtCslHwOwCUw2lI_3rge6vulkan6renderNtNtB6_10renderable16VulkanRenderable16transition_atlas
FN:377,_RNCNvMNtNtCslHwOwCUw2lI_3rge6vulkan6renderNtNtB6_10renderable16VulkanRenderable15record_commandss_0B8_
FN:132,_RNvMNtNtCslHwOwCUw2lI_3rge6vulkan6renderNtNtB4_10renderable16VulkanRenderable12render_frame
FN:629,_RNvMNtNtCslHwOwCUw2lI_3rge6vulkan6renderNtNtB4_10renderable16VulkanRenderable13present_image
FN:586,_RNvMNtNtCslHwOwCUw2lI_3rge6vulkan6renderNtNtB4_10renderable16VulkanRenderable15submit_commands
FN:694,_RINvMs_NtNtCslHwOwCUw2lI_3rge6vulkan6renderNtNtB7_10renderable16VulkanRenderable15single_commandspEB9_
FN:806,_RNvMs_NtNtCslHwOwCUw2lI_3rge6vulkan6renderNtNtB6_10renderable16VulkanRenderable13stage_texture
FN:71,_RNvMNtNtCslHwOwCUw2lI_3rge6vulkan6renderNtNtB4_10renderable16VulkanRenderable13number_frames
FN:706,_RNCINvMs_NtNtCslHwOwCUw2lI_3rge6vulkan6renderNtNtB9_10renderable16VulkanRenderable15single_commandspE0Bb_
FN:24,_RNvMNtNtCslHwOwCUw2lI_3rge6vulkan6renderNtNtB4_10renderable16VulkanRenderable6render
FN:94,_RNvMNtNtCslHwOwCUw2lI_3rge6vulkan6renderNtNtB4_10renderable16VulkanRenderable11update_size
FN:858,_RNvMs_NtNtCslHwOwCUw2lI_3rge6vulkan6renderNtNtB6_10renderable16VulkanRenderable18update_descriptors
FN:81,_RNvMNtNtCslHwOwCUw2lI_3rge6vulkan6renderNtNtB4_10renderable16VulkanRenderable14prev_frame_idx
FN:175,_RNvMNtNtCslHwOwCUw2lI_3rge6vulkan6renderNtNtB4_10renderable16VulkanRenderable13acquire_image
FN:237,_RNvMNtNtCslHwOwCUw2lI_3rge6vulkan6renderNtNtB4_10renderable16VulkanRenderable15record_commands
FN:842,_RNCNvMs_NtNtCslHwOwCUw2lI_3rge6vulkan6renderNtNtB8_10renderable16VulkanRenderable15transfer_staged0Ba_
FN:670,_RNvMs_NtNtCslHwOwCUw2lI_3rge6vulkan6renderNtNtB6_10renderable16VulkanRenderable13texture_atlas
FN:395,_RNCNvMNtNtCslHwOwCUw2lI_3rge6vulkan6renderNtNtB6_10renderable16VulkanRenderable15record_commandss2_0B8_
FNDA:7837,_RNvMNtNtCsbujzjYX0pAI_3rge6vulkan6renderNtNtB4_10renderable16VulkanRenderable11update_size
FNDA:76,_RNvMNtNtCsbujzjYX0pAI_3rge6vulkan6renderNtNtB4_10renderable16VulkanRenderable16update_swapchain
FNDA:907,_RNvMs_NtNtCsbujzjYX0pAI_3rge6vulkan6renderNtNtB6_10renderable16VulkanRenderable15transfer_staged
FNDA:10428,_RNvMNtNtCsbujzjYX0pAI_3rge6vulkan6renderNtNtB4_10renderable16VulkanRenderable13number_frames
FNDA:907,_RNvMs_NtNtCsbujzjYX0pAI_3rge6vulkan6renderNtNtB6_10renderable16VulkanRenderable13texture_atlas
FNDA:1814,_RNvMs_NtNtCsbujzjYX0pAI_3rge6vulkan6renderNtNtB6_10renderable16VulkanRenderable16transition_atlas
FNDA:7798,_RNvMNtNtCsbujzjYX0pAI_3rge6vulkan6renderNtNtB4_10renderable16VulkanRenderable12render_frame
FNDA:76,_RNvMNtNtCsbujzjYX0pAI_3rge6vulkan6renderNtNtB4_10renderable16VulkanRenderable19update_surface_info
FNDA:907,_RNvMs_NtNtCsbujzjYX0pAI_3rge6vulkan6renderNtNtB6_10renderable16VulkanRenderable13stage_texture
FNDA:7798,_RNvMNtNtCsbujzjYX0pAI_3rge6vulkan6renderNtNtB4_10renderable16VulkanRenderable15record_commands
FNDA:7798,_RNvMNtNtCsbujzjYX0pAI_3rge6vulkan6renderNtNtB4_10renderable16VulkanRenderable15submit_commands
FNDA:7798,_RNvMNtNtCsbujzjYX0pAI_3rge6vulkan6renderNtNtB4_10renderable16VulkanRenderable14prev_frame_idx
FNDA:7798,_RNvMNtNtCsbujzjYX0pAI_3rge6vulkan6renderNtNtB4_10renderable16VulkanRenderable13acquire_image
FNDA:7837,_RNvMNtNtCsbujzjYX0pAI_3rge6vulkan6renderNtNtB4_10renderable16VulkanRenderable6render
FNDA:7798,_RNvMNtNtCsbujzjYX0pAI_3rge6vulkan6renderNtNtB4_10renderable16VulkanRenderable14next_frame_idx
FNDA:907,_RNvMs_NtNtCsbujzjYX0pAI_3rge6vulkan6renderNtNtB6_10renderable16VulkanRenderable18update_descriptors
FNDA:7798,_RNvMNtNtCsbujzjYX0pAI_3rge6vulkan6renderNtNtB4_10renderable16VulkanRenderable13present_image
FNDA:46788,_RNCNvMNtNtCsbujzjYX0pAI_3rge6vulkan6renderNtNtB6_10renderable16VulkanRenderable15record_commands0B8_
FNDA:93576,_RNCNvMNtNtCsbujzjYX0pAI_3rge6vulkan6renderNtNtB6_10renderable16VulkanRenderable15record_commandss0_0B8_
FNDA:1814,_RNCINvMs_NtNtCsbujzjYX0pAI_3rge6vulkan6renderNtNtB9_10renderable16VulkanRenderable15single_commandsNCNvB4_16transition_atlas0Es_0Bb_
FNDA:187152,_RNCINvMNtNtCsbujzjYX0pAI_3rge6vulkan6renderNtNtB7_10renderable16VulkanRenderable9map_bytesKjc_E0B9_
FNDA:93576,_RNCNvMNtNtCsbujzjYX0pAI_3rge6vulkan6renderNtNtB6_10renderable16VulkanRenderable15record_commandss3_0B8_
FNDA:907,_RNCINvMs_NtNtCsbujzjYX0pAI_3rge6vulkan6renderNtNtB9_10renderable16VulkanRenderable15single_commandsNCNvB4_15transfer_staged0E0Bb_
FNDA:1814,_RNCINvMs_NtNtCsbujzjYX0pAI_3rge6vulkan6renderNtNtB9_10renderable16VulkanRenderable15single_commandsNCNvB4_16transition_atlas0E0Bb_
FNDA:907,_RNCNvMs_NtNtCsbujzjYX0pAI_3rge6vulkan6renderNtNtB8_10renderable16VulkanRenderable15transfer_staged0Ba_
FNDA:907,_RNCINvMs_NtNtCsbujzjYX0pAI_3rge6vulkan6renderNtNtB9_10renderable16VulkanRenderable15single_commandsNCNvB4_15transfer_staged0Es_0Bb_
FNDA:1814,_RNCNvMs_NtNtCsbujzjYX0pAI_3rge6vulkan6renderNtNtB8_10renderable16VulkanRenderable16transition_atlas0Ba_
FNDA:93576,_RNCNvMNtNtCsbujzjYX0pAI_3rge6vulkan6renderNtNtB6_10renderable16VulkanRenderable15record_commandss1_0B8_
FNDA:46788,_RNCNvMNtNtCsbujzjYX0pAI_3rge6vulkan6renderNtNtB6_10renderable16VulkanRenderable15record_commandss_0B8_
FNDA:93576,_RNCNvMNtNtCsbujzjYX0pAI_3rge6vulkan6renderNtNtB6_10renderable16VulkanRenderable15record_commandss2_0B8_
FNDA:907,_RINvMs_NtNtCsbujzjYX0pAI_3rge6vulkan6renderNtNtB7_10renderable16VulkanRenderable15single_commandsNCNvB2_15transfer_staged0EB9_
FNDA:1814,_RINvMs_NtNtCsbujzjYX0pAI_3rge6vulkan6renderNtNtB7_10renderable16VulkanRenderable15single_commandsNCNvB2_16transition_atlas0EB9_
FNDA:15596,_RINvMNtNtCsbujzjYX0pAI_3rge6vulkan6renderNtNtB5_10renderable16VulkanRenderable9map_bytesKjc_EB7_
FNDA:0,_RNvMNtNtCslHwOwCUw2lI_3rge6vulkan6renderNtNtB4_10renderable16VulkanRenderable14next_frame_idx
FNDA:0,_RNCNvMNtNtCslHwOwCUw2lI_3rge6vulkan6renderNtNtB6_10renderable16VulkanRenderable15record_commands0B8_
FNDA:0,_RNCNvMNtNtCslHwOwCUw2lI_3rge6vulkan6renderNtNtB6_10renderable16VulkanRenderable15record_commandss0_0B8_
FNDA:0,_RNvMNtNtCslHwOwCUw2lI_3rge6vulkan6renderNtNtB4_10renderable16VulkanRenderable16update_swapchain
FNDA:0,_RNCNvMNtNtCslHwOwCUw2lI_3rge6vulkan6renderNtNtB6_10renderable16VulkanRenderable15record_commandss3_0B8_
FNDA:0,_RNCINvMs_NtNtCslHwOwCUw2lI_3rge6vulkan6renderNtNtB9_10renderable16VulkanRenderable15single_commandspEs_0Bb_
FNDA:0,_RNCNvMs_NtNtCslHwOwCUw2lI_3rge6vulkan6renderNtNtB8_10renderable16VulkanRenderable16transition_atlas0Ba_
FNDA:0,_RNCNvMNtNtCslHwOwCUw2lI_3rge6vulkan6renderNtNtB6_10renderable16VulkanRenderable15record_commandss1_0B8_
FNDA:0,_RNvMs_NtNtCslHwOwCUw2lI_3rge6vulkan6renderNtNtB6_10renderable16VulkanRenderable15transfer_staged
FNDA:0,_RINvMNtNtCslHwOwCUw2lI_3rge6vulkan6renderNtNtB5_10renderable16VulkanRenderable9map_bytesKpEB7_
FNDA:0,_RNCINvMNtNtCslHwOwCUw2lI_3rge6vulkan6renderNtNtB7_10renderable16VulkanRenderable9map_bytesKpE0B9_
FNDA:0,_RNvMNtNtCslHwOwCUw2lI_3rge6vulkan6renderNtNtB4_10renderable16VulkanRenderable19update_surface_info
FNDA:0,_RNvMs_NtNtCslHwOwCUw2lI_3rge6vulkan6renderNtNtB6_10renderable16VulkanRenderable16transition_atlas
FNDA:0,_RNCNvMNtNtCslHwOwCUw2lI_3rge6vulkan6renderNtNtB6_10renderable16VulkanRenderable15record_commandss_0B8_
FNDA:0,_RNvMNtNtCslHwOwCUw2lI_3rge6vulkan6renderNtNtB4_10renderable16VulkanRenderable12render_frame
FNDA:0,_RNvMNtNtCslHwOwCUw2lI_3rge6vulkan6renderNtNtB4_10renderable16VulkanRenderable13present_image
FNDA:0,_RNvMNtNtCslHwOwCUw2lI_3rge6vulkan6renderNtNtB4_10renderable16VulkanRenderable15submit_commands
FNDA:0,_RINvMs_NtNtCslHwOwCUw2lI_3rge6vulkan6renderNtNtB7_10renderable16VulkanRenderable15single_commandspEB9_
FNDA:0,_RNvMs_NtNtCslHwOwCUw2lI_3rge6vulkan6renderNtNtB6_10renderable16VulkanRenderable13stage_texture
FNDA:0,_RNvMNtNtCslHwOwCUw2lI_3rge6vulkan6renderNtNtB4_10renderable16VulkanRenderable13number_frames
FNDA:0,_RNCINvMs_NtNtCslHwOwCUw2lI_3rge6vulkan6renderNtNtB9_10renderable16VulkanRenderable15single_commandspE0Bb_
FNDA:0,_RNvMNtNtCslHwOwCUw2lI_3rge6vulkan6renderNtNtB4_10renderable16VulkanRenderable6render
FNDA:0,_RNvMNtNtCslHwOwCUw2lI_3rge6vulkan6renderNtNtB4_10renderable16VulkanRenderable11update_size
FNDA:0,_RNvMs_NtNtCslHwOwCUw2lI_3rge6vulkan6renderNtNtB6_10renderable16VulkanRenderable18update_descriptors
FNDA:0,_RNvMNtNtCslHwOwCUw2lI_3rge6vulkan6renderNtNtB4_10renderable16VulkanRenderable14prev_frame_idx
FNDA:0,_RNvMNtNtCslHwOwCUw2lI_3rge6vulkan6renderNtNtB4_10renderable16VulkanRenderable13acquire_image
FNDA:0,_RNvMNtNtCslHwOwCUw2lI_3rge6vulkan6renderNtNtB4_10renderable16VulkanRenderable15record_commands
FNDA:0,_RNCNvMs_NtNtCslHwOwCUw2lI_3rge6vulkan6renderNtNtB8_10renderable16VulkanRenderable15transfer_staged0Ba_
FNDA:0,_RNvMs_NtNtCslHwOwCUw2lI_3rge6vulkan6renderNtNtB6_10renderable16VulkanRenderable13texture_atlas
[...]
FNDA:26253,_RNvXs2_NtNtCsflbUU710Hyp_3wyn5win325typesNtNtNtB9_6common5types4RectINtNtCs1RoSZkFyxqL_4core7convert4FromNtNtNtNtCs3P1CXfHnmvP_11windows_sys7Windows5Win3210Foundation4RECTE4from
FNDA:1,_RNvXNtNtCsflbUU710Hyp_3wyn5win325typesNtNtNtB6_6common5types5PointINtNtCs1RoSZkFyxqL_4core7convert4FromNtNtNtNtCs3P1CXfHnmvP_11windows_sys7Windows5Win3210Foundation5POINTE4from
FNDA:1,_RNvXs0_NtNtCsflbUU710Hyp_3wyn5win325typesNtNtNtB9_6common5types4SizeINtNtCs1RoSZkFyxqL_4core7convert4FromNtNtNtNtCs3P1CXfHnmvP_11windows_sys7Windows5Win3210Foundation4SIZEE4from
FNDA:1,_RNvXs1_NtNtCsflbUU710Hyp_3wyn5win325typesNtNtNtNtCs3P1CXfHnmvP_11windows_sys7Windows5Win3210Foundation4SIZEINtNtCs1RoSZkFyxqL_4core7convert4FromNtNtNtB9_6common5types4SizeE4from
FNDA:1,_RNvXs_NtNtCsflbUU710Hyp_3wyn5win325typesNtNtNtNtCs3P1CXfHnmvP_11windows_sys7Windows5Win3210Foundation5POINTINtNtCs1RoSZkFyxqL_4core7convert4FromNtNtNtB8_6common5types5PointE4from
FNDA:15,_RNvXs3_NtNtCsflbUU710Hyp_3wyn5win325typesNtNtNtNtCs3P1CXfHnmvP_11windows_sys7Windows5Win3210Foundation4RECTINtNtCs1RoSZkFyxqL_4core7convert4FromNtNtNtB9_6common5types4RectE4from
FNDA:0,_RNvXs1_NtNtCsi8pFR5hElLZ_3wyn5win325typesNtNtNtNtCs3P1CXfHnmvP_11windows_sys7Windows5Win3210Foundation4SIZEINtNtCs1RoSZkFyxqL_4core7convert4FromNtNtNtB9_6common5types4SizeE4from
FNDA:0,_RNvXs_NtNtCsi8pFR5hElLZ_3wyn5win325typesNtNtNtNtCs3P1CXfHnmvP_11windows_sys7Windows5Win3210Foundation5POINTINtNtCs1RoSZkFyxqL_4core7convert4FromNtNtNtB8_6common5types5PointE4from
FNDA:0,_RNvXs3_NtNtCsi8pFR5hElLZ_3wyn5win325typesNtNtNtNtCs3P1CXfHnmvP_11windows_sys7Windows5Win3210Foundation4RECTINtNtCs1RoSZkFyxqL_4core7convert4FromNtNtNtB9_6common5types4RectE4from
FNDA:0,_RNvXs0_NtNtCsi8pFR5hElLZ_3wyn5win325typesNtNtNtB9_6common5types4SizeINtNtCs1RoSZkFyxqL_4core7convert4FromNtNtNtNtCs3P1CXfHnmvP_11windows_sys7Windows5Win3210Foundation4SIZEE4from
FNDA:0,_RNvXs2_NtNtCsi8pFR5hElLZ_3wyn5win325typesNtNtNtB9_6common5types4RectINtNtCs1RoSZkFyxqL_4core7convert4FromNtNtNtNtCs3P1CXfHnmvP_11windows_sys7Windows5Win3210Foundation4RECTE4from
FNDA:0,_RNvXNtNtCsi8pFR5hElLZ_3wyn5win325typesNtNtNtB6_6common5types5PointINtNtCs1RoSZkFyxqL_4core7convert4FromNtNtNtNtCs3P1CXfHnmvP_11windows_sys7Windows5Win3210Foundation5POINTE4from
FNF:6
FNH:6
DA:37,1
DA:38,1
DA:39,1
DA:40,1
DA:41,1
DA:45,1
DA:46,1
DA:47,1
DA:48,1
DA:49,1
DA:55,1
DA:56,1
DA:57,1
DA:58,1
DA:59,1
DA:63,1
DA:64,1
DA:65,1
DA:66,1
DA:67,1
DA:73,26253
DA:74,26253
DA:75,26253
DA:76,26253
DA:77,26253
DA:78,26253
DA:79,26253
DA:80,26253
DA:81,26253
DA:85,15
DA:86,15
DA:87,15
DA:88,15
DA:89,15
DA:90,15
DA:91,15
DA:92,15
DA:93,15
DA:94,15
DA:95,15
DA:96,15
BRF:0
BRH:0
LF:41
LH:41
end_of_record
SF:C:\Users\luigi\College\Spring 2023\Capstone\EricGrandizio\wyn\src\win32\window.rs
FN:236,_RNvMs2_NtNtCsflbUU710Hyp_3wyn5win326windowNtB5_6Window13is_fullscreen
FN:413,_RNvXse_NtNtCsflbUU710Hyp_3wyn5win326windowNtB5_11WindowStyleNtNtCs1RoSZkFyxqL_4core3fmt5Debug3fmt
FN:328,_RNvMs4_NtNtCsflbUU710Hyp_3wyn5win326windowNtB5_6Window12content_rect
FN:176,_RNvMs1_NtNtCsflbUU710Hyp_3wyn5win326windowNtB5_6Window4hide
FN:366,_RNvMs4_NtNtCsflbUU710Hyp_3wyn5win326windowNtB5_6Window19internal_reposition
FN:486,_RNvMs5_NtNtCsflbUU710Hyp_3wyn5win326windowNtB5_6Window18internal_get_style
FN:229,_RNvMs2_NtNtCsflbUU710Hyp_3wyn5win326windowNtB5_6Window10fullscreen
FN:441,_RNvMs5_NtNtCsflbUU710Hyp_3wyn5win326windowNtB5_6Window9set_style
FN:205,_RNvMs2_NtNtCsflbUU710Hyp_3wyn5win326windowNtB5_6Window12is_minimized
FN:413,_RNvXsb_NtNtCsflbUU710Hyp_3wyn5win326windowNtB5_11WindowStyleNtNtCs1RoSZkFyxqL_4core3cmp9PartialEq2eqB9_
FN:125,_RNvMs0_NtNtCsflbUU710Hyp_3wyn5win326windowNtB5_6Window14internal_close
FN:45,_RNvXs_NtNtCsflbUU710Hyp_3wyn5win326windowNtB4_6WindowINtNtCs1RoSZkFyxqL_4core7convert7TryFromiE8try_from
FN:352,_RNvMs4_NtNtCsflbUU710Hyp_3wyn5win326windowNtB5_6Window11border_rect
FN:319,_RNvMs4_NtNtCsflbUU710Hyp_3wyn5win326windowNtB5_6Window17reposition_border
FN:153,_RNvMs1_NtNtCsflbUU710Hyp_3wyn5win326windowNtB5_6Window10is_focused
FN:168,_RNvMs1_NtNtCsflbUU710Hyp_3wyn5win326windowNtB5_6Window10is_visible
FN:220,_RNvMs2_NtNtCsflbUU710Hyp_3wyn5win326windowNtB5_6Window12is_maximized
FN:198,_RNvMs2_NtNtCsflbUU710Hyp_3wyn5win326windowNtB5_6Window8minimize
FN:183,_RNvMs1_NtNtCsflbUU710Hyp_3wyn5win326windowNtB5_6Window9is_hidden
FN:213,_RNvMs2_NtNtCsflbUU710Hyp_3wyn5win326windowNtB5_6Window8maximize
FN:265,_RNvMs3_NtNtCsflbUU710Hyp_3wyn5win326windowNtB5_6Window6rename
FN:78,_RNvMs0_NtNtCsflbUU710Hyp_3wyn5win326windowNtB5_6Window13internal_open
FN:246,_RNvMs2_NtNtCsflbUU710Hyp_3wyn5win326windowNtB5_6Window7restore
FN:60,_RNvMs0_NtNtCsflbUU710Hyp_3wyn5win326windowNtB5_6Window4open
FN:70,_RNvMs0_NtNtCsflbUU710Hyp_3wyn5win326windowNtB5_6Window7is_open
FN:141,_RNvMs1_NtNtCsflbUU710Hyp_3wyn5win326windowNtB5_6Window5focus
FN:161,_RNvMs1_NtNtCsflbUU710Hyp_3wyn5win326windowNtB5_6Window4show
FN:468,_RNvMs5_NtNtCsflbUU710Hyp_3wyn5win326windowNtB5_6Window5style
FN:253,_RNvMs2_NtNtCsflbUU710Hyp_3wyn5win326windowNtB5_6Window9is_normal
FN:500,_RNvMs5_NtNtCsflbUU710Hyp_3wyn5win326windowNtB5_6Window18internal_set_style
FN:528,_RNvMs6_NtNtCsflbUU710Hyp_3wyn5win326windowNtB5_6Window6screen
FN:37,_RNvMNtNtCsflbUU710Hyp_3wyn5win326windowNtB2_6Window6handle
FN:542,_RNvMs7_NtNtCsflbUU710Hyp_3wyn5win326windowNtB5_6Window14request_redraw
FN:312,_RNvMs4_NtNtCsflbUU710Hyp_3wyn5win326windowNtB5_6Window18reposition_content
FN:113,_RNvMs0_NtNtCsflbUU710Hyp_3wyn5win326windowNtB5_6Window5close
FN:281,_RNvMs3_NtNtCsflbUU710Hyp_3wyn5win326windowNtB5_6Window4name
FN:413,_RNvXs8_NtNtCsflbUU710Hyp_3wyn5win326windowNtB5_11WindowStyleNtNtCs1RoSZkFyxqL_4core5clone5Clone5cloneB9_
FN:404,_RNCNvMs4_NtNtCsflbUU710Hyp_3wyn5win326windowNtB7_6Window19internal_reposition0Bb_
FN:62,_RNCNvMs0_NtNtCsflbUU710Hyp_3wyn5win326windowNtB7_6Window4open0Bb_
FN:115,_RNCNvMs0_NtNtCsflbUU710Hyp_3wyn5win326windowNtB7_6Window5close0Bb_
FN:128,_RNCNvMs0_NtNtCsflbUU710Hyp_3wyn5win326windowNtB7_6Window14internal_close0Bb_
FN:277,_RNCNvMs3_NtNtCsflbUU710Hyp_3wyn5win326windowNtB7_6Window6rename0Bb_
FN:545,_RNCNvMs7_NtNtCsflbUU710Hyp_3wyn5win326windowNtB7_6Window14request_redraw0Bb_
FN:413,_RNvXsb_NtNtCsflbUU710Hyp_3wyn5win326windowNtB5_11WindowStyleNtNtCs1RoSZkFyxqL_4core3cmp9PartialEq2eqCs4fdV5CZUklp_12style_change
FN:413,_RNvXse_NtNtCsi8pFR5hElLZ_3wyn5win326windowNtB5_11WindowStyleNtNtCs1RoSZkFyxqL_4core3fmt5Debug3fmt
FN:176,_RNvMs1_NtNtCsi8pFR5hElLZ_3wyn5win326windowNtB5_6Window4hide
FN:229,_RNvMs2_NtNtCsi8pFR5hElLZ_3wyn5win326windowNtB5_6Window10fullscreen
FN:205,_RNvMs2_NtNtCsi8pFR5hElLZ_3wyn5win326windowNtB5_6Window12is_minimized
FN:413,_RNvXsb_NtNtCsi8pFR5hElLZ_3wyn5win326windowNtB5_11WindowStyleNtNtCs1RoSZkFyxqL_4core3cmp9PartialEq2eqB9_
FN:404,_RNCNvMs4_NtNtCsi8pFR5hElLZ_3wyn5win326windowNtB7_6Window19internal_reposition0Bb_
FN:352,_RNvMs4_NtNtCsi8pFR5hElLZ_3wyn5win326windowNtB5_6Window11border_rect
FN:168,_RNvMs1_NtNtCsi8pFR5hElLZ_3wyn5win326windowNtB5_6Window10is_visible
FN:220,_RNvMs2_NtNtCsi8pFR5hElLZ_3wyn5win326windowNtB5_6Window12is_maximized
FN:198,_RNvMs2_NtNtCsi8pFR5hElLZ_3wyn5win326windowNtB5_6Window8minimize
FN:78,_RNvMs0_NtNtCsi8pFR5hElLZ_3wyn5win326windowNtB5_6Window13internal_open
FN:277,_RNCNvMs3_NtNtCsi8pFR5hElLZ_3wyn5win326windowNtB7_6Window6rename0Bb_
FN:161,_RNvMs1_NtNtCsi8pFR5hElLZ_3wyn5win326windowNtB5_6Window4show
FN:500,_RNvMs5_NtNtCsi8pFR5hElLZ_3wyn5win326windowNtB5_6Window18internal_set_style
FN:542,_RNvMs7_NtNtCsi8pFR5hElLZ_3wyn5win326windowNtB5_6Window14request_redraw
FN:281,_RNvMs3_NtNtCsi8pFR5hElLZ_3wyn5win326windowNtB5_6Window4name
FN:45,_RNvXs_NtNtCsi8pFR5hElLZ_3wyn5win326windowNtB4_6WindowINtNtCs1RoSZkFyxqL_4core7convert7TryFromiE8try_from
FN:62,_RNCNvMs0_NtNtCsi8pFR5hElLZ_3wyn5win326windowNtB7_6Window4open0Bb_
FN:153,_RNvMs1_NtNtCsi8pFR5hElLZ_3wyn5win326windowNtB5_6Window10is_focused
FN:70,_RNvMs0_NtNtCsi8pFR5hElLZ_3wyn5win326windowNtB5_6Window7is_open
FN:246,_RNvMs2_NtNtCsi8pFR5hElLZ_3wyn5win326windowNtB5_6Window7restore
FN:141,_RNvMs1_NtNtCsi8pFR5hElLZ_3wyn5win326windowNtB5_6Window5focus
FN:468,_RNvMs5_NtNtCsi8pFR5hElLZ_3wyn5win326windowNtB5_6Window5style
FN:528,_RNvMs6_NtNtCsi8pFR5hElLZ_3wyn5win326windowNtB5_6Window6screen
FN:113,_RNvMs0_NtNtCsi8pFR5hElLZ_3wyn5win326windowNtB5_6Window5close
FN:312,_RNvMs4_NtNtCsi8pFR5hElLZ_3wyn5win326windowNtB5_6Window18reposition_content
FN:545,_RNCNvMs7_NtNtCsi8pFR5hElLZ_3wyn5win326windowNtB7_6Window14request_redraw0Bb_
FN:236,_RNvMs2_NtNtCsi8pFR5hElLZ_3wyn5win326windowNtB5_6Window13is_fullscreen
FN:366,_RNvMs4_NtNtCsi8pFR5hElLZ_3wyn5win326windowNtB5_6Window19internal_reposition
FN:441,_RNvMs5_NtNtCsi8pFR5hElLZ_3wyn5win326windowNtB5_6Window9set_style
FN:115,_RNCNvMs0_NtNtCsi8pFR5hElLZ_3wyn5win326windowNtB7_6Window5close0Bb_
FN:413,_RNvXs8_NtNtCsi8pFR5hElLZ_3wyn5win326windowNtB5_11WindowStyleNtNtCs1RoSZkFyxqL_4core5clone5Clone5cloneB9_
FN:60,_RNvMs0_NtNtCsi8pFR5hElLZ_3wyn5win326windowNtB5_6Window4open
FN:253,_RNvMs2_NtNtCsi8pFR5hElLZ_3wyn5win326windowNtB5_6Window9is_normal
FN:37,_RNvMNtNtCsi8pFR5hElLZ_3wyn5win326windowNtB2_6Window6handle
FN:328,_RNvMs4_NtNtCsi8pFR5hElLZ_3wyn5win326windowNtB5_6Window12content_rect
FN:486,_RNvMs5_NtNtCsi8pFR5hElLZ_3wyn5win326windowNtB5_6Window18internal_get_style
FN:128,_RNCNvMs0_NtNtCsi8pFR5hElLZ_3wyn5win326windowNtB7_6Window14internal_close0Bb_
FN:125,_RNvMs0_NtNtCsi8pFR5hElLZ_3wyn5win326windowNtB5_6Window14internal_close
FN:319,_RNvMs4_NtNtCsi8pFR5hElLZ_3wyn5win326windowNtB5_6Window17reposition_border
FN:183,_RNvMs1_NtNtCsi8pFR5hElLZ_3wyn5win326windowNtB5_6Window9is_hidden
FN:213,_RNvMs2_NtNtCsi8pFR5hElLZ_3wyn5win326windowNtB5_6Window8maximize
FN:265,_RNvMs3_NtNtCsi8pFR5hElLZ_3wyn5win326windowNtB5_6Window6rename
FNDA:17552,_RNvMs2_NtNtCsflbUU710Hyp_3wyn5win326windowNtB5_6Window13is_fullscreen
FNDA:0,_RNvXse_NtNtCsflbUU710Hyp_3wyn5win326windowNtB5_11WindowStyleNtNtCs1RoSZkFyxqL_4core3fmt5Debug3fmt
FNDA:17545,_RNvMs4_NtNtCsflbUU710Hyp_3wyn5win326windowNtB5_6Window12content_rect
FNDA:1,_RNvMs1_NtNtCsflbUU710Hyp_3wyn5win326windowNtB5_6Window4hide
FNDA:14,_RNvMs4_NtNtCsflbUU710Hyp_3wyn5win326windowNtB5_6Window19internal_reposition
FNDA:17576,_RNvMs5_NtNtCsflbUU710Hyp_3wyn5win326windowNtB5_6Window18internal_get_style
FNDA:30,_RNvMs2_NtNtCsflbUU710Hyp_3wyn5win326windowNtB5_6Window10fullscreen
FNDA:95,_RNvMs5_NtNtCsflbUU710Hyp_3wyn5win326windowNtB5_6Window9set_style
FNDA:1872,_RNvMs2_NtNtCsflbUU710Hyp_3wyn5win326windowNtB5_6Window12is_minimized
FNDA:17552,_RNvXsb_NtNtCsflbUU710Hyp_3wyn5win326windowNtB5_11WindowStyleNtNtCs1RoSZkFyxqL_4core3cmp9PartialEq2eqB9_
FNDA:9,_RNvMs0_NtNtCsflbUU710Hyp_3wyn5win326windowNtB5_6Window14internal_close
FNDA:17,_RNvXs_NtNtCsflbUU710Hyp_3wyn5win326windowNtB4_6WindowINtNtCs1RoSZkFyxqL_4core7convert7TryFromiE8try_from
FNDA:1865,_RNvMs4_NtNtCsflbUU710Hyp_3wyn5win326windowNtB5_6Window11border_rect
FNDA:1,_RNvMs4_NtNtCsflbUU710Hyp_3wyn5win326windowNtB5_6Window17reposition_border
FNDA:9,_RNvMs1_NtNtCsflbUU710Hyp_3wyn5win326windowNtB5_6Window10is_focused
FNDA:98,_RNvMs1_NtNtCsflbUU710Hyp_3wyn5win326windowNtB5_6Window10is_visible
FNDA:4651,_RNvMs2_NtNtCsflbUU710Hyp_3wyn5win326windowNtB5_6Window12is_maximized
FNDA:3,_RNvMs2_NtNtCsflbUU710Hyp_3wyn5win326windowNtB5_6Window8minimize
FNDA:5,_RNvMs1_NtNtCsflbUU710Hyp_3wyn5win326windowNtB5_6Window9is_hidden
FNDA:34,_RNvMs2_NtNtCsflbUU710Hyp_3wyn5win326windowNtB5_6Window8maximize
FNDA:6195,_RNvMs3_NtNtCsflbUU710Hyp_3wyn5win326windowNtB5_6Window6rename
FNDA:17,_RNvMs0_NtNtCsflbUU710Hyp_3wyn5win326windowNtB5_6Window13internal_open
FNDA:37,_RNvMs2_NtNtCsflbUU710Hyp_3wyn5win326windowNtB5_6Window7restore
FNDA:17,_RNvMs0_NtNtCsflbUU710Hyp_3wyn5win326windowNtB5_6Window4open
FNDA:1,_RNvMs0_NtNtCsflbUU710Hyp_3wyn5win326windowNtB5_6Window7is_open
FNDA:13,_RNvMs1_NtNtCsflbUU710Hyp_3wyn5win326windowNtB5_6Window5focus
FNDA:2,_RNvMs1_NtNtCsflbUU710Hyp_3wyn5win326windowNtB5_6Window4show
FNDA:17563,_RNvMs5_NtNtCsflbUU710Hyp_3wyn5win326windowNtB5_6Window5style
FNDA:5,_RNvMs2_NtNtCsflbUU710Hyp_3wyn5win326windowNtB5_6Window9is_normal
FNDA:95,_RNvMs5_NtNtCsflbUU710Hyp_3wyn5win326windowNtB5_6Window18internal_set_style
FNDA:1,_RNvMs6_NtNtCsflbUU710Hyp_3wyn5win326windowNtB5_6Window6screen
FNDA:120329,_RNvMNtNtCsflbUU710Hyp_3wyn5win326windowNtB2_6Window6handle
FNDA:9174,_RNvMs7_NtNtCsflbUU710Hyp_3wyn5win326windowNtB5_6Window14request_redraw
FNDA:13,_RNvMs4_NtNtCsflbUU710Hyp_3wyn5win326windowNtB5_6Window18reposition_content
FNDA:9,_RNvMs0_NtNtCsflbUU710Hyp_3wyn5win326windowNtB5_6Window5close
FNDA:15682,_RNvMs3_NtNtCsflbUU710Hyp_3wyn5win326windowNtB5_6Window4name
FNDA:0,_RNvXs8_NtNtCsflbUU710Hyp_3wyn5win326windowNtB5_11WindowStyleNtNtCs1RoSZkFyxqL_4core5clone5Clone5cloneB9_
FNDA:14,_RNCNvMs4_NtNtCsflbUU710Hyp_3wyn5win326windowNtB7_6Window19internal_reposition0Bb_
FNDA:17,_RNCNvMs0_NtNtCsflbUU710Hyp_3wyn5win326windowNtB7_6Window4open0Bb_
FNDA:9,_RNCNvMs0_NtNtCsflbUU710Hyp_3wyn5win326windowNtB7_6Window5close0Bb_
FNDA:9,_RNCNvMs0_NtNtCsflbUU710Hyp_3wyn5win326windowNtB7_6Window14internal_close0Bb_
FNDA:6195,_RNCNvMs3_NtNtCsflbUU710Hyp_3wyn5win326windowNtB7_6Window6rename0Bb_
FNDA:9174,_RNCNvMs7_NtNtCsflbUU710Hyp_3wyn5win326windowNtB7_6Window14request_redraw0Bb_
FNDA:11,_RNvXsb_NtNtCsflbUU710Hyp_3wyn5win326windowNtB5_11WindowStyleNtNtCs1RoSZkFyxqL_4core3cmp9PartialEq2eqCs4fdV5CZUklp_12style_change
FNDA:0,_RNvXse_NtNtCsi8pFR5hElLZ_3wyn5win326windowNtB5_11WindowStyleNtNtCs1RoSZkFyxqL_4core3fmt5Debug3fmt
FNDA:0,_RNvMs1_NtNtCsi8pFR5hElLZ_3wyn5win326windowNtB5_6Window4hide
FNDA:0,_RNvMs2_NtNtCsi8pFR5hElLZ_3wyn5win326windowNtB5_6Window10fullscreen
FNDA:0,_RNvMs2_NtNtCsi8pFR5hElLZ_3wyn5win326windowNtB5_6Window12is_minimized
FNDA:0,_RNvXsb_NtNtCsi8pFR5hElLZ_3wyn5win326windowNtB5_11WindowStyleNtNtCs1RoSZkFyxqL_4core3cmp9PartialEq2eqB9_
FNDA:0,_RNCNvMs4_NtNtCsi8pFR5hElLZ_3wyn5win326windowNtB7_6Window19internal_reposition0Bb_
FNDA:0,_RNvMs4_NtNtCsi8pFR5hElLZ_3wyn5win326windowNtB5_6Window11border_rect
FNDA:0,_RNvMs1_NtNtCsi8pFR5hElLZ_3wyn5win326windowNtB5_6Window10is_visible
FNDA:0,_RNvMs2_NtNtCsi8pFR5hElLZ_3wyn5win326windowNtB5_6Window12is_maximized
FNDA:0,_RNvMs2_NtNtCsi8pFR5hElLZ_3wyn5win326windowNtB5_6Window8minimize
FNDA:0,_RNvMs0_NtNtCsi8pFR5hElLZ_3wyn5win326windowNtB5_6Window13internal_open
FNDA:0,_RNCNvMs3_NtNtCsi8pFR5hElLZ_3wyn5win326windowNtB7_6Window6rename0Bb_
FNDA:0,_RNvMs1_NtNtCsi8pFR5hElLZ_3wyn5win326windowNtB5_6Window4show
FNDA:0,_RNvMs5_NtNtCsi8pFR5hElLZ_3wyn5win326windowNtB5_6Window18internal_set_style
FNDA:0,_RNvMs7_NtNtCsi8pFR5hElLZ_3wyn5win326windowNtB5_6Window14request_redraw
FNDA:0,_RNvMs3_NtNtCsi8pFR5hElLZ_3wyn5win326windowNtB5_6Window4name
FNDA:0,_RNvXs_NtNtCsi8pFR5hElLZ_3wyn5win326windowNtB4_6WindowINtNtCs1RoSZkFyxqL_4core7convert7TryFromiE8try_from
FNDA:0,_RNCNvMs0_NtNtCsi8pFR5hElLZ_3wyn5win326windowNtB7_6Window4open0Bb_
FNDA:0,_RNvMs1_NtNtCsi8pFR5hElLZ_3wyn5win326windowNtB5_6Window10is_focused
FNDA:0,_RNvMs0_NtNtCsi8pFR5hElLZ_3wyn5win326windowNtB5_6Window7is_open
FNDA:0,_RNvMs2_NtNtCsi8pFR5hElLZ_3wyn5win326windowNtB5_6Window7restore
FNDA:0,_RNvMs1_NtNtCsi8pFR5hElLZ_3wyn5win326windowNtB5_6Window5focus
FNDA:0,_RNvMs5_NtNtCsi8pFR5hElLZ_3wyn5win326windowNtB5_6Window5style
FNDA:0,_RNvMs6_NtNtCsi8pFR5hElLZ_3wyn5win326windowNtB5_6Window6screen
FNDA:0,_RNvMs0_NtNtCsi8pFR5hElLZ_3wyn5win326windowNtB5_6Window5close
FNDA:0,_RNvMs4_NtNtCsi8pFR5hElLZ_3wyn5win326windowNtB5_6Window18reposition_content
FNDA:0,_RNCNvMs7_NtNtCsi8pFR5hElLZ_3wyn5win326windowNtB7_6Window14request_redraw0Bb_
FNDA:0,_RNvMs2_NtNtCsi8pFR5hElLZ_3wyn5win326windowNtB5_6Window13is_fullscreen
FNDA:0,_RNvMs4_NtNtCsi8pFR5hElLZ_3wyn5win326windowNtB5_6Window19internal_reposition
FNDA:0,_RNvMs5_NtNtCsi8pFR5hElLZ_3wyn5win326windowNtB5_6Window9set_style
FNDA:0,_RNCNvMs0_NtNtCsi8pFR5hElLZ_3wyn5win326windowNtB7_6Window5close0Bb_
FNDA:0,_RNvXs8_NtNtCsi8pFR5hElLZ_3wyn5win326windowNtB5_11WindowStyleNtNtCs1RoSZkFyxqL_4core5clone5Clone5cloneB9_
FNDA:0,_RNvMs0_NtNtCsi8pFR5hElLZ_3wyn5win326windowNtB5_6Window4open
FNDA:0,_RNvMs2_NtNtCsi8pFR5hElLZ_3wyn5win326windowNtB5_6Window9is_normal
FNDA:0,_RNvMNtNtCsi8pFR5hElLZ_3wyn5win326windowNtB2_6Window6handle
FNDA:0,_RNvMs4_NtNtCsi8pFR5hElLZ_3wyn5win326windowNtB5_6Window12content_rect
FNDA:0,_RNvMs5_NtNtCsi8pFR5hElLZ_3wyn5win326windowNtB5_6Window18internal_get_style
FNDA:0,_RNCNvMs0_NtNtCsi8pFR5hElLZ_3wyn5win326windowNtB7_6Window14internal_close0Bb_
FNDA:0,_RNvMs0_NtNtCsi8pFR5hElLZ_3wyn5win326windowNtB5_6Window14internal_close
FNDA:0,_RNvMs4_NtNtCsi8pFR5hElLZ_3wyn5win326windowNtB5_6Window17reposition_border
FNDA:0,_RNvMs1_NtNtCsi8pFR5hElLZ_3wyn5win326windowNtB5_6Window9is_hidden
FNDA:0,_RNvMs2_NtNtCsi8pFR5hElLZ_3wyn5win326windowNtB5_6Window8maximize
FNDA:0,_RNvMs3_NtNtCsi8pFR5hElLZ_3wyn5win326windowNtB5_6Window6rename
FNF:43
FNH:41
DA:37,120329
DA:38,120329
DA:39,120329
DA:45,17
DA:46,17
DA:47,17
DA:48,0
DA:50,17
DA:60,17
DA:61,17
DA:62,17
DA:63,17
DA:64,17
DA:65,17
DA:66,17
DA:67,17
DA:70,1
DA:71,1
DA:72,1
DA:73,1
DA:78,17
DA:79,17
DA:80,17
DA:81,17
DA:82,17
DA:83,17
DA:84,17
DA:85,17
DA:86,17
DA:87,17
DA:88,17
DA:89,17
DA:90,17
DA:91,17
DA:92,17
DA:93,17
DA:94,17
DA:97,17
DA:99,17
DA:100,17
DA:101,17
DA:102,0
DA:103,0
DA:104,0
DA:105,17
DA:107,17
DA:108,17
DA:113,9
DA:114,9
DA:115,9
DA:116,9
DA:117,9
DA:118,9
DA:119,9
DA:120,9
DA:125,9
DA:127,9
DA:128,9
DA:129,9
DA:141,13
DA:142,13
DA:143,13
DA:144,13
DA:145,13
DA:146,13
DA:147,13
DA:148,13
DA:149,13
DA:150,13
DA:153,9
DA:154,9
DA:155,9
DA:156,9
DA:161,2
DA:162,2
DA:163,2
DA:164,2
DA:165,2
DA:168,98
DA:169,98
DA:170,98
DA:171,98
DA:176,1
DA:177,1
DA:178,1
DA:179,1
DA:180,1
DA:183,5
DA:184,5
DA:185,5
DA:186,5
DA:198,3
DA:199,3
DA:200,3
DA:201,3
DA:202,3
DA:205,1872
DA:206,1872
DA:207,1872
DA:208,1872
DA:213,34
DA:214,34
DA:215,34
DA:216,34
DA:217,34
DA:220,4651
DA:221,4651
DA:222,4651
DA:223,4651
DA:229,30
DA:230,30
DA:231,30
DA:232,30
DA:236,17552
DA:237,17552
DA:239,0
DA:241,17552
DA:246,37
DA:247,37
DA:248,37
DA:249,37
DA:250,37
DA:253,5
DA:254,5
DA:255,5
DA:265,6195
DA:266,6195
DA:267,6195
DA:268,6195
DA:269,6195
DA:270,6195
DA:271,6195
DA:272,6195
DA:276,6195
DA:277,6195
DA:278,6195
DA:281,15682
DA:282,15682
DA:286,15682
DA:287,15682
DA:290,15682
DA:292,15682
DA:293,15682
DA:294,15682
DA:297,15682
DA:298,15682
DA:299,15682
DA:300,15682
DA:301,15682
DA:302,15682
DA:312,13
DA:313,13
DA:314,13
DA:315,13
DA:316,13
DA:319,1
DA:320,1
DA:321,1
DA:322,1
DA:323,1
DA:328,17545
DA:329,17545
DA:330,17545
DA:331,17545
DA:332,17545
DA:333,17545
DA:336,17545
DA:338,17545
DA:339,17545
DA:342,17545
DA:343,17545
DA:344,17545
DA:345,17545
DA:346,17545
DA:347,17545
DA:348,17545
DA:349,17545
DA:352,1865
DA:353,1865
DA:354,1865
DA:356,1865
DA:357,1865
DA:359,1865
DA:360,1865
DA:361,1865
DA:366,14
DA:367,14
DA:368,14
DA:369,14
DA:370,14
DA:371,14
DA:372,14
DA:373,13
DA:376,13
DA:377,13
DA:380,13
DA:381,13
DA:382,13
DA:383,13
DA:384,13
DA:385,13
DA:386,13
DA:387,13
DA:388,13
DA:389,13
DA:390,1
DA:393,14
DA:394,14
DA:395,14
DA:396,14
DA:397,14
DA:398,14
DA:399,14
DA:400,14
DA:401,14
DA:402,14
DA:403,14
DA:404,14
DA:405,14
DA:413,17563
DA:441,95
DA:443,95
DA:444,95
DA:446,0
DA:449,95
DA:450,31
DA:451,31
DA:452,31
DA:453,31
DA:454,4
DA:455,4
DA:456,4
DA:457,4
DA:458,60
DA:459,60
DA:460,60
DA:461,60
DA:464,95
DA:465,95
DA:468,17563
DA:469,17563
DA:471,17563
DA:472,17563
DA:473,17563
DA:474,17563
DA:475,14779
DA:476,2784
DA:477,4
DA:479,2780
DA:481,17563
DA:486,17576
DA:488,17576
DA:489,17576
DA:492,17576
DA:493,17576
DA:495,17576
DA:496,17576
DA:497,17576
DA:500,95
DA:501,95
DA:503,95
DA:504,95
DA:505,95
DA:506,95
DA:507,95
DA:509,95
DA:511,95
DA:512,95
DA:513,95
DA:514,95
DA:515,95
DA:517,95
DA:518,95
DA:528,1
DA:529,1
DA:530,1
DA:531,1
DA:532,1
DA:533,1
DA:534,1
DA:542,9174
DA:543,9174
DA:544,9174
DA:545,9174
DA:546,9174
DA:547,9174
DA:548,9174
DA:549,9174
DA:550,9174
DA:551,9174
DA:552,9174
DA:553,9174
DA:554,9174
DA:555,9174
DA:556,9174
DA:557,9174
DA:558,5
DA:560,9169
DA:562,9174
DA:563,9174
DA:564,9174
DA:565,9174
BRF:0
BRH:0
LF:313
LH:305
end_of_record
