Filename                        Regions    Missed Regions     Cover   Functions  Missed Functions  Executed       Lines      Missed Lines     Cover    Branches   Missed Branches     Cover
-------------------------------------------------------------------------------------------------------------------------------------------------------------------------------------------------------------------------------------
rge\src\lib.rs                        1                 0   100.00%           1                 0   100.00%           1                 0   100.00%           0                 0         -
wyn\src\common\tasks.rs              58                14    75.86%          25                 4    84.00%         123                21    82.93%           0                 0         -
wyn\src\common\types.rs              18                 3    83.33%          15                 3    80.00%          24                 3    87.50%           0                 0         -
wyn\src\lib.rs                        1                 0   100.00%           1                 0   100.00%           1                 0   100.00%           0                 0         -
wyn\src\win32\errors.rs              29                10    65.52%          15                 1    93.33%         106                10    90.57%           0                 0         -
wyn\src\win32\event_data.rs          38                 4    89.47%           7                 0   100.00%          64                 0   100.00%           0                 0         -
wyn\src\win32\event_loop.rs         130                17    86.92%          30                 0   100.00%         379                22    94.20%           0                 0         -
wyn\src\win32\inputs.rs              35                 5    85.71%          26                 4    84.62%          88                 5    94.32%           0                 0         -
wyn\src\win32\screen.rs              18                 3    83.33%           7                 0   100.00%          55                 2    96.36%           0                 0         -
wyn\src\win32\types.rs                6                 0   100.00%           6                 0   100.00%          41                 0   100.00%           0                 0         -
wyn\src\win32\window.rs             157                19    87.90%          42                 2    95.24%         281                 5    98.22%           0                 0         -
-------------------------------------------------------------------------------------------------------------------------------------------------------------------------------------------------------------------------------------
TOTAL                               491                75    84.73%         175                14    92.00%        1163                68    94.15%           0                 0         -
